Log file open, 08/11/19 17:57:25
LogWindows: Failed to load 'aqProf.dll' (GetLastError=126)
LogWindows: File 'aqProf.dll' does not exist
LogWindows: Failed to load 'VtuneApi.dll' (GetLastError=126)
LogWindows: File 'VtuneApi.dll' does not exist
LogWindows: Failed to load 'VtuneApi32e.dll' (GetLastError=126)
LogWindows: File 'VtuneApi32e.dll' does not exist
LogConsoleResponse: Display: Failed to find resolution value strings in scalability ini. Falling back to default.
LogInit: Display: Running engine for game: Sultus
LogPakFile: Registered encryption key '00000000000000000000000000000000': 0 pak files mounted, 0 remain pending
LogPlatformFile: Not using cached read wrapper
LogTaskGraph: Started task graph with 5 named threads and 23 total threads with 3 sets of task threads.
LogStats: Stats thread started at 0.310990
LogD3D11RHI: Loaded GFSDK_Aftermath_Lib.x64.dll
LogICUInternationalization: ICU TimeZone Detection - Raw Offset: -6:00, Platform Override: ''
LogPluginManager: Mounting plugin Paper2D
LogPluginManager: Mounting plugin AISupport
LogPluginManager: Mounting plugin LightPropagationVolume
LogPluginManager: Mounting plugin ActorLayerUtilities
LogPluginManager: Mounting plugin AnimationSharing
LogPluginManager: Mounting plugin CLionSourceCodeAccess
LogPluginManager: Mounting plugin CodeLiteSourceCodeAccess
LogPluginManager: Mounting plugin GitSourceControl
LogPluginManager: Mounting plugin KDevelopSourceCodeAccess
LogPluginManager: Mounting plugin NullSourceCodeAccess
LogPluginManager: Mounting plugin PerforceSourceControl
LogPluginManager: Mounting plugin SubversionSourceControl
LogPluginManager: Mounting plugin UObjectPlugin
LogPluginManager: Mounting plugin VisualStudioCodeSourceCodeAccess
LogPluginManager: Mounting plugin VisualStudioSourceCodeAccess
LogPluginManager: Mounting plugin XCodeSourceCodeAccess
LogPluginManager: Mounting plugin AssetManagerEditor
LogPluginManager: Mounting plugin CryptoKeys
LogPluginManager: Mounting plugin DataValidation
LogPluginManager: Mounting plugin FacialAnimation
LogPluginManager: Mounting plugin GameplayTagsEditor
LogPluginManager: Mounting plugin MacGraphicsSwitching
LogPluginManager: Mounting plugin MaterialAnalyzer
LogPluginManager: Mounting plugin MobileLauncherProfileWizard
LogPluginManager: Mounting plugin PluginBrowser
LogPluginManager: Mounting plugin SpeedTreeImporter
LogPluginManager: Mounting plugin DatasmithContent
LogPluginManager: Mounting plugin VariantManagerContent
LogPluginManager: Mounting plugin AlembicImporter
LogPluginManager: Mounting plugin AppleImageUtils
LogPluginManager: Mounting plugin AppleVision
LogPluginManager: Mounting plugin BackChannel
LogPluginManager: Mounting plugin CharacterAI
LogPluginManager: Mounting plugin GeometryCache
LogPluginManager: Mounting plugin HTML5Networking
LogPluginManager: Mounting plugin ProxyLODPlugin
LogPluginManager: Mounting plugin SkeletalReduction
LogPluginManager: Mounting plugin MagicLeap
LogPluginManager: Mounting plugin MagicLeapMedia
LogPluginManager: Mounting plugin AndroidMedia
LogPluginManager: Mounting plugin AvfMedia
LogPluginManager: Mounting plugin ImgMedia
LogPluginManager: Mounting plugin LinearTimecode
LogPluginManager: Mounting plugin MediaCompositing
LogPluginManager: Mounting plugin MediaPlayerEditor
LogPluginManager: Mounting plugin WebMMedia
LogPluginManager: Mounting plugin WmfMedia
LogPluginManager: Mounting plugin TcpMessaging
LogPluginManager: Mounting plugin UdpMessaging
LogPluginManager: Mounting plugin ActorSequence
LogPluginManager: Mounting plugin LevelSequenceEditor
LogPluginManager: Mounting plugin MatineeToLevelSequence
LogPluginManager: Mounting plugin NetcodeUnitTest
LogPluginManager: Mounting plugin NUTUnrealEngine4
LogPluginManager: Mounting plugin OnlineSubsystemGooglePlay
LogPluginManager: Mounting plugin OnlineSubsystemIOS
LogPluginManager: Mounting plugin OnlineSubsystem
LogPluginManager: Mounting plugin OnlineSubsystemNull
LogPluginManager: Mounting plugin OnlineSubsystemUtils
LogPluginManager: Mounting plugin LauncherChunkInstaller
LogPluginManager: Mounting plugin AndroidDeviceProfileSelector
LogPluginManager: Mounting plugin AndroidMoviePlayer
LogPluginManager: Mounting plugin AndroidPermission
LogPluginManager: Mounting plugin AppleMoviePlayer
LogPluginManager: Mounting plugin ArchVisCharacter
LogPluginManager: Mounting plugin AudioCapture
LogPluginManager: Mounting plugin CableComponent
LogPluginManager: Mounting plugin CustomMeshComponent
LogPluginManager: Mounting plugin EditableMesh
LogPluginManager: Mounting plugin ExampleDeviceProfileSelector
LogPluginManager: Mounting plugin Firebase
LogPluginManager: Mounting plugin GoogleCloudMessaging
LogPluginManager: Mounting plugin IOSDeviceProfileSelector
LogPluginManager: Mounting plugin LinuxDeviceProfileSelector
LogPluginManager: Mounting plugin LocationServicesBPLibrary
LogPluginManager: Mounting plugin MobilePatchingUtils
LogPluginManager: Mounting plugin OculusVR
LogPluginManager: Mounting plugin PhysXVehicles
LogPluginManager: Mounting plugin ProceduralMeshComponent
LogPluginManager: Mounting plugin RuntimePhysXCooking
LogPluginManager: Mounting plugin SignificanceManager
LogPluginManager: Mounting plugin SteamVR
LogPluginManager: Mounting plugin WebMMoviePlayer
LogPluginManager: Mounting plugin WindowsMoviePlayer
LogInit: Using libcurl 7.55.1-DEV
LogInit:  - built for x86_64-pc-win32
LogInit:  - supports SSL with OpenSSL/1.1.1
LogInit:  - supports HTTP deflate (compression) using libz 1.2.8
LogInit:  - other features:
LogInit:      CURL_VERSION_SSL
LogInit:      CURL_VERSION_LIBZ
LogInit:      CURL_VERSION_IPV6
LogInit:      CURL_VERSION_ASYNCHDNS
LogInit:      CURL_VERSION_LARGEFILE
LogInit:      CURL_VERSION_IDN
LogInit:  CurlRequestOptions (configurable via config and command line):
LogInit:  - bVerifyPeer = true  - Libcurl will verify peer certificate
LogInit:  - bUseHttpProxy = false  - Libcurl will NOT use HTTP proxy
LogInit:  - bDontReuseConnections = false  - Libcurl will reuse connections
LogInit:  - MaxHostConnections = 16  - Libcurl will limit the number of connections to a host
LogInit:  - LocalHostAddr = Default
LogInit:  - BufferSize = 65536
LogInit: WinSock: version 1.1 (2.2), MaxSocks=32767, MaxUdp=65467
LogInit: Build: ++UE4+Release-4.22-CL-7053642
LogInit: Engine Version: 4.22.3-7053642+++UE4+Release-4.22
LogInit: Compatible Engine Version: 4.22.0-5660361+++UE4+Release-4.22
LogInit: Net CL: 5660361
LogInit: OS: Windows 10 (Release 1903) (), CPU: AMD FX(tm)-8350 Eight-Core Processor           , GPU: NVIDIA GeForce GTX 1060 6GB
LogInit: Compiled (64-bit): Jun 18 2019 03:09:11
LogInit: Compiled with Visual C++: 19.16.27025.01
LogInit: Build Configuration: Development
LogInit: Branch Name: ++UE4+Release-4.22
LogInit: Command Line: 
LogInit: Base Directory: D:/Epic Games/UE_4.22/Engine/Binaries/Win64/
LogInit: Installed Engine Build: 1
LogDevObjectVersion: Number of dev versions registered: 23
LogDevObjectVersion:   Dev-Blueprints (B0D832E4-1F89-4F0D-ACCF-7EB736FD4AA2): 10
LogDevObjectVersion:   Dev-Build (E1C64328-A22C-4D53-A36C-8E866417BD8C): 0
LogDevObjectVersion:   Dev-Core (375EC13C-06E4-48FB-B500-84F0262A717E): 3
LogDevObjectVersion:   Dev-Editor (E4B068ED-F494-42E9-A231-DA0B2E46BB41): 30
LogDevObjectVersion:   Dev-Framework (CFFC743F-43B0-4480-9391-14DF171D2073): 35
LogDevObjectVersion:   Dev-Mobile (B02B49B5-BB20-44E9-A304-32B752E40360): 2
LogDevObjectVersion:   Dev-Networking (A4E4105C-59A1-49B5-A7C5-40C4547EDFEE): 0
LogDevObjectVersion:   Dev-Online (39C831C9-5AE6-47DC-9A44-9C173E1C8E7C): 0
LogDevObjectVersion:   Dev-Physics (78F01B33-EBEA-4F98-B9B4-84EACCB95AA2): 0
LogDevObjectVersion:   Dev-Platform (6631380F-2D4D-43E0-8009-CF276956A95A): 0
LogDevObjectVersion:   Dev-Rendering (12F88B9F-8875-4AFC-A67C-D90C383ABD29): 28
LogDevObjectVersion:   Dev-Sequencer (7B5AE74C-D270-4C10-A958-57980B212A5A): 11
LogDevObjectVersion:   Dev-VR (D7296918-1DD6-4BDD-9DE2-64A83CC13884): 2
LogDevObjectVersion:   Dev-LoadTimes (C2A15278-BFE7-4AFE-6C17-90FF531DF755): 1
LogDevObjectVersion:   Private-Geometry (6EACA3D4-40EC-4CC1-B786-8BED09428FC5): 3
LogDevObjectVersion:   Dev-AnimPhys (29E575DD-E0A3-4627-9D10-D276232CDCEA): 17
LogDevObjectVersion:   Dev-Anim (AF43A65D-7FD3-4947-9873-3E8ED9C1BB05): 2
LogDevObjectVersion:   Dev-ReflectionCapture (6B266CEC-1EC7-4B8F-A30B-E4D90942FC07): 1
LogDevObjectVersion:   Dev-Automation (0DF73D61-A23F-47EA-B727-89E90C41499A): 1
LogDevObjectVersion:   FortniteMain (601D1886-AC64-4F84-AA16-D3DE0DEAC7D6): 25
LogDevObjectVersion:   Dev-Enterprise (9DFFBCD6-494F-0158-E221-12823C92A888): 6
LogDevObjectVersion:   Dev-Niagara (F2AED0AC-9AFE-416F-8664-AA7FFA26D6FC): 1
LogDevObjectVersion:   Dev-Destruction (174F1F0B-B4C6-45A5-B13F-2EE8D0FB917D): 2
LogInit: Presizing for max 16777216 objects, including 0 objects not considered by GC, pre-allocating 0 bytes for permanent pool.
LogInit: Object subsystem initialized
LogConfig: Setting CVar [[con.DebugEarlyDefault:1]]
LogConfig: Setting CVar [[r.setres:1280x720]]
[2019.08.11-22.57.25:656][  0]LogConfig: Setting CVar [[r.VSync:0]]
[2019.08.11-22.57.25:656][  0]LogConfig: Setting CVar [[r.RHICmdBypass:0]]
[2019.08.11-22.57.25:656][  0]LogConfig: Applying CVar settings from Section [/Script/Engine.RendererSettings] File [C:/Users/bjlin/source/repos/bjlinnertz/sultus/src/Sultus/Saved/Config/Windows/Engine.ini]
[2019.08.11-22.57.25:656][  0]LogConfig: Setting CVar [[r.GPUCrashDebugging:0]]
[2019.08.11-22.57.25:656][  0]LogConfig: Applying CVar settings from Section [/Script/Engine.RendererOverrideSettings] File [C:/Users/bjlin/source/repos/bjlinnertz/sultus/src/Sultus/Saved/Config/Windows/Engine.ini]
[2019.08.11-22.57.25:656][  0]LogConfig: Applying CVar settings from Section [/Script/Engine.StreamingSettings] File [C:/Users/bjlin/source/repos/bjlinnertz/sultus/src/Sultus/Saved/Config/Windows/Engine.ini]
[2019.08.11-22.57.25:656][  0]LogConfig: Setting CVar [[s.MinBulkDataSizeForAsyncLoading:131072]]
[2019.08.11-22.57.25:656][  0]LogConfig: Setting CVar [[s.AsyncLoadingThreadEnabled:0]]
[2019.08.11-22.57.25:656][  0]LogConfig: Setting CVar [[s.EventDrivenLoaderEnabled:1]]
[2019.08.11-22.57.25:656][  0]LogConfig: Setting CVar [[s.WarnIfTimeLimitExceeded:0]]
[2019.08.11-22.57.25:656][  0]LogConfig: Setting CVar [[s.TimeLimitExceededMultiplier:1.5]]
[2019.08.11-22.57.25:656][  0]LogConfig: Setting CVar [[s.TimeLimitExceededMinTime:0.005]]
[2019.08.11-22.57.25:656][  0]LogConfig: Setting CVar [[s.UseBackgroundLevelStreaming:1]]
[2019.08.11-22.57.25:656][  0]LogConfig: Setting CVar [[s.PriorityAsyncLoadingExtraTime:15.0]]
[2019.08.11-22.57.25:656][  0]LogConfig: Setting CVar [[s.LevelStreamingActorsUpdateTimeLimit:5.0]]
[2019.08.11-22.57.25:656][  0]LogConfig: Setting CVar [[s.PriorityLevelStreamingActorsUpdateExtraTime:5.0]]
[2019.08.11-22.57.25:656][  0]LogConfig: Setting CVar [[s.LevelStreamingComponentsRegistrationGranularity:10]]
[2019.08.11-22.57.25:656][  0]LogConfig: Setting CVar [[s.UnregisterComponentsTimeLimit:1.0]]
[2019.08.11-22.57.25:656][  0]LogConfig: Setting CVar [[s.LevelStreamingComponentsUnregistrationGranularity:5]]
[2019.08.11-22.57.25:656][  0]LogConfig: Applying CVar settings from Section [/Script/Engine.GarbageCollectionSettings] File [C:/Users/bjlin/source/repos/bjlinnertz/sultus/src/Sultus/Saved/Config/Windows/Engine.ini]
[2019.08.11-22.57.25:656][  0]LogConfig: Setting CVar [[gc.MaxObjectsNotConsideredByGC:1]]
[2019.08.11-22.57.25:656][  0]LogConfig: Setting CVar [[gc.SizeOfPermanentObjectPool:0]]
[2019.08.11-22.57.25:656][  0]LogConfig: Setting CVar [[gc.FlushStreamingOnGC:0]]
[2019.08.11-22.57.25:656][  0]LogConfig: Setting CVar [[gc.NumRetriesBeforeForcingGC:10]]
[2019.08.11-22.57.25:656][  0]LogConfig: Setting CVar [[gc.AllowParallelGC:1]]
[2019.08.11-22.57.25:656][  0]LogConfig: Setting CVar [[gc.TimeBetweenPurgingPendingKillObjects:61.1]]
[2019.08.11-22.57.25:656][  0]LogConfig: Setting CVar [[gc.MaxObjectsInEditor:16777216]]
[2019.08.11-22.57.25:656][  0]LogConfig: Setting CVar [[gc.IncrementalBeginDestroyEnabled:1]]
[2019.08.11-22.57.25:656][  0]LogConfig: Setting CVar [[gc.CreateGCClusters:1]]
[2019.08.11-22.57.25:656][  0]LogConfig: Setting CVar [[gc.MinGCClusterSize:5]]
[2019.08.11-22.57.25:656][  0]LogConfig: Setting CVar [[gc.ActorClusteringEnabled:0]]
[2019.08.11-22.57.25:656][  0]LogConfig: Setting CVar [[gc.BlueprintClusteringEnabled:0]]
[2019.08.11-22.57.25:656][  0]LogConfig: Setting CVar [[gc.UseDisregardForGCOnDedicatedServers:0]]
[2019.08.11-22.57.25:656][  0]LogConfig: Applying CVar settings from Section [/Script/Engine.NetworkSettings] File [C:/Users/bjlin/source/repos/bjlinnertz/sultus/src/Sultus/Saved/Config/Windows/Engine.ini]
[2019.08.11-22.57.25:656][  0]LogConfig: Applying CVar settings from Section [/Script/UnrealEd.CookerSettings] File [C:/Users/bjlin/source/repos/bjlinnertz/sultus/src/Sultus/Saved/Config/Windows/Engine.ini]
[2019.08.11-22.57.25:684][  0]LogConfig: Applying CVar settings from Section [ViewDistanceQuality@3] File [C:/Users/bjlin/source/repos/bjlinnertz/sultus/src/Sultus/Saved/Config/Windows/Scalability.ini]
[2019.08.11-22.57.25:684][  0]LogConfig: Setting CVar [[r.SkeletalMeshLODBias:0]]
[2019.08.11-22.57.25:684][  0]LogConfig: Setting CVar [[r.ViewDistanceScale:1.0]]
[2019.08.11-22.57.25:685][  0]LogConfig: Applying CVar settings from Section [AntiAliasingQuality@3] File [C:/Users/bjlin/source/repos/bjlinnertz/sultus/src/Sultus/Saved/Config/Windows/Scalability.ini]
[2019.08.11-22.57.25:685][  0]LogConfig: Setting CVar [[r.PostProcessAAQuality:4]]
[2019.08.11-22.57.25:685][  0]LogConfig: Applying CVar settings from Section [ShadowQuality@3] File [C:/Users/bjlin/source/repos/bjlinnertz/sultus/src/Sultus/Saved/Config/Windows/Scalability.ini]
[2019.08.11-22.57.25:685][  0]LogConfig: Setting CVar [[r.LightFunctionQuality:1]]
[2019.08.11-22.57.25:685][  0]LogConfig: Setting CVar [[r.ShadowQuality:5]]
[2019.08.11-22.57.25:685][  0]LogConfig: Setting CVar [[r.Shadow.CSM.MaxCascades:10]]
[2019.08.11-22.57.25:685][  0]LogConfig: Setting CVar [[r.Shadow.MaxResolution:2048]]
[2019.08.11-22.57.25:685][  0]LogConfig: Setting CVar [[r.Shadow.MaxCSMResolution:2048]]
[2019.08.11-22.57.25:685][  0]LogConfig: Setting CVar [[r.Shadow.RadiusThreshold:0.01]]
[2019.08.11-22.57.25:685][  0]LogConfig: Setting CVar [[r.Shadow.DistanceScale:1.0]]
[2019.08.11-22.57.25:685][  0]LogConfig: Setting CVar [[r.Shadow.CSM.TransitionScale:1.0]]
[2019.08.11-22.57.25:685][  0]LogConfig: Setting CVar [[r.Shadow.PreShadowResolutionFactor:1.0]]
[2019.08.11-22.57.25:685][  0]LogConfig: Setting CVar [[r.DistanceFieldShadowing:1]]
[2019.08.11-22.57.25:685][  0]LogConfig: Setting CVar [[r.DistanceFieldAO:1]]
[2019.08.11-22.57.25:685][  0]LogConfig: Setting CVar [[r.AOQuality:2]]
[2019.08.11-22.57.25:685][  0]LogConfig: Setting CVar [[r.VolumetricFog:1]]
[2019.08.11-22.57.25:685][  0]LogConfig: Setting CVar [[r.VolumetricFog.GridPixelSize:8]]
[2019.08.11-22.57.25:685][  0]LogConfig: Setting CVar [[r.VolumetricFog.GridSizeZ:128]]
[2019.08.11-22.57.25:685][  0]LogConfig: Setting CVar [[r.VolumetricFog.HistoryMissSupersampleCount:4]]
[2019.08.11-22.57.25:685][  0]LogConfig: Setting CVar [[r.LightMaxDrawDistanceScale:1]]
[2019.08.11-22.57.25:685][  0]LogConfig: Setting CVar [[r.CapsuleShadows:1]]
[2019.08.11-22.57.25:685][  0]LogConfig: Applying CVar settings from Section [PostProcessQuality@3] File [C:/Users/bjlin/source/repos/bjlinnertz/sultus/src/Sultus/Saved/Config/Windows/Scalability.ini]
[2019.08.11-22.57.25:685][  0]LogConfig: Setting CVar [[r.MotionBlurQuality:4]]
[2019.08.11-22.57.25:685][  0]LogConfig: Setting CVar [[r.AmbientOcclusionMipLevelFactor:0.4]]
[2019.08.11-22.57.25:685][  0]LogConfig: Setting CVar [[r.AmbientOcclusionMaxQuality:100]]
[2019.08.11-22.57.25:685][  0]LogConfig: Setting CVar [[r.AmbientOcclusionLevels:-1]]
[2019.08.11-22.57.25:685][  0]LogConfig: Setting CVar [[r.AmbientOcclusionRadiusScale:1.0]]
[2019.08.11-22.57.25:685][  0]LogConfig: Setting CVar [[r.DepthOfFieldQuality:2]]
[2019.08.11-22.57.25:685][  0]LogConfig: Setting CVar [[r.RenderTargetPoolMin:400]]
[2019.08.11-22.57.25:685][  0]LogConfig: Setting CVar [[r.LensFlareQuality:2]]
[2019.08.11-22.57.25:685][  0]LogConfig: Setting CVar [[r.SceneColorFringeQuality:1]]
[2019.08.11-22.57.25:685][  0]LogConfig: Setting CVar [[r.EyeAdaptationQuality:2]]
[2019.08.11-22.57.25:685][  0]LogConfig: Setting CVar [[r.BloomQuality:5]]
[2019.08.11-22.57.25:685][  0]LogConfig: Setting CVar [[r.FastBlurThreshold:100]]
[2019.08.11-22.57.25:685][  0]LogConfig: Setting CVar [[r.Upscale.Quality:3]]
[2019.08.11-22.57.25:685][  0]LogConfig: Setting CVar [[r.Tonemapper.GrainQuantization:1]]
[2019.08.11-22.57.25:685][  0]LogConfig: Setting CVar [[r.LightShaftQuality:1]]
[2019.08.11-22.57.25:686][  0]LogConfig: Setting CVar [[r.Filter.SizeScale:1]]
[2019.08.11-22.57.25:686][  0]LogConfig: Setting CVar [[r.Tonemapper.Quality:5]]
[2019.08.11-22.57.25:686][  0]LogConfig: Setting CVar [[r.DOF.Gather.AccumulatorQuality:1        ; higher gathering accumulator quality]]
[2019.08.11-22.57.25:686][  0]LogConfig: Setting CVar [[r.DOF.Gather.PostfilterMethod:1          ; Median3x3 postfilering method]]
[2019.08.11-22.57.25:686][  0]LogConfig: Setting CVar [[r.DOF.Gather.EnableBokehSettings:0       ; no bokeh simulation when gathering]]
[2019.08.11-22.57.25:686][  0]LogConfig: Setting CVar [[r.DOF.Gather.RingCount:4                 ; medium number of samples when gathering]]
[2019.08.11-22.57.25:686][  0]LogConfig: Setting CVar [[r.DOF.Scatter.ForegroundCompositing:1    ; additive foreground scattering]]
[2019.08.11-22.57.25:686][  0]LogConfig: Setting CVar [[r.DOF.Scatter.BackgroundCompositing:2    ; additive background scattering]]
[2019.08.11-22.57.25:686][  0]LogConfig: Setting CVar [[r.DOF.Scatter.EnableBokehSettings:1      ; bokeh simulation when scattering]]
[2019.08.11-22.57.25:686][  0]LogConfig: Setting CVar [[r.DOF.Scatter.MaxSpriteRatio:0.1         ; only a maximum of 10% of scattered bokeh]]
[2019.08.11-22.57.25:686][  0]LogConfig: Setting CVar [[r.DOF.Recombine.Quality:1                ; cheap slight out of focus]]
[2019.08.11-22.57.25:686][  0]LogConfig: Setting CVar [[r.DOF.Recombine.EnableBokehSettings:0    ; no bokeh simulation on slight out of focus]]
[2019.08.11-22.57.25:686][  0]LogConfig: Setting CVar [[r.DOF.TemporalAAQuality:1                ; more stable temporal accumulation]]
[2019.08.11-22.57.25:686][  0]LogConfig: Setting CVar [[r.DOF.Kernel.MaxForegroundRadius:0.025]]
[2019.08.11-22.57.25:686][  0]LogConfig: Setting CVar [[r.DOF.Kernel.MaxBackgroundRadius:0.025]]
[2019.08.11-22.57.25:686][  0]LogConfig: Applying CVar settings from Section [TextureQuality@3] File [C:/Users/bjlin/source/repos/bjlinnertz/sultus/src/Sultus/Saved/Config/Windows/Scalability.ini]
[2019.08.11-22.57.25:686][  0]LogConfig: Setting CVar [[r.Streaming.MipBias:0]]
[2019.08.11-22.57.25:686][  0]LogConfig: Setting CVar [[r.Streaming.AmortizeCPUToGPUCopy:0]]
[2019.08.11-22.57.25:686][  0]LogConfig: Setting CVar [[r.Streaming.MaxNumTexturesToStreamPerFrame:0]]
[2019.08.11-22.57.25:686][  0]LogConfig: Setting CVar [[r.Streaming.Boost:1]]
[2019.08.11-22.57.25:686][  0]LogConfig: Setting CVar [[r.MaxAnisotropy:8]]
[2019.08.11-22.57.25:686][  0]LogConfig: Setting CVar [[r.Streaming.LimitPoolSizeToVRAM:0]]
[2019.08.11-22.57.25:686][  0]LogConfig: Setting CVar [[r.Streaming.PoolSize:1000]]
[2019.08.11-22.57.25:686][  0]LogConfig: Setting CVar [[r.Streaming.MaxEffectiveScreenSize:0]]
[2019.08.11-22.57.25:686][  0]LogConfig: Applying CVar settings from Section [EffectsQuality@3] File [C:/Users/bjlin/source/repos/bjlinnertz/sultus/src/Sultus/Saved/Config/Windows/Scalability.ini]
[2019.08.11-22.57.25:686][  0]LogConfig: Setting CVar [[r.TranslucencyLightingVolumeDim:64]]
[2019.08.11-22.57.25:686][  0]LogConfig: Setting CVar [[r.RefractionQuality:2]]
[2019.08.11-22.57.25:686][  0]LogConfig: Setting CVar [[r.SSR.Quality:3]]
[2019.08.11-22.57.25:686][  0]LogConfig: Setting CVar [[r.SceneColorFormat:4]]
[2019.08.11-22.57.25:686][  0]LogConfig: Setting CVar [[r.DetailMode:2]]
[2019.08.11-22.57.25:686][  0]LogConfig: Setting CVar [[r.TranslucencyVolumeBlur:1]]
[2019.08.11-22.57.25:686][  0]LogConfig: Setting CVar [[r.MaterialQualityLevel:1 ; High quality]]
[2019.08.11-22.57.25:686][  0]LogConfig: Setting CVar [[r.SSS.Scale:1]]
[2019.08.11-22.57.25:686][  0]LogConfig: Setting CVar [[r.SSS.SampleSet:2]]
[2019.08.11-22.57.25:686][  0]LogConfig: Setting CVar [[r.SSS.Quality:1]]
[2019.08.11-22.57.25:686][  0]LogConfig: Setting CVar [[r.SSS.HalfRes:1]]
[2019.08.11-22.57.25:686][  0]LogConfig: Setting CVar [[r.EmitterSpawnRateScale:1.0]]
[2019.08.11-22.57.25:686][  0]LogConfig: Setting CVar [[r.ParticleLightQuality:2]]
[2019.08.11-22.57.25:686][  0]LogConfig: Applying CVar settings from Section [FoliageQuality@3] File [C:/Users/bjlin/source/repos/bjlinnertz/sultus/src/Sultus/Saved/Config/Windows/Scalability.ini]
[2019.08.11-22.57.25:686][  0]LogConfig: Setting CVar [[foliage.DensityScale:1.0]]
[2019.08.11-22.57.25:686][  0]LogConfig: Setting CVar [[grass.DensityScale:1.0]]
[2019.08.11-22.57.25:687][  0]LogInit: Selected Device Profile: [Windows]
[2019.08.11-22.57.25:687][  0]LogInit: Applying CVar settings loaded from the selected device profile: [Windows]
[2019.08.11-22.57.25:704][  0]LogHAL: Display: Platform has ~ 16 GB [17074491392 / 17179869184 / 16], which maps to Larger [LargestMinGB=32, LargerMinGB=12, DefaultMinGB=8, SmallerMinGB=6, SmallestMinGB=0)
[2019.08.11-22.57.25:704][  0]LogConfig: Setting CVar [[r.Vulkan.UseRealUBs:0		; Required until we fix HLR fall-out]]
[2019.08.11-22.57.25:704][  0]LogInit: Going up to parent DeviceProfile []
[2019.08.11-22.57.25:704][  0]LogConfig: Applying CVar settings from Section [ViewDistanceQuality@3] File [C:/Users/bjlin/source/repos/bjlinnertz/sultus/src/Sultus/Saved/Config/Windows/Scalability.ini]
[2019.08.11-22.57.25:704][  0]LogConfig: Setting CVar [[r.SkeletalMeshLODBias:0]]
[2019.08.11-22.57.25:704][  0]LogConfig: Setting CVar [[r.ViewDistanceScale:1.0]]
[2019.08.11-22.57.25:704][  0]LogConfig: Applying CVar settings from Section [AntiAliasingQuality@3] File [C:/Users/bjlin/source/repos/bjlinnertz/sultus/src/Sultus/Saved/Config/Windows/Scalability.ini]
[2019.08.11-22.57.25:704][  0]LogConfig: Setting CVar [[r.PostProcessAAQuality:4]]
[2019.08.11-22.57.25:704][  0]LogConfig: Applying CVar settings from Section [ShadowQuality@3] File [C:/Users/bjlin/source/repos/bjlinnertz/sultus/src/Sultus/Saved/Config/Windows/Scalability.ini]
[2019.08.11-22.57.25:704][  0]LogConfig: Setting CVar [[r.LightFunctionQuality:1]]
[2019.08.11-22.57.25:704][  0]LogConfig: Setting CVar [[r.ShadowQuality:5]]
[2019.08.11-22.57.25:704][  0]LogConfig: Setting CVar [[r.Shadow.CSM.MaxCascades:10]]
[2019.08.11-22.57.25:704][  0]LogConfig: Setting CVar [[r.Shadow.MaxResolution:2048]]
[2019.08.11-22.57.25:704][  0]LogConfig: Setting CVar [[r.Shadow.MaxCSMResolution:2048]]
[2019.08.11-22.57.25:704][  0]LogConfig: Setting CVar [[r.Shadow.RadiusThreshold:0.01]]
[2019.08.11-22.57.25:704][  0]LogConfig: Setting CVar [[r.Shadow.DistanceScale:1.0]]
[2019.08.11-22.57.25:704][  0]LogConfig: Setting CVar [[r.Shadow.CSM.TransitionScale:1.0]]
[2019.08.11-22.57.25:704][  0]LogConfig: Setting CVar [[r.Shadow.PreShadowResolutionFactor:1.0]]
[2019.08.11-22.57.25:704][  0]LogConfig: Setting CVar [[r.DistanceFieldShadowing:1]]
[2019.08.11-22.57.25:704][  0]LogConfig: Setting CVar [[r.DistanceFieldAO:1]]
[2019.08.11-22.57.25:704][  0]LogConfig: Setting CVar [[r.AOQuality:2]]
[2019.08.11-22.57.25:704][  0]LogConfig: Setting CVar [[r.VolumetricFog:1]]
[2019.08.11-22.57.25:704][  0]LogConfig: Setting CVar [[r.VolumetricFog.GridPixelSize:8]]
[2019.08.11-22.57.25:704][  0]LogConfig: Setting CVar [[r.VolumetricFog.GridSizeZ:128]]
[2019.08.11-22.57.25:704][  0]LogConfig: Setting CVar [[r.VolumetricFog.HistoryMissSupersampleCount:4]]
[2019.08.11-22.57.25:704][  0]LogConfig: Setting CVar [[r.LightMaxDrawDistanceScale:1]]
[2019.08.11-22.57.25:704][  0]LogConfig: Setting CVar [[r.CapsuleShadows:1]]
[2019.08.11-22.57.25:704][  0]LogConfig: Applying CVar settings from Section [PostProcessQuality@3] File [C:/Users/bjlin/source/repos/bjlinnertz/sultus/src/Sultus/Saved/Config/Windows/Scalability.ini]
[2019.08.11-22.57.25:704][  0]LogConfig: Setting CVar [[r.MotionBlurQuality:4]]
[2019.08.11-22.57.25:704][  0]LogConfig: Setting CVar [[r.AmbientOcclusionMipLevelFactor:0.4]]
[2019.08.11-22.57.25:704][  0]LogConfig: Setting CVar [[r.AmbientOcclusionMaxQuality:100]]
[2019.08.11-22.57.25:704][  0]LogConfig: Setting CVar [[r.AmbientOcclusionLevels:-1]]
[2019.08.11-22.57.25:704][  0]LogConfig: Setting CVar [[r.AmbientOcclusionRadiusScale:1.0]]
[2019.08.11-22.57.25:704][  0]LogConfig: Setting CVar [[r.DepthOfFieldQuality:2]]
[2019.08.11-22.57.25:704][  0]LogConfig: Setting CVar [[r.RenderTargetPoolMin:400]]
[2019.08.11-22.57.25:704][  0]LogConfig: Setting CVar [[r.LensFlareQuality:2]]
[2019.08.11-22.57.25:704][  0]LogConfig: Setting CVar [[r.SceneColorFringeQuality:1]]
[2019.08.11-22.57.25:704][  0]LogConfig: Setting CVar [[r.EyeAdaptationQuality:2]]
[2019.08.11-22.57.25:705][  0]LogConfig: Setting CVar [[r.BloomQuality:5]]
[2019.08.11-22.57.25:705][  0]LogConfig: Setting CVar [[r.FastBlurThreshold:100]]
[2019.08.11-22.57.25:705][  0]LogConfig: Setting CVar [[r.Upscale.Quality:3]]
[2019.08.11-22.57.25:705][  0]LogConfig: Setting CVar [[r.Tonemapper.GrainQuantization:1]]
[2019.08.11-22.57.25:705][  0]LogConfig: Setting CVar [[r.LightShaftQuality:1]]
[2019.08.11-22.57.25:705][  0]LogConfig: Setting CVar [[r.Filter.SizeScale:1]]
[2019.08.11-22.57.25:705][  0]LogConfig: Setting CVar [[r.Tonemapper.Quality:5]]
[2019.08.11-22.57.25:705][  0]LogConfig: Setting CVar [[r.DOF.Gather.AccumulatorQuality:1        ; higher gathering accumulator quality]]
[2019.08.11-22.57.25:705][  0]LogConfig: Setting CVar [[r.DOF.Gather.PostfilterMethod:1          ; Median3x3 postfilering method]]
[2019.08.11-22.57.25:705][  0]LogConfig: Setting CVar [[r.DOF.Gather.EnableBokehSettings:0       ; no bokeh simulation when gathering]]
[2019.08.11-22.57.25:705][  0]LogConfig: Setting CVar [[r.DOF.Gather.RingCount:4                 ; medium number of samples when gathering]]
[2019.08.11-22.57.25:705][  0]LogConfig: Setting CVar [[r.DOF.Scatter.ForegroundCompositing:1    ; additive foreground scattering]]
[2019.08.11-22.57.25:705][  0]LogConfig: Setting CVar [[r.DOF.Scatter.BackgroundCompositing:2    ; additive background scattering]]
[2019.08.11-22.57.25:705][  0]LogConfig: Setting CVar [[r.DOF.Scatter.EnableBokehSettings:1      ; bokeh simulation when scattering]]
[2019.08.11-22.57.25:705][  0]LogConfig: Setting CVar [[r.DOF.Scatter.MaxSpriteRatio:0.1         ; only a maximum of 10% of scattered bokeh]]
[2019.08.11-22.57.25:705][  0]LogConfig: Setting CVar [[r.DOF.Recombine.Quality:1                ; cheap slight out of focus]]
[2019.08.11-22.57.25:705][  0]LogConfig: Setting CVar [[r.DOF.Recombine.EnableBokehSettings:0    ; no bokeh simulation on slight out of focus]]
[2019.08.11-22.57.25:705][  0]LogConfig: Setting CVar [[r.DOF.TemporalAAQuality:1                ; more stable temporal accumulation]]
[2019.08.11-22.57.25:705][  0]LogConfig: Setting CVar [[r.DOF.Kernel.MaxForegroundRadius:0.025]]
[2019.08.11-22.57.25:705][  0]LogConfig: Setting CVar [[r.DOF.Kernel.MaxBackgroundRadius:0.025]]
[2019.08.11-22.57.25:705][  0]LogConfig: Applying CVar settings from Section [TextureQuality@3] File [C:/Users/bjlin/source/repos/bjlinnertz/sultus/src/Sultus/Saved/Config/Windows/Scalability.ini]
[2019.08.11-22.57.25:705][  0]LogConfig: Setting CVar [[r.Streaming.MipBias:0]]
[2019.08.11-22.57.25:705][  0]LogConfig: Setting CVar [[r.Streaming.AmortizeCPUToGPUCopy:0]]
[2019.08.11-22.57.25:705][  0]LogConfig: Setting CVar [[r.Streaming.MaxNumTexturesToStreamPerFrame:0]]
[2019.08.11-22.57.25:705][  0]LogConfig: Setting CVar [[r.Streaming.Boost:1]]
[2019.08.11-22.57.25:705][  0]LogConfig: Setting CVar [[r.MaxAnisotropy:8]]
[2019.08.11-22.57.25:705][  0]LogConfig: Setting CVar [[r.Streaming.LimitPoolSizeToVRAM:0]]
[2019.08.11-22.57.25:705][  0]LogConfig: Setting CVar [[r.Streaming.PoolSize:1000]]
[2019.08.11-22.57.25:705][  0]LogConfig: Setting CVar [[r.Streaming.MaxEffectiveScreenSize:0]]
[2019.08.11-22.57.25:705][  0]LogConfig: Applying CVar settings from Section [EffectsQuality@3] File [C:/Users/bjlin/source/repos/bjlinnertz/sultus/src/Sultus/Saved/Config/Windows/Scalability.ini]
[2019.08.11-22.57.25:705][  0]LogConfig: Setting CVar [[r.TranslucencyLightingVolumeDim:64]]
[2019.08.11-22.57.25:705][  0]LogConfig: Setting CVar [[r.RefractionQuality:2]]
[2019.08.11-22.57.25:705][  0]LogConfig: Setting CVar [[r.SSR.Quality:3]]
[2019.08.11-22.57.25:705][  0]LogConfig: Setting CVar [[r.SceneColorFormat:4]]
[2019.08.11-22.57.25:705][  0]LogConfig: Setting CVar [[r.DetailMode:2]]
[2019.08.11-22.57.25:705][  0]LogConfig: Setting CVar [[r.TranslucencyVolumeBlur:1]]
[2019.08.11-22.57.25:705][  0]LogConfig: Setting CVar [[r.MaterialQualityLevel:1 ; High quality]]
[2019.08.11-22.57.25:705][  0]LogConfig: Setting CVar [[r.SSS.Scale:1]]
[2019.08.11-22.57.25:705][  0]LogConfig: Setting CVar [[r.SSS.SampleSet:2]]
[2019.08.11-22.57.25:705][  0]LogConfig: Setting CVar [[r.SSS.Quality:1]]
[2019.08.11-22.57.25:706][  0]LogConfig: Setting CVar [[r.SSS.HalfRes:1]]
[2019.08.11-22.57.25:706][  0]LogConfig: Setting CVar [[r.EmitterSpawnRateScale:1.0]]
[2019.08.11-22.57.25:706][  0]LogConfig: Setting CVar [[r.ParticleLightQuality:2]]
[2019.08.11-22.57.25:706][  0]LogConfig: Applying CVar settings from Section [FoliageQuality@3] File [C:/Users/bjlin/source/repos/bjlinnertz/sultus/src/Sultus/Saved/Config/Windows/Scalability.ini]
[2019.08.11-22.57.25:706][  0]LogConfig: Setting CVar [[foliage.DensityScale:1.0]]
[2019.08.11-22.57.25:706][  0]LogConfig: Setting CVar [[grass.DensityScale:1.0]]
[2019.08.11-22.57.25:706][  0]LogConfig: Applying CVar settings from Section [Startup] File [../../../Engine/Config/ConsoleVariables.ini]
[2019.08.11-22.57.25:706][  0]LogConfig: Setting CVar [[net.UseAdaptiveNetUpdateFrequency:0]]
[2019.08.11-22.57.25:706][  0]LogConfig: Setting CVar [[p.chaos.AllowCreatePhysxBodies:1]]
[2019.08.11-22.57.25:706][  0]LogConfig: Applying CVar settings from Section [ConsoleVariables] File [C:/Users/bjlin/source/repos/bjlinnertz/sultus/src/Sultus/Saved/Config/Windows/Engine.ini]
[2019.08.11-22.57.25:706][  0]LogInit: Computer: BENSDESKTOP
[2019.08.11-22.57.25:706][  0]LogInit: User: bjlin
[2019.08.11-22.57.25:706][  0]LogInit: CPU Page size=4096, Cores=4
[2019.08.11-22.57.25:706][  0]LogInit: High frequency timer resolution =10.000000 MHz
[2019.08.11-22.57.25:707][  0]LogMemory: Memory total: Physical=15.9GB (16GB approx)
[2019.08.11-22.57.25:707][  0]LogMemory: Platform Memory Stats for Windows
[2019.08.11-22.57.25:707][  0]LogMemory: Process Physical Memory: 97.14 MB used, 97.15 MB peak
[2019.08.11-22.57.25:707][  0]LogMemory: Process Virtual Memory: 92.17 MB used, 92.17 MB peak
[2019.08.11-22.57.25:707][  0]LogMemory: Physical Memory: 5547.04 MB used,  10736.47 MB free, 16283.50 MB total
[2019.08.11-22.57.25:707][  0]LogMemory: Virtual Memory: 4639.59 MB used,  134213088.00 MB free, 134217728.00 MB total
[2019.08.11-22.57.25:742][  0]LogInit: Using OS detected language (en-US).
[2019.08.11-22.57.25:742][  0]LogInit: Using OS detected locale (en-US).
[2019.08.11-22.57.25:743][  0]LogTextLocalizationManager: No specific localization for 'en-US' exists, so the 'en' localization will be used.
[2019.08.11-22.57.26:017][  0]LogInit: Setting process to per monitor DPI aware
[2019.08.11-22.57.26:109][  0]LogSlate: New Slate User Created.  User Index 0, Is Virtual User: 0
[2019.08.11-22.57.26:110][  0]LogSlate: Slate User Registered.  User Index 0, Is Virtual User: 0
[2019.08.11-22.57.26:765][  0]LogHMD: Failed to initialize OpenVR with code 110
[2019.08.11-22.57.26:765][  0]LogD3D11RHI: D3D11 adapters:
[2019.08.11-22.57.26:859][  0]LogD3D11RHI:    0. 'NVIDIA GeForce GTX 1060 6GB' (Feature Level 11_0)
[2019.08.11-22.57.26:859][  0]LogD3D11RHI:       6052/0/8141 MB DedicatedVideo/DedicatedSystem/SharedSystem, Outputs:3, VendorId:0x10de
[2019.08.11-22.57.26:863][  0]LogD3D11RHI:    1. 'Microsoft Basic Render Driver' (Feature Level 11_0)
[2019.08.11-22.57.26:863][  0]LogD3D11RHI:       0/0/8141 MB DedicatedVideo/DedicatedSystem/SharedSystem, Outputs:0, VendorId:0x1414
[2019.08.11-22.57.26:863][  0]LogD3D11RHI: Chosen D3D11 Adapter: 0
[2019.08.11-22.57.26:878][  0]LogD3D11RHI: Creating new Direct3DDevice
[2019.08.11-22.57.26:878][  0]LogD3D11RHI:     GPU DeviceId: 0x1c03 (for the marketing name, search the web for "GPU Device Id")
[2019.08.11-22.57.26:878][  0]LogWindows: EnumDisplayDevices:
[2019.08.11-22.57.26:878][  0]LogWindows:    0. 'NVIDIA GeForce GTX 1060 6GB' (P:0 D:1)
[2019.08.11-22.57.26:879][  0]LogWindows:    1. 'NVIDIA GeForce GTX 1060 6GB' (P:1 D:1)
[2019.08.11-22.57.26:880][  0]LogWindows:    2. 'NVIDIA GeForce GTX 1060 6GB' (P:0 D:1)
[2019.08.11-22.57.26:880][  0]LogWindows:    3. 'NVIDIA GeForce GTX 1060 6GB' (P:0 D:0)
[2019.08.11-22.57.26:881][  0]LogWindows: DebugString: FoundDriverCount:4 
[2019.08.11-22.57.26:881][  0]LogD3D11RHI:     Adapter Name: NVIDIA GeForce GTX 1060 6GB
[2019.08.11-22.57.26:881][  0]LogD3D11RHI:   Driver Version: 399.24 (internal:24.21.13.9924, unified:399.24)
[2019.08.11-22.57.26:881][  0]LogD3D11RHI:      Driver Date: 9-5-2018
[2019.08.11-22.57.26:881][  0]LogRHI: Texture pool is 4236 MB (70% of 6052 MB)
[2019.08.11-22.57.26:966][  0]LogD3D11RHI: Async texture creation enabled
[2019.08.11-22.57.26:972][  0]LogRendererCore: FGlobalReadBuffer::InitRHI
[2019.08.11-22.57.26:972][  0]LogRendererCore: FGlobalReadBuffer::InitRHI
[2019.08.11-22.57.26:972][  0]LogRendererCore: FGlobalReadBuffer::InitRHI
[2019.08.11-22.57.26:987][  0]LogD3D11RHI: GPU Timing Frequency: 1000.000000 (Debug: 2 2)
[2019.08.11-22.57.28:443][  0]LogTemp: Display: Module 'AllDesktopTargetPlatform' loaded TargetPlatform 'AllDesktop'
[2019.08.11-22.57.28:465][  0]LogTemp: Display: Module 'MacClientTargetPlatform' loaded TargetPlatform 'MacClient'
[2019.08.11-22.57.28:487][  0]LogTemp: Display: Module 'MacNoEditorTargetPlatform' loaded TargetPlatform 'MacNoEditor'
[2019.08.11-22.57.28:508][  0]LogTemp: Display: Module 'MacServerTargetPlatform' loaded TargetPlatform 'MacServer'
[2019.08.11-22.57.28:530][  0]LogTemp: Display: Module 'MacTargetPlatform' loaded TargetPlatform 'Mac'
[2019.08.11-22.57.28:551][  0]LogTemp: Display: Module 'WindowsClientTargetPlatform' loaded TargetPlatform 'WindowsClient'
[2019.08.11-22.57.28:573][  0]LogTemp: Display: Module 'WindowsNoEditorTargetPlatform' loaded TargetPlatform 'WindowsNoEditor'
[2019.08.11-22.57.28:594][  0]LogTemp: Display: Module 'WindowsServerTargetPlatform' loaded TargetPlatform 'WindowsServer'
[2019.08.11-22.57.28:604][  0]LogTemp: Display: Module 'WindowsTargetPlatform' loaded TargetPlatform 'Windows'
[2019.08.11-22.57.28:740][  0]LogTemp: Display: Module 'AndroidTargetPlatform' loaded TargetPlatform 'Android'
[2019.08.11-22.57.28:740][  0]LogTemp: Display: Module 'AndroidTargetPlatform' loaded TargetPlatform 'Android_ASTC'
[2019.08.11-22.57.28:740][  0]LogTemp: Display: Module 'AndroidTargetPlatform' loaded TargetPlatform 'Android_ATC'
[2019.08.11-22.57.28:740][  0]LogTemp: Display: Module 'AndroidTargetPlatform' loaded TargetPlatform 'Android_DXT'
[2019.08.11-22.57.28:740][  0]LogTemp: Display: Module 'AndroidTargetPlatform' loaded TargetPlatform 'Android_ETC1'
[2019.08.11-22.57.28:740][  0]LogTemp: Display: Module 'AndroidTargetPlatform' loaded TargetPlatform 'Android_ETC1a'
[2019.08.11-22.57.28:740][  0]LogTemp: Display: Module 'AndroidTargetPlatform' loaded TargetPlatform 'Android_ETC2'
[2019.08.11-22.57.28:740][  0]LogTemp: Display: Module 'AndroidTargetPlatform' loaded TargetPlatform 'Android_PVRTC'
[2019.08.11-22.57.28:740][  0]LogTemp: Display: Module 'AndroidTargetPlatform' loaded TargetPlatform 'AndroidClient'
[2019.08.11-22.57.28:740][  0]LogTemp: Display: Module 'AndroidTargetPlatform' loaded TargetPlatform 'Android_ASTCClient'
[2019.08.11-22.57.28:740][  0]LogTemp: Display: Module 'AndroidTargetPlatform' loaded TargetPlatform 'Android_ATCClient'
[2019.08.11-22.57.28:740][  0]LogTemp: Display: Module 'AndroidTargetPlatform' loaded TargetPlatform 'Android_DXTClient'
[2019.08.11-22.57.28:740][  0]LogTemp: Display: Module 'AndroidTargetPlatform' loaded TargetPlatform 'Android_ETC1Client'
[2019.08.11-22.57.28:740][  0]LogTemp: Display: Module 'AndroidTargetPlatform' loaded TargetPlatform 'Android_ETC1aClient'
[2019.08.11-22.57.28:740][  0]LogTemp: Display: Module 'AndroidTargetPlatform' loaded TargetPlatform 'Android_ETC2Client'
[2019.08.11-22.57.28:740][  0]LogTemp: Display: Module 'AndroidTargetPlatform' loaded TargetPlatform 'Android_PVRTCClient'
[2019.08.11-22.57.28:740][  0]LogTemp: Display: Module 'AndroidTargetPlatform' loaded TargetPlatform 'Android_Multi'
[2019.08.11-22.57.28:740][  0]LogTemp: Display: Module 'AndroidTargetPlatform' loaded TargetPlatform 'Android_MultiClient'
[2019.08.11-22.57.28:743][  0]LogTemp: Display: Module 'HTML5TargetPlatform' loaded TargetPlatform 'HTML5'
[2019.08.11-22.57.28:808][  0]LogTemp: Display: Module 'IOSTargetPlatform' loaded TargetPlatform 'IOSClient'
[2019.08.11-22.57.28:808][  0]LogTemp: Display: Module 'IOSTargetPlatform' loaded TargetPlatform 'IOS'
[2019.08.11-22.57.28:850][  0]LogTemp: Display: Module 'TVOSTargetPlatform' loaded TargetPlatform 'TVOSClient'
[2019.08.11-22.57.28:850][  0]LogTemp: Display: Module 'TVOSTargetPlatform' loaded TargetPlatform 'TVOS'
[2019.08.11-22.57.28:870][  0]LogTemp: Display: Module 'LinuxClientTargetPlatform' loaded TargetPlatform 'LinuxClient'
[2019.08.11-22.57.28:890][  0]LogTemp: Display: Module 'LinuxNoEditorTargetPlatform' loaded TargetPlatform 'LinuxNoEditor'
[2019.08.11-22.57.28:910][  0]LogTemp: Display: Module 'LinuxServerTargetPlatform' loaded TargetPlatform 'LinuxServer'
[2019.08.11-22.57.28:931][  0]LogTemp: Display: Module 'LinuxTargetPlatform' loaded TargetPlatform 'Linux'
[2019.08.11-22.57.29:003][  0]LogTemp: Display: Module 'LuminTargetPlatform' loaded TargetPlatform 'Lumin'
[2019.08.11-22.57.29:003][  0]LogTemp: Display: Module 'LuminTargetPlatform' loaded TargetPlatform 'LuminClient'
[2019.08.11-22.57.29:003][  0]LogTargetPlatformManager: Display: Building Assets For Windows
[2019.08.11-22.57.29:012][  0]LogAudioDebug: Display: Lib vorbis DLL was dynamically loaded.
[2019.08.11-22.57.29:062][  0]LogShaderCompilers: Guid format shader working directory is -11 characters bigger than the processId version (C:/Users/bjlin/source/repos/bjlinnertz/sultus/src/Sultus/Intermediate/Shaders/WorkingDirectory/20936/).
[2019.08.11-22.57.29:062][  0]LogShaderCompilers: Cleaned the shader compiler working directory 'C:/Users/bjlin/AppData/Local/Temp/UnrealShaderWorkingDir/5EE570B04B377EFA6614C59013E786F7/'.
[2019.08.11-22.57.29:064][  0]LogXGEController: Cannot use XGE Controller as Incredibuild is not installed on this machine.
[2019.08.11-22.57.29:064][  0]LogShaderCompilers: Cannot use XGE Shader Compiler as Incredibuild is not installed on this machine.
[2019.08.11-22.57.29:064][  0]LogShaderCompilers: Display: Using Local Shader Compiler.
[2019.08.11-22.57.30:027][  0]LogDerivedDataCache: Display: Max Cache Size: 512 MB
[2019.08.11-22.57.30:120][  0]LogDerivedDataCache: Loaded boot cache 0.09s 71MB C:/Users/bjlin/AppData/Local/UnrealEngine/4.22/DerivedDataCache/Boot.ddc.
[2019.08.11-22.57.30:120][  0]LogDerivedDataCache: Display: Loaded Boot cache: C:/Users/bjlin/AppData/Local/UnrealEngine/4.22/DerivedDataCache/Boot.ddc
[2019.08.11-22.57.30:120][  0]LogDerivedDataCache: FDerivedDataBackendGraph:  Pak pak cache file C:/Users/bjlin/source/repos/bjlinnertz/sultus/src/Sultus/DerivedDataCache/DDC.ddp not found, will not use a pak cache.
[2019.08.11-22.57.30:120][  0]LogDerivedDataCache: Unable to find inner node Pak for hierarchical cache Hierarchy.
[2019.08.11-22.57.30:120][  0]LogDerivedDataCache: FDerivedDataBackendGraph:  CompressedPak pak cache file C:/Users/bjlin/source/repos/bjlinnertz/sultus/src/Sultus/DerivedDataCache/Compressed.ddp not found, will not use a pak cache.
[2019.08.11-22.57.30:121][  0]LogDerivedDataCache: Unable to find inner node CompressedPak for hierarchical cache Hierarchy.
[2019.08.11-22.57.30:136][  0]LogDerivedDataCache: Display: Pak cache opened for reading ../../../Engine/DerivedDataCache/Compressed.ddp.
[2019.08.11-22.57.30:136][  0]LogDerivedDataCache: FDerivedDataBackendGraph:  EnterprisePak pak cache file ../../../Enterprise/DerivedDataCache/Compressed.ddp not found, will not use a pak cache.
[2019.08.11-22.57.30:136][  0]LogDerivedDataCache: Unable to find inner node EnterprisePak for hierarchical cache Hierarchy.
[2019.08.11-22.57.30:149][  0]LogDerivedDataCache: Using Local data cache path C:/Users/bjlin/AppData/Local/UnrealEngine/Common/DerivedDataCache: Writable
[2019.08.11-22.57.30:149][  0]LogDerivedDataCache: Shared data cache path not found in *engine.ini, will not use an Shared cache.
[2019.08.11-22.57.30:149][  0]LogDerivedDataCache: Unable to find inner node Shared for hierarchical cache Hierarchy.
[2019.08.11-22.57.30:190][  0]LogMaterial: Verifying Global Shaders for PCD3D_SM5
[2019.08.11-22.57.30:192][  0]LogSlate: Using FreeType 2.6.0
[2019.08.11-22.57.30:192][  0]LogSlate: SlateFontServices - WITH_FREETYPE: 1, WITH_HARFBUZZ: 1
[2019.08.11-22.57.30:316][  0]LogAssetRegistry: FAssetRegistry took 0.0414 seconds to start up
[2019.08.11-22.57.30:898][  0]LogInit: Selected Device Profile: [Windows]
[2019.08.11-22.57.31:083][  0]LogMeshReduction: Using QuadricMeshReduction for automatic static mesh reduction
[2019.08.11-22.57.31:083][  0]LogMeshReduction: Using SimplygonMeshReduction for automatic skeletal mesh reduction
[2019.08.11-22.57.31:083][  0]LogMeshReduction: Using ProxyLODMeshReduction for automatic mesh merging
[2019.08.11-22.57.31:083][  0]LogMeshReduction: No distributed automatic mesh merging module available
[2019.08.11-22.57.31:083][  0]LogMeshMerging: No distributed automatic mesh merging module available
[2019.08.11-22.57.31:102][  0]LogNetVersion: Sultus 1.0.0, NetCL: 5660361, EngineNetVer: 10, GameNetVer: 0 (Checksum: 3148970081)
[2019.08.11-22.57.31:759][  0]LogPackageLocalizationCache: Processed 10 localized package path(s) for 1 prioritized culture(s) in 0.083643 seconds
[2019.08.11-22.57.31:771][  0]LogUObjectArray: 42205 objects as part of root set at end of initial load.
[2019.08.11-22.57.31:771][  0]LogUObjectAllocator: 7325032 out of 0 bytes used by permanent object pool.
[2019.08.11-22.57.31:771][  0]LogUObjectArray: CloseDisregardForGC: 0/0 objects in disregard for GC pool
[2019.08.11-22.57.32:926][  0]LogTcpMessaging: Initializing TcpMessaging bridge
[2019.08.11-22.57.32:941][  0]LogUdpMessaging: Initializing bridge on interface 0.0.0.0:0 to multicast group 230.0.0.1:6666.
[2019.08.11-22.57.33:073][  0]SourceControl: Source control is disabled
[2019.08.11-22.57.33:073][  0]SourceControl: Source control is disabled
[2019.08.11-22.57.33:075][  0]SourceControl: Source control is disabled
[2019.08.11-22.57.33:076][  0]SourceControl: Source control is disabled
[2019.08.11-22.57.33:189][  0]LogAndroidPermission: UAndroidPermissionCallbackProxy::GetInstance
[2019.08.11-22.57.37:716][  0]LogOcInput: OculusInput pre-init called
[2019.08.11-22.57.38:647][  0]LogEngine: Initializing Engine...
[2019.08.11-22.57.38:649][  0]LogHMD: Failed to initialize OpenVR with code 110
[2019.08.11-22.57.38:651][  0]LogStats: UGameplayTagsManager::InitializeManager -  0.000 s
[2019.08.11-22.57.39:064][  0]LogInit: Initializing FReadOnlyCVARCache
[2019.08.11-22.57.39:088][  0]LogAIModule: Creating AISystem for world Untitled
[2019.08.11-22.57.40:546][  0]LogInit: XAudio2 using 'Headset Earphone (8- Corsair VOID PRO Wireless Gaming Headset)' : 6 channels at 48 kHz using 16 bits per sample (channel mask 0x3f)
[2019.08.11-22.57.41:892][  0]LogInit: FAudioDevice initialized.
[2019.08.11-22.57.41:893][  0]LogNetVersion: Set ProjectVersion to 1.0.0.0. Version Checksum will be recalculated on next use.
[2019.08.11-22.57.42:025][  0]LogDerivedDataCache: Saved boot cache 0.13s 71MB C:/Users/bjlin/AppData/Local/UnrealEngine/4.22/DerivedDataCache/Boot.ddc.
[2019.08.11-22.57.42:027][  0]LogInit: Texture streaming: Enabled
[2019.08.11-22.57.42:077][  0]LogEngineSessionManager: EngineSessionManager initialized
[2019.08.11-22.57.42:104][  0]LogInit: Transaction tracking system initialized
[2019.08.11-22.57.42:128][  0]BlueprintLog: New page: Editor Load
[2019.08.11-22.57.42:220][  0]LocalizationService: Localization service is disabled
[2019.08.11-22.57.42:616][  0]LogFileCache: Scanning file cache for directory 'C:/Users/bjlin/source/repos/bjlinnertz/sultus/src/Sultus/Content/' took 0.02s
[2019.08.11-22.57.42:616][  0]LogCook: Display: Max memory allowance for cook 16384mb min free memory 0mb
[2019.08.11-22.57.42:616][  0]LogCook: Display: Mobile HDR setting 1
[2019.08.11-22.57.42:866][  0]SourceControl: Source control is disabled
[2019.08.11-22.57.42:866][  0]Cmd: MAP LOAD FILE="C:/Users/bjlin/source/repos/bjlinnertz/sultus/src/Sultus/Content/ThirdPersonBP/Maps/ThirdPersonExampleMap.umap" TEMPLATE=0 SHOWPROGRESS=1 FEATURELEVEL=3
[2019.08.11-22.57.42:867][  0]LightingResults: New page: Lighting Build
[2019.08.11-22.57.42:869][  0]MapCheck: New page: Map Check
[2019.08.11-22.57.42:869][  0]LightingResults: New page: Lighting Build
[2019.08.11-22.57.42:983][  0]LogUObjectHash: Compacting FUObjectHashTables data took   4.74ms
[2019.08.11-22.57.43:408][  0]LogAIModule: Creating AISystem for world ThirdPersonExampleMap
[2019.08.11-22.57.43:430][  0]LogEditorServer: Finished looking for orphan Actors (0.000 secs)
[2019.08.11-22.57.43:547][  0]LogUObjectHash: Compacting FUObjectHashTables data took   3.53ms
[2019.08.11-22.57.43:548][  0]Cmd: MAP CHECKDEP NOCLEARLOG
[2019.08.11-22.57.43:548][  0]MapCheck: Map check complete: 0 Error(s), 0 Warning(s), took 0.302ms to complete.
[2019.08.11-22.57.43:548][  0]LogFileHelpers: Loading map 'ThirdPersonExampleMap' took 0.682
[2019.08.11-22.57.44:503][  0]LogSlate: Updating window title bar state: overlay mode, drag disabled, window buttons hidden, title bar hidden
[2019.08.11-22.57.44:515][  0]LogSlate: Updating window title bar state: overlay mode, drag disabled, window buttons hidden, title bar hidden
[2019.08.11-22.57.44:526][  0]LogSlate: Updating window title bar state: overlay mode, drag disabled, window buttons hidden, title bar hidden
[2019.08.11-22.57.44:538][  0]LogSlate: Updating window title bar state: overlay mode, drag disabled, window buttons hidden, title bar hidden
[2019.08.11-22.57.44:544][  0]LogCollectionManager: Loaded 0 collections in 0.001268 seconds
[2019.08.11-22.57.44:590][  0]LogFileCache: Scanning file cache for directory 'C:/Users/bjlin/source/repos/bjlinnertz/sultus/src/Sultus/Saved/Collections/' took 0.01s
[2019.08.11-22.57.44:590][  0]LogFileCache: Scanning file cache for directory 'C:/Users/bjlin/source/repos/bjlinnertz/sultus/src/Sultus/Content/Developers/bjlin/Collections/' took 0.01s
[2019.08.11-22.57.44:590][  0]LogFileCache: Scanning file cache for directory 'C:/Users/bjlin/source/repos/bjlinnertz/sultus/src/Sultus/Content/Collections/' took 0.01s
[2019.08.11-22.57.44:590][  0]LogCollectionManager: Rebuilt the GUID cache for 0 collections in 0.000001 seconds
[2019.08.11-22.57.44:605][  0]LogContentBrowser: Native class hierarchy populated in 0.0152 seconds. Added 2732 classes and 659 folders.
[2019.08.11-22.57.44:612][  0]LogContentBrowser: Native class hierarchy updated for 'WidgetCarousel' in 0.0004 seconds. Added 0 classes and 0 folders.
[2019.08.11-22.57.44:614][  0]LogPakFile: Registered encryption key '00000000000000000000000000000000': 0 pak files mounted, 0 remain pending
[2019.08.11-22.57.44:614][  0]LogPakFile: Registered encryption key '00000000000000000000000000000000': 0 pak files mounted, 0 remain pending
[2019.08.11-22.57.44:615][  0]LogPakFile: Registered encryption key '00000000000000000000000000000000': 0 pak files mounted, 0 remain pending
[2019.08.11-22.57.44:616][  0]LogPakFile: Registered encryption key '00000000000000000000000000000000': 0 pak files mounted, 0 remain pending
[2019.08.11-22.57.44:616][  0]LogPakFile: Registered encryption key '00000000000000000000000000000000': 0 pak files mounted, 0 remain pending
[2019.08.11-22.57.44:617][  0]LogPakFile: Registered encryption key '00000000000000000000000000000000': 0 pak files mounted, 0 remain pending
[2019.08.11-22.57.44:618][  0]LogPakFile: Registered encryption key '00000000000000000000000000000000': 0 pak files mounted, 0 remain pending
[2019.08.11-22.57.44:618][  0]LogPakFile: Registered encryption key '00000000000000000000000000000000': 0 pak files mounted, 0 remain pending
[2019.08.11-22.57.44:619][  0]LogPakFile: Registered encryption key '00000000000000000000000000000000': 0 pak files mounted, 0 remain pending
[2019.08.11-22.57.44:620][  0]LogPakFile: Registered encryption key '00000000000000000000000000000000': 0 pak files mounted, 0 remain pending
[2019.08.11-22.57.44:620][  0]LogPakFile: Registered encryption key '00000000000000000000000000000000': 0 pak files mounted, 0 remain pending
[2019.08.11-22.57.44:621][  0]LogPakFile: Registered encryption key '00000000000000000000000000000000': 0 pak files mounted, 0 remain pending
[2019.08.11-22.57.44:621][  0]LogPakFile: Registered encryption key '00000000000000000000000000000000': 0 pak files mounted, 0 remain pending
[2019.08.11-22.57.44:622][  0]LogPakFile: Registered encryption key '00000000000000000000000000000000': 0 pak files mounted, 0 remain pending
[2019.08.11-22.57.44:623][  0]LogPakFile: Registered encryption key '00000000000000000000000000000000': 0 pak files mounted, 0 remain pending
[2019.08.11-22.57.44:623][  0]LogPakFile: Registered encryption key '00000000000000000000000000000000': 0 pak files mounted, 0 remain pending
[2019.08.11-22.57.44:624][  0]LogPakFile: Registered encryption key '00000000000000000000000000000000': 0 pak files mounted, 0 remain pending
[2019.08.11-22.57.44:625][  0]LogPakFile: Registered encryption key '00000000000000000000000000000000': 0 pak files mounted, 0 remain pending
[2019.08.11-22.57.44:625][  0]LogPakFile: Registered encryption key '00000000000000000000000000000000': 0 pak files mounted, 0 remain pending
[2019.08.11-22.57.44:626][  0]LogPakFile: Registered encryption key '00000000000000000000000000000000': 0 pak files mounted, 0 remain pending
[2019.08.11-22.57.44:627][  0]LogPakFile: Registered encryption key '00000000000000000000000000000000': 0 pak files mounted, 0 remain pending
[2019.08.11-22.57.44:627][  0]LogPakFile: Registered encryption key '00000000000000000000000000000000': 0 pak files mounted, 0 remain pending
[2019.08.11-22.57.44:628][  0]LogPakFile: Registered encryption key '00000000000000000000000000000000': 0 pak files mounted, 0 remain pending
[2019.08.11-22.57.44:629][  0]LogPakFile: Registered encryption key '00000000000000000000000000000000': 0 pak files mounted, 0 remain pending
[2019.08.11-22.57.44:630][  0]LogPakFile: Registered encryption key '00000000000000000000000000000000': 0 pak files mounted, 0 remain pending
[2019.08.11-22.57.44:630][  0]LogPakFile: Registered encryption key '00000000000000000000000000000000': 0 pak files mounted, 0 remain pending
[2019.08.11-22.57.44:673][  0]LogContentBrowser: Native class hierarchy updated for 'AddContentDialog' in 0.0005 seconds. Added 0 classes and 0 folders.
[2019.08.11-22.57.44:683][  0]LogContentBrowser: Native class hierarchy updated for 'SceneOutliner' in 0.0005 seconds. Added 1 classes and 2 folders.
[2019.08.11-22.57.44:706][  0]LogSlate: Took 0.000482 seconds to synchronously load lazily loaded font '../../../Engine/Content/Slate/Fonts/Roboto-Regular.ttf' (155K)
[2019.08.11-22.57.44:710][  0]LogSlate: Took 0.000543 seconds to synchronously load lazily loaded font '../../../Engine/Content/Slate/Fonts/Roboto-Bold.ttf' (160K)
[2019.08.11-22.57.44:718][  0]LogSlate: Took 0.000296 seconds to synchronously load lazily loaded font '../../../Engine/Content/Editor/Slate/Fonts/FontAwesome.ttf' (139K)
[2019.08.11-22.57.44:808][  0]LogRenderer: Reallocating scene render targets to support 1208x572 Format 10 NumSamples 1 (Frame:1).
[2019.08.11-22.57.45:037][  0]LogContentBrowser: Native class hierarchy updated for 'HierarchicalLODOutliner' in 0.0004 seconds. Added 0 classes and 0 folders.
[2019.08.11-22.57.45:038][  0]LogLoad: (Engine Initialization) Total time: 21.81 seconds
[2019.08.11-22.57.45:038][  0]LogLoad: (Engine Initialization) Total Blueprint compile time: 0.00 seconds
[2019.08.11-22.57.45:087][  0]LogAssetRegistry: Asset discovery search completed in 14.7946 seconds
[2019.08.11-22.57.45:091][  0]LogCollectionManager: Rebuilt the object cache for 0 collections in 0.000001 seconds (found 0 objects)
[2019.08.11-22.57.45:091][  0]LogCollectionManager: Fixed up redirectors for 0 collections in 0.000103 seconds (updated 0 objects)
[2019.08.11-22.57.45:095][  0]LogContentStreaming: Texture pool size now 1000 MB
[2019.08.11-22.57.45:130][  0]LogSlate: Took 0.000236 seconds to synchronously load lazily loaded font '../../../Engine/Content/Slate/Fonts/Roboto-Light.ttf' (167K)
[2019.08.11-22.58.04:397][245]LogSlate: FSceneViewport::OnFocusLost() reason 2
[2019.08.11-22.58.05:595][382]LogSlate: FSceneViewport::OnFocusLost() reason 2
[2019.08.11-22.58.21:558][ 64]LogSlate: Window 'Source Control Login' being destroyed
[2019.08.11-22.58.39:592][118]LogSlate: FSceneViewport::OnFocusLost() reason 0
[2019.08.11-22.58.50:947][288]LogSlate: FSceneViewport::OnFocusLost() reason 2
[2019.08.11-22.58.53:453][529]SourceControl: fatal: D:/Epic Games/UE_4.22/Engine/Content: 'D:/Epic Games/UE_4.22/Engine/Content' is outside repository
[2019.08.11-22.58.53:594][529]EditorErrors: Warning: No assets to check in!
[2019.08.11-22.58.59:108][ 99]LogSlate: FSceneViewport::OnFocusLost() reason 0
[2019.08.11-22.58.59:323][104]LogSlate: Took 0.000248 seconds to synchronously load lazily loaded font '../../../Engine/Content/Slate/Fonts/Roboto-Light.ttf' (167K)
[2019.08.11-22.58.59:327][104]LogSlate: FSceneViewport::OnFocusLost() reason 2
[2019.08.11-22.58.59:466][104]LogUObjectHash: Compacting FUObjectHashTables data took   2.39ms
[2019.08.11-22.58.59:753][104]LogSavePackage: Moving 'C:/Users/bjlin/source/repos/bjlinnertz/sultus/src/Sultus/Saved/ThirdPersonExampleMapFD32A98B435F9163D3D4A3984E5441E8.tmp' to 'C:/Users/bjlin/source/repos/bjlinnertz/sultus/src/Sultus/Content/ThirdPersonBP/Maps/ThirdPersonExampleMap.umap'
[2019.08.11-22.59.00:212][104]LogSavePackage: Moving 'C:/Users/bjlin/source/repos/bjlinnertz/sultus/src/Sultus/Saved/ThirdPersonExampleMap_BuiltData60CC41184A5443F6EA104FBCC56F8D06.tmp' to 'C:/Users/bjlin/source/repos/bjlinnertz/sultus/src/Sultus/Content/ThirdPersonBP/Maps/ThirdPersonExampleMap_BuiltData.uasset'
[2019.08.11-22.59.04:451][522]SourceControl: fatal: D:/Epic Games/UE_4.22/Engine/Content: 'D:/Epic Games/UE_4.22/Engine/Content' is outside repository
[2019.08.11-22.59.18:670][522]LogSlate: Window 'Submit Files' being destroyed
[2019.08.11-22.59.20:558][522]LogSourceControl: commit successful: [master e0e6358] added trigger box as test
[2019.08.11-22.59.20:742][522]SourceControl: [master e0e6358] added trigger box as test
[2019.08.11-22.59.20:742][522]SourceControl:  2 files changed, 0 insertions(+), 0 deletions(-)
[2019.08.11-22.59.20:753][522]SourceControl: Commited [master e0e6358] added trigger box as test.
[2019.08.11-22.59.44:447][695]LogEditorViewport: Clicking on Actor (LMB): StaticMeshActor (Wall10)
[2019.08.11-22.59.45:339][757]LogSlate: FSceneViewport::OnFocusLost() reason 0
[2019.08.11-22.59.46:126][843]LogSlate: Window 'Source Control Login' being destroyed
[2019.08.11-23.00.05:804][942]SourceControl: fatal: D:/Epic Games/UE_4.22/Engine/Content: 'D:/Epic Games/UE_4.22/Engine/Content' is outside repository
[2019.08.11-23.00.05:939][942]EditorErrors: Warning: No assets to check in!
[2019.08.11-23.00.14:803][746]LogSlate: Window 'Source Control Login' being destroyed
[2019.08.11-23.05.22:879][715]LogDirectoryWatcher: A directory notification failed for 'C:/Users/bjlin/source/repos/bjlinnertz/sultus/src/Sultus/Content/Collections/' because it could not be accessed. Aborting watch request...
[2019.08.11-23.05.22:879][715]LogDirectoryWatcher: A directory notification failed for 'C:/Users/bjlin/source/repos/bjlinnertz/sultus/src/Sultus/Content/Developers/bjlin/Collections/' because it could not be accessed. Aborting watch request...
[2019.08.11-23.05.23:546][717]LogDirectoryWatcher: A directory notification failed for 'C:/Users/bjlin/source/repos/bjlinnertz/sultus/src/Sultus/Saved/Collections/' because it could not be accessed. Aborting watch request...
