Log file open, 09/19/19 17:56:53
LogWindows: Failed to load 'aqProf.dll' (GetLastError=126)
LogWindows: File 'aqProf.dll' does not exist
LogWindows: Failed to load 'VtuneApi.dll' (GetLastError=126)
LogWindows: File 'VtuneApi.dll' does not exist
LogWindows: Failed to load 'VtuneApi32e.dll' (GetLastError=126)
LogWindows: File 'VtuneApi32e.dll' does not exist
LogConsoleResponse: Display: Failed to find resolution value strings in scalability ini. Falling back to default.
LogInit: Display: Running engine for game: Sultus
LogPlatformFile: Not using cached read wrapper
LogTaskGraph: Started task graph with 5 named threads and 35 total threads with 3 sets of task threads.
LogStats: Stats thread started at 0.659580
LogD3D11RHI: Loaded GFSDK_Aftermath_Lib.x64.dll
LogICUInternationalization: ICU TimeZone Detection - Raw Offset: -6:00, Platform Override: ''
LogPluginManager: Mounting plugin Paper2D
LogPluginManager: Mounting plugin AISupport
LogPluginManager: Mounting plugin LightPropagationVolume
LogPluginManager: Mounting plugin ActorLayerUtilities
LogPluginManager: Mounting plugin AnimationSharing
LogPluginManager: Mounting plugin CLionSourceCodeAccess
LogPluginManager: Mounting plugin CodeLiteSourceCodeAccess
LogPluginManager: Mounting plugin GitSourceControl
LogPluginManager: Mounting plugin KDevelopSourceCodeAccess
LogPluginManager: Mounting plugin NullSourceCodeAccess
LogPluginManager: Mounting plugin PerforceSourceControl
LogPluginManager: Mounting plugin SubversionSourceControl
LogPluginManager: Mounting plugin UObjectPlugin
LogPluginManager: Mounting plugin VisualStudioCodeSourceCodeAccess
LogPluginManager: Mounting plugin VisualStudioSourceCodeAccess
LogPluginManager: Mounting plugin XCodeSourceCodeAccess
LogPluginManager: Mounting plugin AssetManagerEditor
LogPluginManager: Mounting plugin CryptoKeys
LogPluginManager: Mounting plugin CurveEditorTools
LogPluginManager: Mounting plugin DataValidation
LogPluginManager: Mounting plugin FacialAnimation
LogPluginManager: Mounting plugin GameplayTagsEditor
LogPluginManager: Mounting plugin MacGraphicsSwitching
LogPluginManager: Mounting plugin MaterialAnalyzer
LogPluginManager: Mounting plugin MobileLauncherProfileWizard
LogPluginManager: Mounting plugin PluginBrowser
LogPluginManager: Mounting plugin SpeedTreeImporter
LogPluginManager: Mounting plugin DatasmithContent
LogPluginManager: Mounting plugin VariantManagerContent
LogPluginManager: Mounting plugin AlembicImporter
LogPluginManager: Mounting plugin AutomationUtils
LogPluginManager: Mounting plugin BackChannel
LogPluginManager: Mounting plugin CharacterAI
LogPluginManager: Mounting plugin GeometryCache
LogPluginManager: Mounting plugin HTML5Networking
LogPluginManager: Mounting plugin PlatformCrypto
LogPluginManager: Mounting plugin ProxyLODPlugin
LogPluginManager: Mounting plugin SkeletalReduction
LogPluginManager: Mounting plugin MagicLeap
LogPluginManager: Mounting plugin MagicLeapMedia
LogPluginManager: Mounting plugin AndroidMedia
LogPluginManager: Mounting plugin AvfMedia
LogPluginManager: Mounting plugin ImgMedia
LogPluginManager: Mounting plugin MediaCompositing
LogPluginManager: Mounting plugin MediaPlayerEditor
LogPluginManager: Mounting plugin WebMMedia
LogPluginManager: Mounting plugin WmfMedia
LogPluginManager: Mounting plugin TcpMessaging
LogPluginManager: Mounting plugin UdpMessaging
LogPluginManager: Mounting plugin ActorSequence
LogPluginManager: Mounting plugin LevelSequenceEditor
LogPluginManager: Mounting plugin MatineeToLevelSequence
LogPluginManager: Mounting plugin NetcodeUnitTest
LogPluginManager: Mounting plugin NUTUnrealEngine4
LogPluginManager: Mounting plugin OnlineSubsystemGooglePlay
LogPluginManager: Mounting plugin OnlineSubsystemIOS
LogPluginManager: Mounting plugin OnlineSubsystem
LogPluginManager: Mounting plugin OnlineSubsystemNull
LogPluginManager: Mounting plugin OnlineSubsystemUtils
LogPluginManager: Mounting plugin LauncherChunkInstaller
LogPluginManager: Mounting plugin AndroidDeviceProfileSelector
LogPluginManager: Mounting plugin AndroidMoviePlayer
LogPluginManager: Mounting plugin AndroidPermission
LogPluginManager: Mounting plugin AppleImageUtils
LogPluginManager: Mounting plugin AppleMoviePlayer
LogPluginManager: Mounting plugin ArchVisCharacter
LogPluginManager: Mounting plugin AudioCapture
LogPluginManager: Mounting plugin CableComponent
LogPluginManager: Mounting plugin CustomMeshComponent
LogPluginManager: Mounting plugin EditableMesh
LogPluginManager: Mounting plugin ExampleDeviceProfileSelector
LogPluginManager: Mounting plugin GameplayAbilities
LogPluginManager: Mounting plugin GoogleCloudMessaging
LogPluginManager: Mounting plugin IOSDeviceProfileSelector
LogPluginManager: Mounting plugin LinuxDeviceProfileSelector
LogPluginManager: Mounting plugin LocationServicesBPLibrary
LogPluginManager: Mounting plugin MobilePatchingUtils
LogPluginManager: Mounting plugin OculusVR
LogPluginManager: Mounting plugin PhysXVehicles
LogPluginManager: Mounting plugin ProceduralMeshComponent
LogPluginManager: Mounting plugin RuntimePhysXCooking
LogPluginManager: Mounting plugin SignificanceManager
LogPluginManager: Mounting plugin SteamVR
LogPluginManager: Mounting plugin WebMMoviePlayer
LogPluginManager: Mounting plugin WindowsMoviePlayer
LogPluginManager: Mounting plugin ScreenshotTools
LogInit: Using libcurl 7.55.1-DEV
LogInit:  - built for x86_64-pc-win32
LogInit:  - supports SSL with OpenSSL/1.1.1
LogInit:  - supports HTTP deflate (compression) using libz 1.2.8
LogInit:  - other features:
LogInit:      CURL_VERSION_SSL
LogInit:      CURL_VERSION_LIBZ
LogInit:      CURL_VERSION_IPV6
LogInit:      CURL_VERSION_ASYNCHDNS
LogInit:      CURL_VERSION_LARGEFILE
LogInit:      CURL_VERSION_IDN
LogInit:  CurlRequestOptions (configurable via config and command line):
LogInit:  - bVerifyPeer = true  - Libcurl will verify peer certificate
LogInit:  - bUseHttpProxy = false  - Libcurl will NOT use HTTP proxy
LogInit:  - bDontReuseConnections = false  - Libcurl will reuse connections
LogInit:  - MaxHostConnections = 16  - Libcurl will limit the number of connections to a host
LogInit:  - LocalHostAddr = Default
LogInit:  - BufferSize = 65536
LogOnline: OSS: Creating online subsystem instance for: NULL
LogInit: WinSock: version 1.1 (2.2), MaxSocks=32767, MaxUdp=65467
LogInit: Build: ++UE4+Release-4.23-CL-8386587
LogInit: Engine Version: 4.23.0-8386587+++UE4+Release-4.23
LogInit: Compatible Engine Version: 4.23.0-8386587+++UE4+Release-4.23
LogInit: Net CL: 8386587
LogInit: OS: Windows 10 (Release 1803) (), CPU: Intel(R) Core(TM) i7-8750H CPU @ 2.20GHz, GPU: Intel(R) UHD Graphics 630
LogInit: Compiled (64-bit): Aug 31 2019 02:04:44
LogInit: Compiled with Visual C++: 19.16.27030.01
LogInit: Build Configuration: Development
LogInit: Branch Name: ++UE4+Release-4.23
LogInit: Command Line: 
LogInit: Base Directory: C:/Program Files/Epic Games/UE_4.23/Engine/Binaries/Win64/
LogInit: Installed Engine Build: 1
LogDevObjectVersion: Number of dev versions registered: 23
LogDevObjectVersion:   Dev-Blueprints (B0D832E4-1F89-4F0D-ACCF-7EB736FD4AA2): 10
LogDevObjectVersion:   Dev-Build (E1C64328-A22C-4D53-A36C-8E866417BD8C): 0
LogDevObjectVersion:   Dev-Core (375EC13C-06E4-48FB-B500-84F0262A717E): 3
LogDevObjectVersion:   Dev-Editor (E4B068ED-F494-42E9-A231-DA0B2E46BB41): 34
LogDevObjectVersion:   Dev-Framework (CFFC743F-43B0-4480-9391-14DF171D2073): 35
LogDevObjectVersion:   Dev-Mobile (B02B49B5-BB20-44E9-A304-32B752E40360): 2
LogDevObjectVersion:   Dev-Networking (A4E4105C-59A1-49B5-A7C5-40C4547EDFEE): 0
LogDevObjectVersion:   Dev-Online (39C831C9-5AE6-47DC-9A44-9C173E1C8E7C): 0
LogDevObjectVersion:   Dev-Physics (78F01B33-EBEA-4F98-B9B4-84EACCB95AA2): 0
LogDevObjectVersion:   Dev-Platform (6631380F-2D4D-43E0-8009-CF276956A95A): 0
LogDevObjectVersion:   Dev-Rendering (12F88B9F-8875-4AFC-A67C-D90C383ABD29): 31
LogDevObjectVersion:   Dev-Sequencer (7B5AE74C-D270-4C10-A958-57980B212A5A): 11
LogDevObjectVersion:   Dev-VR (D7296918-1DD6-4BDD-9DE2-64A83CC13884): 2
LogDevObjectVersion:   Dev-LoadTimes (C2A15278-BFE7-4AFE-6C17-90FF531DF755): 1
LogDevObjectVersion:   Private-Geometry (6EACA3D4-40EC-4CC1-B786-8BED09428FC5): 3
LogDevObjectVersion:   Dev-AnimPhys (29E575DD-E0A3-4627-9D10-D276232CDCEA): 17
LogDevObjectVersion:   Dev-Anim (AF43A65D-7FD3-4947-9873-3E8ED9C1BB05): 2
LogDevObjectVersion:   Dev-ReflectionCapture (6B266CEC-1EC7-4B8F-A30B-E4D90942FC07): 1
LogDevObjectVersion:   Dev-Automation (0DF73D61-A23F-47EA-B727-89E90C41499A): 1
LogDevObjectVersion:   FortniteMain (601D1886-AC64-4F84-AA16-D3DE0DEAC7D6): 27
LogDevObjectVersion:   Dev-Enterprise (9DFFBCD6-494F-0158-E221-12823C92A888): 6
LogDevObjectVersion:   Dev-Niagara (F2AED0AC-9AFE-416F-8664-AA7FFA26D6FC): 1
LogDevObjectVersion:   Dev-Destruction (174F1F0B-B4C6-45A5-B13F-2EE8D0FB917D): 9
LogInit: Presizing for max 16777216 objects, including 0 objects not considered by GC, pre-allocating 0 bytes for permanent pool.
LogInit: Object subsystem initialized
LogConfig: Setting CVar [[con.DebugEarlyDefault:1]]
LogConfig: Setting CVar [[r.setres:1280x720]]
[2019.09.19-22.56.54:792][  0]LogConfig: Setting CVar [[r.VSync:0]]
[2019.09.19-22.56.54:792][  0]LogConfig: Setting CVar [[r.RHICmdBypass:0]]
[2019.09.19-22.56.54:792][  0]LogConfig: Applying CVar settings from Section [/Script/Engine.RendererSettings] File [C:/Users/major/OneDrive/Documents/Unreal Projects/sultus/src/Sultus/Sultus Game Files/Saved/Config/Windows/Engine.ini]
[2019.09.19-22.56.54:792][  0]LogConfig: Setting CVar [[r.GPUCrashDebugging:0]]
[2019.09.19-22.56.54:792][  0]LogConfig: Applying CVar settings from Section [/Script/Engine.RendererOverrideSettings] File [C:/Users/major/OneDrive/Documents/Unreal Projects/sultus/src/Sultus/Sultus Game Files/Saved/Config/Windows/Engine.ini]
[2019.09.19-22.56.54:792][  0]LogConfig: Applying CVar settings from Section [/Script/Engine.StreamingSettings] File [C:/Users/major/OneDrive/Documents/Unreal Projects/sultus/src/Sultus/Sultus Game Files/Saved/Config/Windows/Engine.ini]
[2019.09.19-22.56.54:792][  0]LogConfig: Setting CVar [[s.MinBulkDataSizeForAsyncLoading:131072]]
[2019.09.19-22.56.54:792][  0]LogConfig: Setting CVar [[s.AsyncLoadingThreadEnabled:0]]
[2019.09.19-22.56.54:792][  0]LogConfig: Setting CVar [[s.EventDrivenLoaderEnabled:1]]
[2019.09.19-22.56.54:792][  0]LogConfig: Setting CVar [[s.WarnIfTimeLimitExceeded:0]]
[2019.09.19-22.56.54:792][  0]LogConfig: Setting CVar [[s.TimeLimitExceededMultiplier:1.5]]
[2019.09.19-22.56.54:792][  0]LogConfig: Setting CVar [[s.TimeLimitExceededMinTime:0.005]]
[2019.09.19-22.56.54:793][  0]LogConfig: Setting CVar [[s.UseBackgroundLevelStreaming:1]]
[2019.09.19-22.56.54:793][  0]LogConfig: Setting CVar [[s.PriorityAsyncLoadingExtraTime:15.0]]
[2019.09.19-22.56.54:793][  0]LogConfig: Setting CVar [[s.LevelStreamingActorsUpdateTimeLimit:5.0]]
[2019.09.19-22.56.54:793][  0]LogConfig: Setting CVar [[s.PriorityLevelStreamingActorsUpdateExtraTime:5.0]]
[2019.09.19-22.56.54:793][  0]LogConfig: Setting CVar [[s.LevelStreamingComponentsRegistrationGranularity:10]]
[2019.09.19-22.56.54:793][  0]LogConfig: Setting CVar [[s.UnregisterComponentsTimeLimit:1.0]]
[2019.09.19-22.56.54:793][  0]LogConfig: Setting CVar [[s.LevelStreamingComponentsUnregistrationGranularity:5]]
[2019.09.19-22.56.54:793][  0]LogConfig: Applying CVar settings from Section [/Script/Engine.GarbageCollectionSettings] File [C:/Users/major/OneDrive/Documents/Unreal Projects/sultus/src/Sultus/Sultus Game Files/Saved/Config/Windows/Engine.ini]
[2019.09.19-22.56.54:793][  0]LogConfig: Setting CVar [[gc.MaxObjectsNotConsideredByGC:1]]
[2019.09.19-22.56.54:793][  0]LogConfig: Setting CVar [[gc.SizeOfPermanentObjectPool:0]]
[2019.09.19-22.56.54:793][  0]LogConfig: Setting CVar [[gc.FlushStreamingOnGC:0]]
[2019.09.19-22.56.54:793][  0]LogConfig: Setting CVar [[gc.NumRetriesBeforeForcingGC:10]]
[2019.09.19-22.56.54:793][  0]LogConfig: Setting CVar [[gc.AllowParallelGC:1]]
[2019.09.19-22.56.54:793][  0]LogConfig: Setting CVar [[gc.TimeBetweenPurgingPendingKillObjects:61.1]]
[2019.09.19-22.56.54:793][  0]LogConfig: Setting CVar [[gc.MaxObjectsInEditor:16777216]]
[2019.09.19-22.56.54:793][  0]LogConfig: Setting CVar [[gc.IncrementalBeginDestroyEnabled:1]]
[2019.09.19-22.56.54:793][  0]LogConfig: Setting CVar [[gc.CreateGCClusters:1]]
[2019.09.19-22.56.54:794][  0]LogConfig: Setting CVar [[gc.MinGCClusterSize:5]]
[2019.09.19-22.56.54:794][  0]LogConfig: Setting CVar [[gc.ActorClusteringEnabled:0]]
[2019.09.19-22.56.54:794][  0]LogConfig: Setting CVar [[gc.BlueprintClusteringEnabled:0]]
[2019.09.19-22.56.54:794][  0]LogConfig: Setting CVar [[gc.UseDisregardForGCOnDedicatedServers:0]]
[2019.09.19-22.56.54:794][  0]LogConfig: Applying CVar settings from Section [/Script/Engine.NetworkSettings] File [C:/Users/major/OneDrive/Documents/Unreal Projects/sultus/src/Sultus/Sultus Game Files/Saved/Config/Windows/Engine.ini]
[2019.09.19-22.56.54:794][  0]LogConfig: Applying CVar settings from Section [/Script/UnrealEd.CookerSettings] File [C:/Users/major/OneDrive/Documents/Unreal Projects/sultus/src/Sultus/Sultus Game Files/Saved/Config/Windows/Engine.ini]
[2019.09.19-22.56.54:806][  0]LogConfig: Applying CVar settings from Section [ViewDistanceQuality@3] File [C:/Users/major/OneDrive/Documents/Unreal Projects/sultus/src/Sultus/Sultus Game Files/Saved/Config/Windows/Scalability.ini]
[2019.09.19-22.56.54:806][  0]LogConfig: Setting CVar [[r.SkeletalMeshLODBias:0]]
[2019.09.19-22.56.54:806][  0]LogConfig: Setting CVar [[r.ViewDistanceScale:1.0]]
[2019.09.19-22.56.54:806][  0]LogConfig: Applying CVar settings from Section [AntiAliasingQuality@3] File [C:/Users/major/OneDrive/Documents/Unreal Projects/sultus/src/Sultus/Sultus Game Files/Saved/Config/Windows/Scalability.ini]
[2019.09.19-22.56.54:806][  0]LogConfig: Setting CVar [[r.PostProcessAAQuality:4]]
[2019.09.19-22.56.54:806][  0]LogConfig: Applying CVar settings from Section [ShadowQuality@3] File [C:/Users/major/OneDrive/Documents/Unreal Projects/sultus/src/Sultus/Sultus Game Files/Saved/Config/Windows/Scalability.ini]
[2019.09.19-22.56.54:806][  0]LogConfig: Setting CVar [[r.LightFunctionQuality:1]]
[2019.09.19-22.56.54:806][  0]LogConfig: Setting CVar [[r.ShadowQuality:5]]
[2019.09.19-22.56.54:806][  0]LogConfig: Setting CVar [[r.Shadow.CSM.MaxCascades:10]]
[2019.09.19-22.56.54:806][  0]LogConfig: Setting CVar [[r.Shadow.MaxResolution:2048]]
[2019.09.19-22.56.54:806][  0]LogConfig: Setting CVar [[r.Shadow.MaxCSMResolution:2048]]
[2019.09.19-22.56.54:806][  0]LogConfig: Setting CVar [[r.Shadow.RadiusThreshold:0.01]]
[2019.09.19-22.56.54:806][  0]LogConfig: Setting CVar [[r.Shadow.DistanceScale:1.0]]
[2019.09.19-22.56.54:806][  0]LogConfig: Setting CVar [[r.Shadow.CSM.TransitionScale:1.0]]
[2019.09.19-22.56.54:807][  0]LogConfig: Setting CVar [[r.Shadow.PreShadowResolutionFactor:1.0]]
[2019.09.19-22.56.54:807][  0]LogConfig: Setting CVar [[r.DistanceFieldShadowing:1]]
[2019.09.19-22.56.54:807][  0]LogConfig: Setting CVar [[r.DistanceFieldAO:1]]
[2019.09.19-22.56.54:807][  0]LogConfig: Setting CVar [[r.AOQuality:2]]
[2019.09.19-22.56.54:807][  0]LogConfig: Setting CVar [[r.VolumetricFog:1]]
[2019.09.19-22.56.54:807][  0]LogConfig: Setting CVar [[r.VolumetricFog.GridPixelSize:8]]
[2019.09.19-22.56.54:807][  0]LogConfig: Setting CVar [[r.VolumetricFog.GridSizeZ:128]]
[2019.09.19-22.56.54:807][  0]LogConfig: Setting CVar [[r.VolumetricFog.HistoryMissSupersampleCount:4]]
[2019.09.19-22.56.54:807][  0]LogConfig: Setting CVar [[r.LightMaxDrawDistanceScale:1]]
[2019.09.19-22.56.54:807][  0]LogConfig: Setting CVar [[r.CapsuleShadows:1]]
[2019.09.19-22.56.54:807][  0]LogConfig: Applying CVar settings from Section [PostProcessQuality@3] File [C:/Users/major/OneDrive/Documents/Unreal Projects/sultus/src/Sultus/Sultus Game Files/Saved/Config/Windows/Scalability.ini]
[2019.09.19-22.56.54:807][  0]LogConfig: Setting CVar [[r.MotionBlurQuality:4]]
[2019.09.19-22.56.54:807][  0]LogConfig: Setting CVar [[r.AmbientOcclusionMipLevelFactor:0.4]]
[2019.09.19-22.56.54:807][  0]LogConfig: Setting CVar [[r.AmbientOcclusionMaxQuality:100]]
[2019.09.19-22.56.54:808][  0]LogConfig: Setting CVar [[r.AmbientOcclusionLevels:-1]]
[2019.09.19-22.56.54:808][  0]LogConfig: Setting CVar [[r.AmbientOcclusionRadiusScale:1.0]]
[2019.09.19-22.56.54:808][  0]LogConfig: Setting CVar [[r.DepthOfFieldQuality:2]]
[2019.09.19-22.56.54:808][  0]LogConfig: Setting CVar [[r.RenderTargetPoolMin:400]]
[2019.09.19-22.56.54:808][  0]LogConfig: Setting CVar [[r.LensFlareQuality:2]]
[2019.09.19-22.56.54:808][  0]LogConfig: Setting CVar [[r.SceneColorFringeQuality:1]]
[2019.09.19-22.56.54:808][  0]LogConfig: Setting CVar [[r.EyeAdaptationQuality:2]]
[2019.09.19-22.56.54:808][  0]LogConfig: Setting CVar [[r.BloomQuality:5]]
[2019.09.19-22.56.54:808][  0]LogConfig: Setting CVar [[r.FastBlurThreshold:100]]
[2019.09.19-22.56.54:808][  0]LogConfig: Setting CVar [[r.Upscale.Quality:3]]
[2019.09.19-22.56.54:808][  0]LogConfig: Setting CVar [[r.Tonemapper.GrainQuantization:1]]
[2019.09.19-22.56.54:808][  0]LogConfig: Setting CVar [[r.LightShaftQuality:1]]
[2019.09.19-22.56.54:808][  0]LogConfig: Setting CVar [[r.Filter.SizeScale:1]]
[2019.09.19-22.56.54:808][  0]LogConfig: Setting CVar [[r.Tonemapper.Quality:5]]
[2019.09.19-22.56.54:808][  0]LogConfig: Setting CVar [[r.DOF.Gather.AccumulatorQuality:1        ; higher gathering accumulator quality]]
[2019.09.19-22.56.54:809][  0]LogConfig: Setting CVar [[r.DOF.Gather.PostfilterMethod:1          ; Median3x3 postfilering method]]
[2019.09.19-22.56.54:809][  0]LogConfig: Setting CVar [[r.DOF.Gather.EnableBokehSettings:0       ; no bokeh simulation when gathering]]
[2019.09.19-22.56.54:809][  0]LogConfig: Setting CVar [[r.DOF.Gather.RingCount:4                 ; medium number of samples when gathering]]
[2019.09.19-22.56.54:809][  0]LogConfig: Setting CVar [[r.DOF.Scatter.ForegroundCompositing:1    ; additive foreground scattering]]
[2019.09.19-22.56.54:809][  0]LogConfig: Setting CVar [[r.DOF.Scatter.BackgroundCompositing:2    ; additive background scattering]]
[2019.09.19-22.56.54:809][  0]LogConfig: Setting CVar [[r.DOF.Scatter.EnableBokehSettings:1      ; bokeh simulation when scattering]]
[2019.09.19-22.56.54:809][  0]LogConfig: Setting CVar [[r.DOF.Scatter.MaxSpriteRatio:0.1         ; only a maximum of 10% of scattered bokeh]]
[2019.09.19-22.56.54:809][  0]LogConfig: Setting CVar [[r.DOF.Recombine.Quality:1                ; cheap slight out of focus]]
[2019.09.19-22.56.54:809][  0]LogConfig: Setting CVar [[r.DOF.Recombine.EnableBokehSettings:0    ; no bokeh simulation on slight out of focus]]
[2019.09.19-22.56.54:809][  0]LogConfig: Setting CVar [[r.DOF.TemporalAAQuality:1                ; more stable temporal accumulation]]
[2019.09.19-22.56.54:809][  0]LogConfig: Setting CVar [[r.DOF.Kernel.MaxForegroundRadius:0.025]]
[2019.09.19-22.56.54:809][  0]LogConfig: Setting CVar [[r.DOF.Kernel.MaxBackgroundRadius:0.025]]
[2019.09.19-22.56.54:809][  0]LogConfig: Applying CVar settings from Section [TextureQuality@3] File [C:/Users/major/OneDrive/Documents/Unreal Projects/sultus/src/Sultus/Sultus Game Files/Saved/Config/Windows/Scalability.ini]
[2019.09.19-22.56.54:809][  0]LogConfig: Setting CVar [[r.Streaming.MipBias:0]]
[2019.09.19-22.56.54:809][  0]LogConfig: Setting CVar [[r.Streaming.AmortizeCPUToGPUCopy:0]]
[2019.09.19-22.56.54:809][  0]LogConfig: Setting CVar [[r.Streaming.MaxNumTexturesToStreamPerFrame:0]]
[2019.09.19-22.56.54:809][  0]LogConfig: Setting CVar [[r.Streaming.Boost:1]]
[2019.09.19-22.56.54:809][  0]LogConfig: Setting CVar [[r.MaxAnisotropy:8]]
[2019.09.19-22.56.54:810][  0]LogConfig: Setting CVar [[r.Streaming.LimitPoolSizeToVRAM:0]]
[2019.09.19-22.56.54:810][  0]LogConfig: Setting CVar [[r.Streaming.PoolSize:1000]]
[2019.09.19-22.56.54:810][  0]LogConfig: Setting CVar [[r.Streaming.MaxEffectiveScreenSize:0]]
[2019.09.19-22.56.54:810][  0]LogConfig: Applying CVar settings from Section [EffectsQuality@3] File [C:/Users/major/OneDrive/Documents/Unreal Projects/sultus/src/Sultus/Sultus Game Files/Saved/Config/Windows/Scalability.ini]
[2019.09.19-22.56.54:810][  0]LogConfig: Setting CVar [[r.TranslucencyLightingVolumeDim:64]]
[2019.09.19-22.56.54:810][  0]LogConfig: Setting CVar [[r.RefractionQuality:2]]
[2019.09.19-22.56.54:810][  0]LogConfig: Setting CVar [[r.SSR.Quality:3]]
[2019.09.19-22.56.54:810][  0]LogConfig: Setting CVar [[r.SceneColorFormat:4]]
[2019.09.19-22.56.54:810][  0]LogConfig: Setting CVar [[r.DetailMode:2]]
[2019.09.19-22.56.54:810][  0]LogConfig: Setting CVar [[r.TranslucencyVolumeBlur:1]]
[2019.09.19-22.56.54:810][  0]LogConfig: Setting CVar [[r.MaterialQualityLevel:1 ; High quality]]
[2019.09.19-22.56.54:810][  0]LogConfig: Setting CVar [[r.SSS.Scale:1]]
[2019.09.19-22.56.54:810][  0]LogConfig: Setting CVar [[r.SSS.SampleSet:2]]
[2019.09.19-22.56.54:810][  0]LogConfig: Setting CVar [[r.SSS.Quality:1]]
[2019.09.19-22.56.54:810][  0]LogConfig: Setting CVar [[r.SSS.HalfRes:1]]
[2019.09.19-22.56.54:810][  0]LogConfig: Setting CVar [[r.EmitterSpawnRateScale:1.0]]
[2019.09.19-22.56.54:810][  0]LogConfig: Setting CVar [[r.ParticleLightQuality:2]]
[2019.09.19-22.56.54:810][  0]LogConfig: Applying CVar settings from Section [FoliageQuality@3] File [C:/Users/major/OneDrive/Documents/Unreal Projects/sultus/src/Sultus/Sultus Game Files/Saved/Config/Windows/Scalability.ini]
[2019.09.19-22.56.54:811][  0]LogConfig: Setting CVar [[foliage.DensityScale:1.0]]
[2019.09.19-22.56.54:811][  0]LogConfig: Setting CVar [[grass.DensityScale:1.0]]
[2019.09.19-22.56.54:811][  0]LogInit: Selected Device Profile: [Windows]
[2019.09.19-22.56.54:811][  0]LogInit: Applying CVar settings loaded from the selected device profile: [Windows]
[2019.09.19-22.56.54:825][  0]LogHAL: Display: Platform has ~ 16 GB [17018634240 / 17179869184 / 16], which maps to Larger [LargestMinGB=32, LargerMinGB=12, DefaultMinGB=8, SmallerMinGB=6, SmallestMinGB=0)
[2019.09.19-22.56.54:825][  0]LogInit: Going up to parent DeviceProfile []
[2019.09.19-22.56.54:825][  0]LogConfig: Applying CVar settings from Section [ViewDistanceQuality@2] File [C:/Users/major/OneDrive/Documents/Unreal Projects/sultus/src/Sultus/Sultus Game Files/Saved/Config/Windows/Scalability.ini]
[2019.09.19-22.56.54:825][  0]LogConfig: Setting CVar [[r.SkeletalMeshLODBias:0]]
[2019.09.19-22.56.54:825][  0]LogConfig: Setting CVar [[r.ViewDistanceScale:0.8]]
[2019.09.19-22.56.54:825][  0]LogConfig: Applying CVar settings from Section [AntiAliasingQuality@2] File [C:/Users/major/OneDrive/Documents/Unreal Projects/sultus/src/Sultus/Sultus Game Files/Saved/Config/Windows/Scalability.ini]
[2019.09.19-22.56.54:826][  0]LogConfig: Setting CVar [[r.PostProcessAAQuality:3]]
[2019.09.19-22.56.54:826][  0]LogConfig: Applying CVar settings from Section [ShadowQuality@1] File [C:/Users/major/OneDrive/Documents/Unreal Projects/sultus/src/Sultus/Sultus Game Files/Saved/Config/Windows/Scalability.ini]
[2019.09.19-22.56.54:826][  0]LogConfig: Setting CVar [[r.LightFunctionQuality:1]]
[2019.09.19-22.56.54:826][  0]LogConfig: Setting CVar [[r.ShadowQuality:3]]
[2019.09.19-22.56.54:826][  0]LogConfig: Setting CVar [[r.Shadow.CSM.MaxCascades:1]]
[2019.09.19-22.56.54:826][  0]LogConfig: Setting CVar [[r.Shadow.MaxResolution:1024]]
[2019.09.19-22.56.54:826][  0]LogConfig: Setting CVar [[r.Shadow.MaxCSMResolution:1024]]
[2019.09.19-22.56.54:826][  0]LogConfig: Setting CVar [[r.Shadow.RadiusThreshold:0.05]]
[2019.09.19-22.56.54:826][  0]LogConfig: Setting CVar [[r.Shadow.DistanceScale:0.7]]
[2019.09.19-22.56.54:826][  0]LogConfig: Setting CVar [[r.Shadow.CSM.TransitionScale:0.25]]
[2019.09.19-22.56.54:826][  0]LogConfig: Setting CVar [[r.Shadow.PreShadowResolutionFactor:0.5]]
[2019.09.19-22.56.54:826][  0]LogConfig: Setting CVar [[r.DistanceFieldShadowing:0]]
[2019.09.19-22.56.54:826][  0]LogConfig: Setting CVar [[r.DistanceFieldAO:0]]
[2019.09.19-22.56.54:826][  0]LogConfig: Setting CVar [[r.VolumetricFog:0]]
[2019.09.19-22.56.54:826][  0]LogConfig: Setting CVar [[r.LightMaxDrawDistanceScale:.5]]
[2019.09.19-22.56.54:826][  0]LogConfig: Setting CVar [[r.CapsuleShadows:1]]
[2019.09.19-22.56.54:826][  0]LogConfig: Applying CVar settings from Section [PostProcessQuality@1] File [C:/Users/major/OneDrive/Documents/Unreal Projects/sultus/src/Sultus/Sultus Game Files/Saved/Config/Windows/Scalability.ini]
[2019.09.19-22.56.54:826][  0]LogConfig: Setting CVar [[r.MotionBlurQuality:3]]
[2019.09.19-22.56.54:827][  0]LogConfig: Setting CVar [[r.AmbientOcclusionMipLevelFactor:1.0]]
[2019.09.19-22.56.54:827][  0]LogConfig: Setting CVar [[r.AmbientOcclusionMaxQuality:60]]
[2019.09.19-22.56.54:827][  0]LogConfig: Setting CVar [[r.AmbientOcclusionLevels:-1]]
[2019.09.19-22.56.54:827][  0]LogConfig: Setting CVar [[r.AmbientOcclusionRadiusScale:1.5]]
[2019.09.19-22.56.54:827][  0]LogConfig: Setting CVar [[r.DepthOfFieldQuality:1]]
[2019.09.19-22.56.54:827][  0]LogConfig: Setting CVar [[r.RenderTargetPoolMin:350]]
[2019.09.19-22.56.54:827][  0]LogConfig: Setting CVar [[r.LensFlareQuality:0]]
[2019.09.19-22.56.54:827][  0]LogConfig: Setting CVar [[r.SceneColorFringeQuality:0]]
[2019.09.19-22.56.54:827][  0]LogConfig: Setting CVar [[r.EyeAdaptationQuality:0]]
[2019.09.19-22.56.54:827][  0]LogConfig: Setting CVar [[r.BloomQuality:4]]
[2019.09.19-22.56.54:827][  0]LogConfig: Setting CVar [[r.FastBlurThreshold:2]]
[2019.09.19-22.56.54:827][  0]LogConfig: Setting CVar [[r.Upscale.Quality:2]]
[2019.09.19-22.56.54:827][  0]LogConfig: Setting CVar [[r.Tonemapper.GrainQuantization:0]]
[2019.09.19-22.56.54:827][  0]LogConfig: Setting CVar [[r.LightShaftQuality:0]]
[2019.09.19-22.56.54:827][  0]LogConfig: Setting CVar [[r.Filter.SizeScale:0.7]]
[2019.09.19-22.56.54:827][  0]LogConfig: Setting CVar [[r.Tonemapper.Quality:2]]
[2019.09.19-22.56.54:827][  0]LogConfig: Setting CVar [[r.DOF.Gather.AccumulatorQuality:0        ; lower gathering accumulator quality]]
[2019.09.19-22.56.54:827][  0]LogConfig: Setting CVar [[r.DOF.Gather.PostfilterMethod:2          ; Max3x3 postfilering method]]
[2019.09.19-22.56.54:827][  0]LogConfig: Setting CVar [[r.DOF.Gather.EnableBokehSettings:0       ; no bokeh simulation when gathering]]
[2019.09.19-22.56.54:827][  0]LogConfig: Setting CVar [[r.DOF.Gather.RingCount:3                 ; low number of samples when gathering]]
[2019.09.19-22.56.54:828][  0]LogConfig: Setting CVar [[r.DOF.Scatter.ForegroundCompositing:0    ; no foreground scattering]]
[2019.09.19-22.56.54:828][  0]LogConfig: Setting CVar [[r.DOF.Scatter.BackgroundCompositing:0    ; no foreground scattering]]
[2019.09.19-22.56.54:828][  0]LogConfig: Setting CVar [[r.DOF.Recombine.Quality:0                ; no slight out of focus]]
[2019.09.19-22.56.54:828][  0]LogConfig: Setting CVar [[r.DOF.TemporalAAQuality:0                ; faster temporal accumulation]]
[2019.09.19-22.56.54:828][  0]LogConfig: Setting CVar [[r.DOF.Kernel.MaxForegroundRadius:0.006   ; required because low gathering and no scattering and not looking great at 1080p]]
[2019.09.19-22.56.54:828][  0]LogConfig: Setting CVar [[r.DOF.Kernel.MaxBackgroundRadius:0.006   ; required because low gathering and no scattering and not looking great at 1080p]]
[2019.09.19-22.56.54:828][  0]LogConfig: Applying CVar settings from Section [TextureQuality@1] File [C:/Users/major/OneDrive/Documents/Unreal Projects/sultus/src/Sultus/Sultus Game Files/Saved/Config/Windows/Scalability.ini]
[2019.09.19-22.56.54:828][  0]LogConfig: Setting CVar [[r.Streaming.MipBias:1]]
[2019.09.19-22.56.54:828][  0]LogConfig: Setting CVar [[r.Streaming.AmortizeCPUToGPUCopy:0]]
[2019.09.19-22.56.54:829][  0]LogConfig: Setting CVar [[r.Streaming.MaxNumTexturesToStreamPerFrame:0]]
[2019.09.19-22.56.54:829][  0]LogConfig: Setting CVar [[r.Streaming.Boost:1]]
[2019.09.19-22.56.54:829][  0]LogConfig: Setting CVar [[r.MaxAnisotropy:2]]
[2019.09.19-22.56.54:829][  0]LogConfig: Setting CVar [[r.Streaming.LimitPoolSizeToVRAM:1]]
[2019.09.19-22.56.54:829][  0]LogConfig: Setting CVar [[r.Streaming.PoolSize:600]]
[2019.09.19-22.56.54:829][  0]LogConfig: Setting CVar [[r.Streaming.MaxEffectiveScreenSize:0]]
[2019.09.19-22.56.54:829][  0]LogConfig: Applying CVar settings from Section [EffectsQuality@0] File [C:/Users/major/OneDrive/Documents/Unreal Projects/sultus/src/Sultus/Sultus Game Files/Saved/Config/Windows/Scalability.ini]
[2019.09.19-22.56.54:829][  0]LogConfig: Setting CVar [[r.TranslucencyLightingVolumeDim:24]]
[2019.09.19-22.56.54:829][  0]LogConfig: Setting CVar [[r.RefractionQuality:0]]
[2019.09.19-22.56.54:829][  0]LogConfig: Setting CVar [[r.SSR.Quality:0]]
[2019.09.19-22.56.54:829][  0]LogConfig: Setting CVar [[r.SceneColorFormat:3]]
[2019.09.19-22.56.54:829][  0]LogConfig: Setting CVar [[r.DetailMode:0]]
[2019.09.19-22.56.54:829][  0]LogConfig: Setting CVar [[r.TranslucencyVolumeBlur:0]]
[2019.09.19-22.56.54:829][  0]LogConfig: Setting CVar [[r.MaterialQualityLevel:0 ; Low quality]]
[2019.09.19-22.56.54:829][  0]LogConfig: Setting CVar [[r.SSS.Scale:0]]
[2019.09.19-22.56.54:829][  0]LogConfig: Setting CVar [[r.SSS.SampleSet:0]]
[2019.09.19-22.56.54:829][  0]LogConfig: Setting CVar [[r.SSS.Quality:0]]
[2019.09.19-22.56.54:829][  0]LogConfig: Setting CVar [[r.SSS.HalfRes:1]]
[2019.09.19-22.56.54:829][  0]LogConfig: Setting CVar [[r.EmitterSpawnRateScale:0.125]]
[2019.09.19-22.56.54:830][  0]LogConfig: Setting CVar [[r.ParticleLightQuality:0]]
[2019.09.19-22.56.54:830][  0]LogConfig: Applying CVar settings from Section [FoliageQuality@0] File [C:/Users/major/OneDrive/Documents/Unreal Projects/sultus/src/Sultus/Sultus Game Files/Saved/Config/Windows/Scalability.ini]
[2019.09.19-22.56.54:830][  0]LogConfig: Setting CVar [[foliage.DensityScale:0]]
[2019.09.19-22.56.54:830][  0]LogConfig: Setting CVar [[grass.DensityScale:0]]
[2019.09.19-22.56.54:830][  0]LogConfig: Applying CVar settings from Section [Startup] File [../../../Engine/Config/ConsoleVariables.ini]
[2019.09.19-22.56.54:832][  0]LogConfig: Setting CVar [[net.UseAdaptiveNetUpdateFrequency:0]]
[2019.09.19-22.56.54:832][  0]LogConfig: Setting CVar [[p.chaos.AllowCreatePhysxBodies:1]]
[2019.09.19-22.56.54:832][  0]LogConfig: Applying CVar settings from Section [ConsoleVariables] File [C:/Users/major/OneDrive/Documents/Unreal Projects/sultus/src/Sultus/Sultus Game Files/Saved/Config/Windows/Engine.ini]
[2019.09.19-22.56.54:832][  0]LogInit: Computer: MSI
[2019.09.19-22.56.54:832][  0]LogInit: User: major
[2019.09.19-22.56.54:833][  0]LogInit: CPU Page size=4096, Cores=6
[2019.09.19-22.56.54:833][  0]LogInit: High frequency timer resolution =2.156254 MHz
[2019.09.19-22.56.54:833][  0]LogMemory: Memory total: Physical=15.8GB (16GB approx)
[2019.09.19-22.56.54:833][  0]LogMemory: Platform Memory Stats for Windows
[2019.09.19-22.56.54:833][  0]LogMemory: Process Physical Memory: 106.33 MB used, 106.33 MB peak
[2019.09.19-22.56.54:833][  0]LogMemory: Process Virtual Memory: 102.51 MB used, 102.51 MB peak
[2019.09.19-22.56.54:833][  0]LogMemory: Physical Memory: 10846.91 MB used,  5383.32 MB free, 16230.23 MB total
[2019.09.19-22.56.54:833][  0]LogMemory: Virtual Memory: 4722.05 MB used,  134213008.00 MB free, 134217728.00 MB total
[2019.09.19-22.56.57:172][  0]LogWindows: WindowsPlatformFeatures enabled
[2019.09.19-22.56.57:381][  0]LogInit: Using OS detected language (en-US).
[2019.09.19-22.56.57:381][  0]LogInit: Using OS detected locale (en-US).
[2019.09.19-22.56.57:386][  0]LogTextLocalizationManager: No specific localization for 'en-US' exists, so the 'en' localization will be used.
[2019.09.19-22.56.58:145][  0]LogInit: Setting process to per monitor DPI aware
[2019.09.19-22.56.58:358][  0]LogSlate: New Slate User Created.  User Index 0, Is Virtual User: 0
[2019.09.19-22.56.58:358][  0]LogSlate: Slate User Registered.  User Index 0, Is Virtual User: 0
[2019.09.19-22.56.59:943][  0]LogHMD: Failed to initialize OpenVR with code 110
[2019.09.19-22.56.59:943][  0]LogD3D11RHI: D3D11 adapters:
[2019.09.19-22.57.00:265][  0]LogD3D11RHI:    0. 'NVIDIA GeForce GTX 1060' (Feature Level 11_0)
[2019.09.19-22.57.00:265][  0]LogD3D11RHI:       6052/0/8115 MB DedicatedVideo/DedicatedSystem/SharedSystem, Outputs:1, VendorId:0x10de
[2019.09.19-22.57.00:336][  0]LogD3D11RHI:    1. 'Intel(R) UHD Graphics 630' (Feature Level 11_0)
[2019.09.19-22.57.00:336][  0]LogD3D11RHI:       128/0/8115 MB DedicatedVideo/DedicatedSystem/SharedSystem, Outputs:0, VendorId:0x8086
[2019.09.19-22.57.00:351][  0]LogD3D11RHI:    2. 'Microsoft Basic Render Driver' (Feature Level 11_0)
[2019.09.19-22.57.00:351][  0]LogD3D11RHI:       0/0/8115 MB DedicatedVideo/DedicatedSystem/SharedSystem, Outputs:0, VendorId:0x1414
[2019.09.19-22.57.00:351][  0]LogD3D11RHI: Chosen D3D11 Adapter: 0
[2019.09.19-22.57.00:488][  0]LogD3D11RHI: Creating new Direct3DDevice
[2019.09.19-22.57.00:489][  0]LogD3D11RHI:     GPU DeviceId: 0x1c20 (for the marketing name, search the web for "GPU Device Id")
[2019.09.19-22.57.00:489][  0]LogWindows: EnumDisplayDevices:
[2019.09.19-22.57.00:490][  0]LogWindows:    0. 'Intel(R) UHD Graphics 630' (P:1 D:1)
[2019.09.19-22.57.00:491][  0]LogWindows:    1. 'Intel(R) UHD Graphics 630' (P:0 D:0)
[2019.09.19-22.57.00:493][  0]LogWindows:    2. 'Intel(R) UHD Graphics 630' (P:0 D:0)
[2019.09.19-22.57.00:494][  0]LogWindows:    3. 'NVIDIA GeForce GTX 1060' (P:0 D:0)
[2019.09.19-22.57.00:495][  0]LogWindows:    4. 'NVIDIA GeForce GTX 1060' (P:0 D:0)
[2019.09.19-22.57.00:496][  0]LogWindows:    5. 'NVIDIA GeForce GTX 1060' (P:0 D:0)
[2019.09.19-22.57.00:498][  0]LogWindows:    6. 'NVIDIA GeForce GTX 1060' (P:0 D:0)
[2019.09.19-22.57.00:498][  0]LogWindows: DebugString: PrimaryIsNotTheChoosenAdapter PrimaryIsNotTheChoosenAdapter PrimaryIsNotTheChoosenAdapter FoundDriverCount:4 
[2019.09.19-22.57.00:499][  0]LogD3D11RHI:     Adapter Name: NVIDIA GeForce GTX 1060
[2019.09.19-22.57.00:499][  0]LogD3D11RHI:   Driver Version: 430.86 (internal:26.21.14.3086, unified:430.86)
[2019.09.19-22.57.00:499][  0]LogD3D11RHI:      Driver Date: 5-22-2019
[2019.09.19-22.57.00:499][  0]LogRHI: Texture pool is 4236 MB (70% of 6052 MB)
[2019.09.19-22.57.00:745][  0]LogD3D11RHI: Async texture creation enabled
[2019.09.19-22.57.00:836][  0]LogD3D11RHI: GPU Timing Frequency: 1000.000000 (Debug: 2 1)
[2019.09.19-22.57.02:610][  0]LogTemp: Display: Module 'AllDesktopTargetPlatform' loaded TargetPlatform 'AllDesktop'
[2019.09.19-22.57.02:666][  0]LogTemp: Display: Module 'MacClientTargetPlatform' loaded TargetPlatform 'MacClient'
[2019.09.19-22.57.02:721][  0]LogTemp: Display: Module 'MacNoEditorTargetPlatform' loaded TargetPlatform 'MacNoEditor'
[2019.09.19-22.57.02:793][  0]LogTemp: Display: Module 'MacServerTargetPlatform' loaded TargetPlatform 'MacServer'
[2019.09.19-22.57.02:860][  0]LogTemp: Display: Module 'MacTargetPlatform' loaded TargetPlatform 'Mac'
[2019.09.19-22.57.02:924][  0]LogTemp: Display: Module 'WindowsClientTargetPlatform' loaded TargetPlatform 'WindowsClient'
[2019.09.19-22.57.02:986][  0]LogTemp: Display: Module 'WindowsNoEditorTargetPlatform' loaded TargetPlatform 'WindowsNoEditor'
[2019.09.19-22.57.03:050][  0]LogTemp: Display: Module 'WindowsServerTargetPlatform' loaded TargetPlatform 'WindowsServer'
[2019.09.19-22.57.03:085][  0]LogTemp: Display: Module 'WindowsTargetPlatform' loaded TargetPlatform 'Windows'
[2019.09.19-22.57.03:256][  0]LogTemp: Display: Module 'AndroidTargetPlatform' loaded TargetPlatform 'Android'
[2019.09.19-22.57.03:256][  0]LogTemp: Display: Module 'AndroidTargetPlatform' loaded TargetPlatform 'Android_ASTC'
[2019.09.19-22.57.03:256][  0]LogTemp: Display: Module 'AndroidTargetPlatform' loaded TargetPlatform 'Android_ATC'
[2019.09.19-22.57.03:256][  0]LogTemp: Display: Module 'AndroidTargetPlatform' loaded TargetPlatform 'Android_DXT'
[2019.09.19-22.57.03:256][  0]LogTemp: Display: Module 'AndroidTargetPlatform' loaded TargetPlatform 'Android_ETC1'
[2019.09.19-22.57.03:256][  0]LogTemp: Display: Module 'AndroidTargetPlatform' loaded TargetPlatform 'Android_ETC1a'
[2019.09.19-22.57.03:256][  0]LogTemp: Display: Module 'AndroidTargetPlatform' loaded TargetPlatform 'Android_ETC2'
[2019.09.19-22.57.03:256][  0]LogTemp: Display: Module 'AndroidTargetPlatform' loaded TargetPlatform 'Android_PVRTC'
[2019.09.19-22.57.03:256][  0]LogTemp: Display: Module 'AndroidTargetPlatform' loaded TargetPlatform 'AndroidClient'
[2019.09.19-22.57.03:256][  0]LogTemp: Display: Module 'AndroidTargetPlatform' loaded TargetPlatform 'Android_ASTCClient'
[2019.09.19-22.57.03:256][  0]LogTemp: Display: Module 'AndroidTargetPlatform' loaded TargetPlatform 'Android_ATCClient'
[2019.09.19-22.57.03:256][  0]LogTemp: Display: Module 'AndroidTargetPlatform' loaded TargetPlatform 'Android_DXTClient'
[2019.09.19-22.57.03:257][  0]LogTemp: Display: Module 'AndroidTargetPlatform' loaded TargetPlatform 'Android_ETC1Client'
[2019.09.19-22.57.03:257][  0]LogTemp: Display: Module 'AndroidTargetPlatform' loaded TargetPlatform 'Android_ETC1aClient'
[2019.09.19-22.57.03:257][  0]LogTemp: Display: Module 'AndroidTargetPlatform' loaded TargetPlatform 'Android_ETC2Client'
[2019.09.19-22.57.03:257][  0]LogTemp: Display: Module 'AndroidTargetPlatform' loaded TargetPlatform 'Android_PVRTCClient'
[2019.09.19-22.57.03:257][  0]LogTemp: Display: Module 'AndroidTargetPlatform' loaded TargetPlatform 'Android_Multi'
[2019.09.19-22.57.03:257][  0]LogTemp: Display: Module 'AndroidTargetPlatform' loaded TargetPlatform 'Android_MultiClient'
[2019.09.19-22.57.03:266][  0]LogTemp: Display: Module 'HTML5TargetPlatform' loaded TargetPlatform 'HTML5'
[2019.09.19-22.57.03:362][  0]LogTemp: Display: Module 'IOSTargetPlatform' loaded TargetPlatform 'IOSClient'
[2019.09.19-22.57.03:362][  0]LogTemp: Display: Module 'IOSTargetPlatform' loaded TargetPlatform 'IOS'
[2019.09.19-22.57.03:443][  0]LogTemp: Display: Module 'TVOSTargetPlatform' loaded TargetPlatform 'TVOSClient'
[2019.09.19-22.57.03:443][  0]LogTemp: Display: Module 'TVOSTargetPlatform' loaded TargetPlatform 'TVOS'
[2019.09.19-22.57.03:481][  0]LogTemp: Display: Module 'LinuxClientTargetPlatform' loaded TargetPlatform 'LinuxClient'
[2019.09.19-22.57.03:518][  0]LogTemp: Display: Module 'LinuxNoEditorTargetPlatform' loaded TargetPlatform 'LinuxNoEditor'
[2019.09.19-22.57.03:556][  0]LogTemp: Display: Module 'LinuxServerTargetPlatform' loaded TargetPlatform 'LinuxServer'
[2019.09.19-22.57.03:595][  0]LogTemp: Display: Module 'LinuxTargetPlatform' loaded TargetPlatform 'Linux'
[2019.09.19-22.57.03:704][  0]LogTemp: Display: Module 'LuminTargetPlatform' loaded TargetPlatform 'Lumin'
[2019.09.19-22.57.03:705][  0]LogTemp: Display: Module 'LuminTargetPlatform' loaded TargetPlatform 'LuminClient'
[2019.09.19-22.57.03:705][  0]LogTargetPlatformManager: Display: Building Assets For Windows
[2019.09.19-22.57.03:769][  0]LogAudioDebug: Display: Lib vorbis DLL was dynamically loaded.
[2019.09.19-22.57.04:108][  0]LogShaderCompilers: Guid format shader working directory is -55 characters bigger than the processId version (../../../../../../Users/major/OneDrive/Documents/Unreal Projects/sultus/src/Sultus/Sultus Game Files/Intermediate/Shaders/WorkingDirectory/19408/).
[2019.09.19-22.57.04:109][  0]LogShaderCompilers: Cleaned the shader compiler working directory 'C:/Users/major/AppData/Local/Temp/UnrealShaderWorkingDir/1FA4A5F6420A83687F424A9C363023E7/'.
[2019.09.19-22.57.04:126][  0]LogXGEController: Cannot use XGE Controller as Incredibuild is not installed on this machine.
[2019.09.19-22.57.04:126][  0]LogShaderCompilers: Cannot use XGE Shader Compiler as Incredibuild is not installed on this machine.
[2019.09.19-22.57.04:126][  0]LogShaderCompilers: Display: Using Local Shader Compiler.
[2019.09.19-22.57.07:468][  0]LogDerivedDataCache: Display: Max Cache Size: 512 MB
[2019.09.19-22.57.07:645][  0]LogDerivedDataCache: Loaded boot cache 0.18s 78MB C:/Users/major/AppData/Local/UnrealEngine/4.23/DerivedDataCache/Boot.ddc.
[2019.09.19-22.57.07:645][  0]LogDerivedDataCache: Display: Loaded Boot cache: C:/Users/major/AppData/Local/UnrealEngine/4.23/DerivedDataCache/Boot.ddc
[2019.09.19-22.57.07:645][  0]LogDerivedDataCache: FDerivedDataBackendGraph:  Pak pak cache file ../../../../../../Users/major/OneDrive/Documents/Unreal Projects/sultus/src/Sultus/Sultus Game Files/DerivedDataCache/DDC.ddp not found, will not use a pak cache.
[2019.09.19-22.57.07:645][  0]LogDerivedDataCache: Unable to find inner node Pak for hierarchical cache Hierarchy.
[2019.09.19-22.57.07:645][  0]LogDerivedDataCache: FDerivedDataBackendGraph:  CompressedPak pak cache file ../../../../../../Users/major/OneDrive/Documents/Unreal Projects/sultus/src/Sultus/Sultus Game Files/DerivedDataCache/Compressed.ddp not found, will not use a pak cache.
[2019.09.19-22.57.07:646][  0]LogDerivedDataCache: Unable to find inner node CompressedPak for hierarchical cache Hierarchy.
[2019.09.19-22.57.07:696][  0]LogDerivedDataCache: Display: Pak cache opened for reading ../../../Engine/DerivedDataCache/Compressed.ddp.
[2019.09.19-22.57.07:696][  0]LogDerivedDataCache: FDerivedDataBackendGraph:  EnterprisePak pak cache file ../../../Enterprise/DerivedDataCache/Compressed.ddp not found, will not use a pak cache.
[2019.09.19-22.57.07:696][  0]LogDerivedDataCache: Unable to find inner node EnterprisePak for hierarchical cache Hierarchy.
[2019.09.19-22.57.07:708][  0]LogDerivedDataCache: Using Local data cache path C:/Users/major/AppData/Local/UnrealEngine/Common/DerivedDataCache: Writable
[2019.09.19-22.57.07:708][  0]LogDerivedDataCache: Shared data cache path not found in *engine.ini, will not use an Shared cache.
[2019.09.19-22.57.07:708][  0]LogDerivedDataCache: Unable to find inner node Shared for hierarchical cache Hierarchy.
[2019.09.19-22.57.07:814][  0]LogMaterial: Verifying Global Shaders for PCD3D_SM5
[2019.09.19-22.57.07:827][  0]LogSlate: Using FreeType 2.6.0
[2019.09.19-22.57.07:833][  0]LogSlate: SlateFontServices - WITH_FREETYPE: 1, WITH_HARFBUZZ: 1
[2019.09.19-22.57.08:347][  0]LogAssetRegistry: FAssetRegistry took 0.0106 seconds to start up
[2019.09.19-22.57.09:850][  0]LogInit: Selected Device Profile: [Windows]
[2019.09.19-22.57.10:668][  0]LogMeshReduction: Using QuadricMeshReduction for automatic static mesh reduction
[2019.09.19-22.57.10:668][  0]LogMeshReduction: Using SimplygonMeshReduction for automatic skeletal mesh reduction
[2019.09.19-22.57.10:668][  0]LogMeshReduction: Using ProxyLODMeshReduction for automatic mesh merging
[2019.09.19-22.57.10:668][  0]LogMeshReduction: No distributed automatic mesh merging module available
[2019.09.19-22.57.10:669][  0]LogMeshMerging: No distributed automatic mesh merging module available
[2019.09.19-22.57.10:738][  0]LogNetVersion: Sultus 1.0.0, NetCL: 8386587, EngineNetVer: 11, GameNetVer: 0 (Checksum: 2971813694)
[2019.09.19-22.57.13:431][  0]LogPackageLocalizationCache: Processed 12 localized package path(s) for 1 prioritized culture(s) in 0.375521 seconds
[2019.09.19-22.57.13:466][  0]LogUObjectArray: 43444 objects as part of root set at end of initial load.
[2019.09.19-22.57.13:466][  0]LogUObjectAllocator: 7548648 out of 0 bytes used by permanent object pool.
[2019.09.19-22.57.13:466][  0]LogUObjectArray: CloseDisregardForGC: 0/0 objects in disregard for GC pool
[2019.09.19-22.57.20:962][  0]LogTcpMessaging: Initializing TcpMessaging bridge
[2019.09.19-22.57.20:977][  0]LogUdpMessaging: Initializing bridge on interface 0.0.0.0:0 to multicast group 230.0.0.1:6666.
[2019.09.19-22.57.21:080][  0]LogStats: UGameplayTagsManager::InitializeManager -  0.004 s
[2019.09.19-22.57.22:376][  0]SourceControl: Source control is disabled
[2019.09.19-22.57.25:699][  0]LogAndroidPermission: UAndroidPermissionCallbackProxy::GetInstance
[2019.09.19-22.57.28:897][  0]LogOcInput: OculusInput pre-init called
[2019.09.19-22.57.28:954][  0]LogWindows: Failed to load 'OVRPlugin.dll' (GetLastError=126)
[2019.09.19-22.57.28:954][  0]LogWindows: File 'OVRPlugin.dll' does not exist
[2019.09.19-22.57.29:486][  0]LogEngine: Initializing Engine...
[2019.09.19-22.57.29:489][  0]LogHMD: Failed to initialize OpenVR with code 110
[2019.09.19-22.57.31:335][  0]LogInit: Initializing FReadOnlyCVARCache
[2019.09.19-22.57.31:406][  0]LogAIModule: Creating AISystem for world Untitled
[2019.09.19-22.57.31:484][  0]LogInit: XAudio2 using 'Speakers (Realtek(R) Audio)' : 6 channels at 48 kHz using 32 bits per sample (channel mask 0x3f)
[2019.09.19-22.57.31:576][  0]LogInit: FAudioDevice initialized.
[2019.09.19-22.57.31:576][  0]LogNetVersion: Set ProjectVersion to 1.0.0.0. Version Checksum will be recalculated on next use.
[2019.09.19-22.57.32:266][  0]LogDerivedDataCache: Saved boot cache 0.69s 76MB C:/Users/major/AppData/Local/UnrealEngine/4.23/DerivedDataCache/Boot.ddc.
[2019.09.19-22.57.32:270][  0]LogInit: Texture streaming: Enabled
[2019.09.19-22.57.32:412][  0]LogEngineSessionManager: EngineSessionManager initialized
[2019.09.19-22.57.32:818][  0]LogInit: Transaction tracking system initialized
[2019.09.19-22.57.33:088][  0]BlueprintLog: New page: Editor Load
[2019.09.19-22.57.33:739][  0]LocalizationService: Localization service is disabled
[2019.09.19-22.57.34:031][  0]LogLinker: Warning: Failed to load '/Game/FirstPersonBP/FirstPersonOverview': Can't find file.
[2019.09.19-22.57.34:032][  0]LogLinker: Warning: Failed to load '/Game/FirstPersonBP/FirstPersonOverview': Can't find file.
[2019.09.19-22.57.34:032][  0]LogUObjectGlobals: Warning: Failed to find object 'Class /Game/FirstPersonBP/FirstPersonOverview.FirstPersonOverview_C'
[2019.09.19-22.57.38:470][  0]LogCook: Display: Max memory allowance for cook 16384mb min free memory 0mb
[2019.09.19-22.57.38:471][  0]LogCook: Display: Mobile HDR setting 1
[2019.09.19-22.57.38:626][  0]LogFileCache: Scanning file cache for directory 'C:/Users/major/OneDrive/Documents/Unreal Projects/sultus/src/Sultus/Sultus Game Files/Content/' took 0.15s
[2019.09.19-22.57.38:626][  0]LogStats: FGameplayAbilitiesEditorModule::GameplayTagTreeChanged -  0.000 s
[2019.09.19-22.57.40:012][  0]LightingResults: New page: Lighting Build
[2019.09.19-22.57.40:035][  0]LogWorld: UWorld::CleanupWorld for Untitled, bSessionEnded=true, bCleanupResources=true
[2019.09.19-22.57.40:036][  0]MapCheck: New page: Map Check
[2019.09.19-22.57.40:036][  0]LightingResults: New page: Lighting Build
[2019.09.19-22.57.40:182][  0]LogUObjectHash: Compacting FUObjectHashTables data took  12.88ms
[2019.09.19-22.57.49:247][  0]LogAIModule: Creating AISystem for world FirstPersonExampleMap
[2019.09.19-22.57.49:296][  0]LogEditorServer: Finished looking for orphan Actors (0.000 secs)
[2019.09.19-22.57.49:460][  0]LogUObjectHash: Compacting FUObjectHashTables data took  13.64ms
[2019.09.19-22.57.49:461][  0]Cmd: MAP CHECKDEP NOCLEARLOG
[2019.09.19-22.57.49:461][  0]MapCheck: Map check complete: 0 Error(s), 0 Warning(s), took 0.561ms to complete.
[2019.09.19-22.57.49:462][  0]LogFileHelpers: Loading map 'FirstPersonExampleMap' took 9.455
[2019.09.19-22.57.49:901][  0]LogSlate: Updating window title bar state: overlay mode, drag disabled, window buttons hidden, title bar hidden
[2019.09.19-22.57.49:934][  0]LogSlate: Updating window title bar state: overlay mode, drag disabled, window buttons hidden, title bar hidden
[2019.09.19-22.57.49:971][  0]LogSlate: Updating window title bar state: overlay mode, drag disabled, window buttons hidden, title bar hidden
[2019.09.19-22.57.50:005][  0]LogSlate: Updating window title bar state: overlay mode, drag disabled, window buttons hidden, title bar hidden
[2019.09.19-22.57.50:050][  0]LogCollectionManager: Loaded 0 collections in 0.014390 seconds
[2019.09.19-22.57.50:090][  0]LogFileCache: Scanning file cache for directory 'C:/Users/major/OneDrive/Documents/Unreal Projects/sultus/src/Sultus/Sultus Game Files/Saved/Collections/' took 0.00s
[2019.09.19-22.57.50:090][  0]LogFileCache: Scanning file cache for directory 'C:/Users/major/OneDrive/Documents/Unreal Projects/sultus/src/Sultus/Sultus Game Files/Content/Developers/major/Collections/' took 0.00s
[2019.09.19-22.57.50:090][  0]LogFileCache: Scanning file cache for directory 'C:/Users/major/OneDrive/Documents/Unreal Projects/sultus/src/Sultus/Sultus Game Files/Content/Collections/' took 0.00s
[2019.09.19-22.57.50:091][  0]LogCollectionManager: Rebuilt the GUID cache for 0 collections in 0.000006 seconds
[2019.09.19-22.57.50:158][  0]LogContentBrowser: Native class hierarchy populated in 0.0669 seconds. Added 2955 classes and 690 folders.
[2019.09.19-22.57.50:216][  0]LogContentBrowser: Native class hierarchy updated for 'WidgetCarousel' in 0.0025 seconds. Added 0 classes and 0 folders.
[2019.09.19-22.57.50:683][  0]LogContentBrowser: Native class hierarchy updated for 'AddContentDialog' in 0.0022 seconds. Added 0 classes and 0 folders.
[2019.09.19-22.57.50:719][  0]LogContentBrowser: Native class hierarchy updated for 'SceneOutliner' in 0.0028 seconds. Added 1 classes and 2 folders.
[2019.09.19-22.57.50:792][  0]LogSlate: Took 0.001861 seconds to synchronously load lazily loaded font '../../../Engine/Content/Slate/Fonts/Roboto-Regular.ttf' (155K)
[2019.09.19-22.57.50:801][  0]LogSlate: Took 0.002007 seconds to synchronously load lazily loaded font '../../../Engine/Content/Slate/Fonts/Roboto-Bold.ttf' (160K)
[2019.09.19-22.57.50:832][  0]LogSlate: Took 0.001598 seconds to synchronously load lazily loaded font '../../../Engine/Content/Editor/Slate/Fonts/FontAwesome.ttf' (139K)
[2019.09.19-22.57.51:234][  0]LogRenderer: Reallocating scene render targets to support 964x436 Format 9 NumSamples 1 (Frame:1).
[2019.09.19-22.57.51:856][  0]LogContentBrowser: Native class hierarchy updated for 'HierarchicalLODOutliner' in 0.0026 seconds. Added 0 classes and 0 folders.
[2019.09.19-22.57.51:856][  0]LogLoad: (Engine Initialization) Total time: 65.80 seconds
[2019.09.19-22.57.51:856][  0]LogLoad: (Engine Initialization) Total Blueprint compile time: 0.00 seconds
[2019.09.19-22.57.51:883][  0]LogWindowsTextInputMethodSystem: Display: IME system now deactivated.
[2019.09.19-22.57.51:957][  0]LogContentStreaming: Texture pool size now 600 MB
[2019.09.19-22.57.52:089][  0]LogSlate: Took 0.001484 seconds to synchronously load lazily loaded font '../../../Engine/Content/Slate/Fonts/Roboto-Light.ttf' (167K)
[2019.09.19-22.57.53:231][ 10]LogAssetRegistry: Asset discovery search completed in 44.8879 seconds
[2019.09.19-22.57.53:251][ 10]LogCollectionManager: Rebuilt the object cache for 0 collections in 0.000026 seconds (found 0 objects)
[2019.09.19-22.57.53:251][ 10]LogCollectionManager: Fixed up redirectors for 0 collections in 0.000232 seconds (updated 0 objects)
[2019.09.19-23.03.20:283][785]LogSlate: FSceneViewport::OnFocusLost() reason 0
[2019.09.19-23.03.29:510][992]LogSlate: Took 0.005776 seconds to synchronously load lazily loaded font '../../../Engine/Content/Slate/Fonts/Roboto-Light.ttf' (167K)
[2019.09.19-23.03.29:517][992]LogAssetEditorManager: Opening Asset editor for AnimMontage /Game/Blueprints/Character/Animations/AM_Lazer_Casting.AM_Lazer_Casting
[2019.09.19-23.03.29:531][992]LogContentBrowser: Native class hierarchy updated for 'SkeletonEditor' in 0.0005 seconds. Added 1 classes and 2 folders.
[2019.09.19-23.03.29:783][992]LogActorComponent: RegisterComponentWithWorld: (/Engine/Transient.World_6:PersistentLevel.AnimationEditorPreviewActor_0.DebugSkelMeshComponent_0) Already registered. Aborting.
[2019.09.19-23.03.29:788][992]LogContentBrowser: Native class hierarchy updated for 'PinnedCommandList' in 0.0005 seconds. Added 1 classes and 0 folders.
[2019.09.19-23.03.29:818][992]LogSkeletalMesh: USkeletalMeshComponent::InitArticulated : Bodies already created (/Engine/Transient.World_6:PersistentLevel.AnimationEditorPreviewActor_0.DebugSkelMeshComponent_0) - call TermArticulated first.
[2019.09.19-23.03.30:094][992]LogContentBrowser: Native class hierarchy updated for 'ClothingSystemEditorInterface' in 0.0005 seconds. Added 1 classes and 0 folders.
[2019.09.19-23.03.30:101][992]LogContentBrowser: Verbose: The majority of assets in the view are of type: AnimSequence
[2019.09.19-23.05.23:971][932]LogAssetEditorManager: Opening Asset editor for AnimMontage /Game/Blueprints/Character/Animations/AM_Dash_Shinbi.AM_Dash_Shinbi
[2019.09.19-23.05.26:473][995]LogWorld: UWorld::CleanupWorld for World_6, bSessionEnded=true, bCleanupResources=true
[2019.09.19-23.05.26:654][995]LogWorld: UWorld::CleanupWorld for World_10, bSessionEnded=true, bCleanupResources=true
[2019.09.19-23.05.26:661][995]LogWorld: UWorld::CleanupWorld for World_7, bSessionEnded=true, bCleanupResources=true
[2019.09.19-23.05.28:835][ 45]LogAssetEditorManager: Opening Asset editor for AnimMontage /Game/Blueprints/Character/Animations/AM_Lazer_Casting.AM_Lazer_Casting
[2019.09.19-23.05.28:970][ 45]LogActorComponent: RegisterComponentWithWorld: (/Engine/Transient.World_11:PersistentLevel.AnimationEditorPreviewActor_0.DebugSkelMeshComponent_0) Already registered. Aborting.
[2019.09.19-23.05.28:991][ 45]LogSkeletalMesh: USkeletalMeshComponent::InitArticulated : Bodies already created (/Engine/Transient.World_11:PersistentLevel.AnimationEditorPreviewActor_0.DebugSkelMeshComponent_0) - call TermArticulated first.
[2019.09.19-23.05.29:247][ 45]LogContentBrowser: Verbose: The majority of assets in the view are of type: AnimSequence
[2019.09.19-23.05.35:658][213]LogSavePackage: Moving '../../../../../../Users/major/OneDrive/Documents/Unreal Projects/sultus/src/Sultus/Sultus Game Files/Saved/AM_Lazer_Casting1E4CB2D34B71773801E2D3B126499F53.tmp' to '../../../../../../Users/major/OneDrive/Documents/Unreal Projects/sultus/src/Sultus/Sultus Game Files/Content/Blueprints/Character/Animations/AM_Lazer_Casting.uasset'
[2019.09.19-23.06.23:329][549]LogAssetEditorManager: Opening Asset editor for Blueprint /Game/Blueprints/Character/GameplayAbilities/Lazer/BP_Lazer.BP_Lazer
[2019.09.19-23.06.23:680][549]LogContentBrowser: Native class hierarchy updated for 'BlueprintGraph' in 0.0007 seconds. Added 121 classes and 0 folders.
[2019.09.19-23.06.24:459][549]LogSlate: Took 0.001241 seconds to synchronously load lazily loaded font '../../../Engine/Content/Slate/Fonts/Roboto-BoldCondensed.ttf' (158K)
[2019.09.19-23.06.24:530][550]LogSlate: Took 0.001133 seconds to synchronously load lazily loaded font '../../../Engine/Content/Slate/Fonts/Roboto-Italic.ttf' (157K)
[2019.09.19-23.06.27:949][747]BlueprintLog: New page: Compile BP_Lazer
[2019.09.19-23.06.28:197][747]LogUObjectHash: Compacting FUObjectHashTables data took   3.64ms
[2019.09.19-23.06.29:893][815]LogWorld: UWorld::CleanupWorld for World_13, bSessionEnded=true, bCleanupResources=true
[2019.09.19-23.06.31:931][869]LogLinker: Warning: While loading '../../../../../../Users/major/OneDrive/Documents/Unreal Projects/sultus/src/Sultus/Sultus Game Files/Content/Blueprints/Character/GameplayAbilities/Lazer/GE_Lazer_Damage.uasset' failed to load '/Script/AbilitySystemTesting': Can't find file.
[2019.09.19-23.06.31:931][869]LogLinker: Warning: While loading '../../../../../../Users/major/OneDrive/Documents/Unreal Projects/sultus/src/Sultus/Sultus Game Files/Content/Blueprints/Character/GameplayAbilities/Lazer/GE_Lazer_Damage.uasset' failed to load '/Script/AbilitySystemTesting': Can't find file.
[2019.09.19-23.06.31:931][869]LogLinker: Warning: While loading '../../../../../../Users/major/OneDrive/Documents/Unreal Projects/sultus/src/Sultus/Sultus Game Files/Content/Blueprints/Character/GameplayAbilities/Lazer/GE_Lazer_Damage.uasset' failed to load '/Script/AbilitySystemTesting': Can't find file.
[2019.09.19-23.06.31:931][869]LogLinker: Warning: While loading '../../../../../../Users/major/OneDrive/Documents/Unreal Projects/sultus/src/Sultus/Sultus Game Files/Content/Blueprints/Character/GameplayAbilities/Lazer/GE_Lazer_Damage.uasset' failed to load '/Script/AbilitySystemTesting': Can't find file.
[2019.09.19-23.06.31:931][869]LogLinker: Warning: While loading '../../../../../../Users/major/OneDrive/Documents/Unreal Projects/sultus/src/Sultus/Sultus Game Files/Content/Blueprints/Character/GameplayAbilities/Lazer/GE_Lazer_Damage.uasset' failed to load '/Script/AbilitySystemTesting': Can't find file.
[2019.09.19-23.06.31:931][869]LogLinker: Warning: While loading '../../../../../../Users/major/OneDrive/Documents/Unreal Projects/sultus/src/Sultus/Sultus Game Files/Content/Blueprints/Character/GameplayAbilities/Lazer/GE_Lazer_Damage.uasset' failed to load '/Script/AbilitySystemTesting': Can't find file.
[2019.09.19-23.06.31:932][869]LogLinker: Warning: While loading '../../../../../../Users/major/OneDrive/Documents/Unreal Projects/sultus/src/Sultus/Sultus Game Files/Content/Blueprints/Character/GameplayAbilities/Lazer/GA_Lazer.uasset' failed to load '/Script/AbilitySystemTesting': Can't find file.
[2019.09.19-23.06.31:932][869]LogLinker: Warning: While loading '../../../../../../Users/major/OneDrive/Documents/Unreal Projects/sultus/src/Sultus/Sultus Game Files/Content/Blueprints/Character/GameplayAbilities/Lazer/GA_Lazer.uasset' failed to load '/Script/AbilitySystemTesting': Can't find file.
[2019.09.19-23.06.31:932][869]LogLinker: Warning: While loading '../../../../../../Users/major/OneDrive/Documents/Unreal Projects/sultus/src/Sultus/Sultus Game Files/Content/Blueprints/Character/GameplayAbilities/Lazer/GA_Lazer.uasset' failed to load '/Script/AbilitySystemTesting': Can't find file.
[2019.09.19-23.06.31:932][869]LogLinker: Warning: While loading '../../../../../../Users/major/OneDrive/Documents/Unreal Projects/sultus/src/Sultus/Sultus Game Files/Content/Blueprints/Character/GameplayAbilities/Lazer/GA_Lazer.uasset' failed to load '/Script/AbilitySystemTesting': Can't find file.
[2019.09.19-23.06.31:932][869]LogLinker: Warning: While loading '../../../../../../Users/major/OneDrive/Documents/Unreal Projects/sultus/src/Sultus/Sultus Game Files/Content/Blueprints/Character/GameplayAbilities/Lazer/GA_Lazer.uasset' failed to load '/Script/AbilitySystemTesting': Can't find file.
[2019.09.19-23.06.31:932][869]LogLinker: Warning: While loading '../../../../../../Users/major/OneDrive/Documents/Unreal Projects/sultus/src/Sultus/Sultus Game Files/Content/Blueprints/Character/GameplayAbilities/Lazer/GA_Lazer.uasset' failed to load '/Script/AbilitySystemTesting': Can't find file.
[2019.09.19-23.06.31:932][869]LogLinker: Warning: While loading '../../../../../../Users/major/OneDrive/Documents/Unreal Projects/sultus/src/Sultus/Sultus Game Files/Content/Blueprints/Character/GameplayAbilities/Lazer/GA_Lazer.uasset' failed to load '/Script/AbilitySystemTesting': Can't find file.
[2019.09.19-23.06.31:932][869]LoadErrors: Failed to load /Script/AbilitySystemTesting.AttributeSetBase:Health Referenced by Default__GE_Lazer_Damage_C
[2019.09.19-23.06.31:932][869]LogLinker: Warning: While loading '../../../../../../Users/major/OneDrive/Documents/Unreal Projects/sultus/src/Sultus/Sultus Game Files/Content/Blueprints/Character/GameplayAbilities/Lazer/GA_Lazer.uasset' failed to load '/Script/AbilitySystemTesting': Can't find file.
[2019.09.19-23.06.31:946][869]LogBlueprint: Error: [Compiler GA_Lazer] COMPILER ERROR: failed building connection with 'This cast has an invalid target type (was the class deleted without a redirect?).' at  Get (a copy) generated from expanding For Each Loop
[2019.09.19-23.06.31:947][869]LogBlueprint: Error: [Compiler GA_Lazer] In use pin  <Unnamed>  no longer exists on node  Still Have Enough to USe . Please refresh node or break links to remove pin.
[2019.09.19-23.06.31:947][869]LogBlueprint: Error: [Compiler GA_Lazer] In use pin  <Unnamed>  no longer exists on node  Still Have Enough to USe . Please refresh node or break links to remove pin.
[2019.09.19-23.06.31:947][869]LogBlueprint: Error: [Compiler GA_Lazer] In use pin  Can Use  no longer exists on node  Still Have Enough to USe . Please refresh node or break links to remove pin.
[2019.09.19-23.06.31:947][869]LogBlueprint: Error: [Compiler GA_Lazer] Could not find a function named "Still Have Enough To USe" in 'GA_Lazer_C'.
Make sure 'GA_Lazer_C' has been compiled for  Still Have Enough to USe
[2019.09.19-23.06.31:947][869]LogBlueprint: Error: [Compiler GA_Lazer] In use pin  <Unnamed>  no longer exists on node  Make Camera Control Rotation . Please refresh node or break links to remove pin.
[2019.09.19-23.06.31:947][869]LogBlueprint: Error: [Compiler GA_Lazer] In use pin  Target  no longer exists on node  Make Camera Control Rotation . Please refresh node or break links to remove pin.
[2019.09.19-23.06.31:947][869]LogBlueprint: Error: [Compiler GA_Lazer] Could not find a function named "Make Camera Control Rotation" in 'GA_Lazer'.
Make sure 'GA_Lazer' has been compiled for  Make Camera Control Rotation
[2019.09.19-23.06.31:947][869]LogBlueprint: Error: [Compiler GA_Lazer] In use pin  <Unnamed>  no longer exists on node  Get Player Info . Please refresh node or break links to remove pin.
[2019.09.19-23.06.31:947][869]LogBlueprint: Error: [Compiler GA_Lazer] In use pin  <Unnamed>  no longer exists on node  Get Player Info . Please refresh node or break links to remove pin.
[2019.09.19-23.06.31:947][869]LogBlueprint: Error: [Compiler GA_Lazer] In use pin  Character Base  no longer exists on node  Get Player Info . Please refresh node or break links to remove pin.
[2019.09.19-23.06.31:947][869]LogBlueprint: Error: [Compiler GA_Lazer] Could not find a function named "GetPlayerInfo" in 'GA_Lazer_C'.
Make sure 'GA_Lazer_C' has been compiled for  Get Player Info
[2019.09.19-23.06.31:947][869]LogBlueprint: Error: [Compiler GA_Lazer] In use pin  <Unnamed>  no longer exists on node  Push Character . Please refresh node or break links to remove pin.
[2019.09.19-23.06.31:947][869]LogBlueprint: Error: [Compiler GA_Lazer] In use pin  Target  no longer exists on node  Push Character . Please refresh node or break links to remove pin.
[2019.09.19-23.06.31:948][869]LogBlueprint: Error: [Compiler GA_Lazer] In use pin  Impulse Drection  no longer exists on node  Push Character . Please refresh node or break links to remove pin.
[2019.09.19-23.06.31:948][869]LogBlueprint: Warning: [Compiler GA_Lazer] Input pin  Push Strength  specifying non-default value no longer exists on node  Push Character . Please refresh node or reset pin to default value to remove pin.
[2019.09.19-23.06.31:948][869]LogBlueprint: Warning: [Compiler GA_Lazer] Input pin  Stun Time  specifying non-default value no longer exists on node  Push Character . Please refresh node or reset pin to default value to remove pin.
[2019.09.19-23.06.31:948][869]LogBlueprint: Error: [Compiler GA_Lazer] Could not find a function named "Push Character" in 'GA_Lazer'.
Make sure 'GA_Lazer' has been compiled for  Push Character
[2019.09.19-23.06.31:948][869]LogBlueprint: Error: [Compiler GA_Lazer] In use pin  As BP Character Base  no longer exists on node  Bad cast node . Please refresh node or break links to remove pin.
[2019.09.19-23.06.31:948][869]LogBlueprint: Error: [Compiler GA_Lazer] In use pin  <Unnamed>  no longer exists on node  Make Camera Control Rotation . Please refresh node or break links to remove pin.
[2019.09.19-23.06.31:948][869]LogBlueprint: Error: [Compiler GA_Lazer] In use pin  <Unnamed>  no longer exists on node  Make Camera Control Rotation . Please refresh node or break links to remove pin.
[2019.09.19-23.06.31:948][869]LogBlueprint: Error: [Compiler GA_Lazer] In use pin  Target  no longer exists on node  Make Camera Control Rotation . Please refresh node or break links to remove pin.
[2019.09.19-23.06.31:948][869]LogBlueprint: Warning: [Compiler GA_Lazer] Input pin  Should Control  specifying non-default value no longer exists on node  Make Camera Control Rotation . Please refresh node or reset pin to default value to remove pin.
[2019.09.19-23.06.31:948][869]LogBlueprint: Error: [Compiler GA_Lazer] Could not find a function named "Make Camera Control Rotation" in 'GA_Lazer'.
Make sure 'GA_Lazer' has been compiled for  Make Camera Control Rotation
[2019.09.19-23.06.31:948][869]LogBlueprint: Error: [Compiler GA_Lazer] In use pin  <Unnamed>  no longer exists on node  Get Player Info . Please refresh node or break links to remove pin.
[2019.09.19-23.06.31:948][869]LogBlueprint: Error: [Compiler GA_Lazer] In use pin  <Unnamed>  no longer exists on node  Get Player Info . Please refresh node or break links to remove pin.
[2019.09.19-23.06.31:948][869]LogBlueprint: Error: [Compiler GA_Lazer] In use pin  Character Base  no longer exists on node  Get Player Info . Please refresh node or break links to remove pin.
[2019.09.19-23.06.31:948][869]LogBlueprint: Error: [Compiler GA_Lazer] Could not find a function named "GetPlayerInfo" in 'GA_Lazer_C'.
Make sure 'GA_Lazer_C' has been compiled for  Get Player Info
[2019.09.19-23.06.31:949][869]LogBlueprint: Error: [Compiler GA_Lazer] This blueprint (self) is not compatible with ' Target ', therefore that pin must have a connection.
[2019.09.19-23.06.31:949][869]LogBlueprint: Error: [Compiler GA_Lazer] This blueprint (self) is not compatible with ' Target ', therefore that pin must have a connection.
[2019.09.19-23.06.32:033][869]LogAssetEditorManager: Opening Asset editor for Blueprint /Game/Blueprints/Character/GameplayAbilities/Lazer/GA_Lazer.GA_Lazer
[2019.09.19-23.06.32:363][869]LogSlate: Warning: Ignoring SetUserFocus because it's not an active modal Window (user 0 not set to SGraphPanel [SGraphEditorImpl.cpp(327)].
[2019.09.19-23.06.41:905][258]BlueprintLog: New page: Compile GA_Lazer
[2019.09.19-23.06.41:910][258]LogBlueprint: Error: [Compiler GA_Lazer] COMPILER ERROR: failed building connection with 'This cast has an invalid target type (was the class deleted without a redirect?).' at  Get (a copy) generated from expanding For Each Loop
[2019.09.19-23.06.41:910][258]LogBlueprint: Error: [Compiler GA_Lazer] In use pin  <Unnamed>  no longer exists on node  Still Have Enough to USe . Please refresh node or break links to remove pin.
[2019.09.19-23.06.41:911][258]LogBlueprint: Error: [Compiler GA_Lazer] In use pin  <Unnamed>  no longer exists on node  Still Have Enough to USe . Please refresh node or break links to remove pin.
[2019.09.19-23.06.41:911][258]LogBlueprint: Error: [Compiler GA_Lazer] In use pin  Can Use  no longer exists on node  Still Have Enough to USe . Please refresh node or break links to remove pin.
[2019.09.19-23.06.41:911][258]LogBlueprint: Error: [Compiler GA_Lazer] Could not find a function named "Still Have Enough To USe" in 'GA_Lazer_C'.
Make sure 'GA_Lazer_C' has been compiled for  Still Have Enough to USe
[2019.09.19-23.06.41:911][258]LogBlueprint: Error: [Compiler GA_Lazer] In use pin  <Unnamed>  no longer exists on node  Make Camera Control Rotation . Please refresh node or break links to remove pin.
[2019.09.19-23.06.41:911][258]LogBlueprint: Error: [Compiler GA_Lazer] In use pin  Target  no longer exists on node  Make Camera Control Rotation . Please refresh node or break links to remove pin.
[2019.09.19-23.06.41:911][258]LogBlueprint: Error: [Compiler GA_Lazer] Could not find a function named "Make Camera Control Rotation" in 'GA_Lazer'.
Make sure 'GA_Lazer' has been compiled for  Make Camera Control Rotation
[2019.09.19-23.06.41:911][258]LogBlueprint: Error: [Compiler GA_Lazer] In use pin  <Unnamed>  no longer exists on node  Get Player Info . Please refresh node or break links to remove pin.
[2019.09.19-23.06.41:911][258]LogBlueprint: Error: [Compiler GA_Lazer] In use pin  <Unnamed>  no longer exists on node  Get Player Info . Please refresh node or break links to remove pin.
[2019.09.19-23.06.41:911][258]LogBlueprint: Error: [Compiler GA_Lazer] In use pin  Character Base  no longer exists on node  Get Player Info . Please refresh node or break links to remove pin.
[2019.09.19-23.06.41:911][258]LogBlueprint: Error: [Compiler GA_Lazer] Could not find a function named "GetPlayerInfo" in 'GA_Lazer_C'.
Make sure 'GA_Lazer_C' has been compiled for  Get Player Info
[2019.09.19-23.06.41:911][258]LogBlueprint: Error: [Compiler GA_Lazer] In use pin  <Unnamed>  no longer exists on node  Push Character . Please refresh node or break links to remove pin.
[2019.09.19-23.06.41:911][258]LogBlueprint: Error: [Compiler GA_Lazer] In use pin  Target  no longer exists on node  Push Character . Please refresh node or break links to remove pin.
[2019.09.19-23.06.41:911][258]LogBlueprint: Error: [Compiler GA_Lazer] In use pin  Impulse Drection  no longer exists on node  Push Character . Please refresh node or break links to remove pin.
[2019.09.19-23.06.41:911][258]LogBlueprint: Warning: [Compiler GA_Lazer] Input pin  Push Strength  specifying non-default value no longer exists on node  Push Character . Please refresh node or reset pin to default value to remove pin.
[2019.09.19-23.06.41:911][258]LogBlueprint: Warning: [Compiler GA_Lazer] Input pin  Stun Time  specifying non-default value no longer exists on node  Push Character . Please refresh node or reset pin to default value to remove pin.
[2019.09.19-23.06.41:911][258]LogBlueprint: Error: [Compiler GA_Lazer] Could not find a function named "Push Character" in 'GA_Lazer'.
Make sure 'GA_Lazer' has been compiled for  Push Character
[2019.09.19-23.06.41:912][258]LogBlueprint: Error: [Compiler GA_Lazer] In use pin  As BP Character Base  no longer exists on node  Bad cast node . Please refresh node or break links to remove pin.
[2019.09.19-23.06.41:912][258]LogBlueprint: Error: [Compiler GA_Lazer] In use pin  <Unnamed>  no longer exists on node  Make Camera Control Rotation . Please refresh node or break links to remove pin.
[2019.09.19-23.06.41:912][258]LogBlueprint: Error: [Compiler GA_Lazer] In use pin  <Unnamed>  no longer exists on node  Make Camera Control Rotation . Please refresh node or break links to remove pin.
[2019.09.19-23.06.41:912][258]LogBlueprint: Error: [Compiler GA_Lazer] In use pin  Target  no longer exists on node  Make Camera Control Rotation . Please refresh node or break links to remove pin.
[2019.09.19-23.06.41:912][258]LogBlueprint: Warning: [Compiler GA_Lazer] Input pin  Should Control  specifying non-default value no longer exists on node  Make Camera Control Rotation . Please refresh node or reset pin to default value to remove pin.
[2019.09.19-23.06.41:912][258]LogBlueprint: Error: [Compiler GA_Lazer] Could not find a function named "Make Camera Control Rotation" in 'GA_Lazer'.
Make sure 'GA_Lazer' has been compiled for  Make Camera Control Rotation
[2019.09.19-23.06.41:912][258]LogBlueprint: Error: [Compiler GA_Lazer] In use pin  <Unnamed>  no longer exists on node  Get Player Info . Please refresh node or break links to remove pin.
[2019.09.19-23.06.41:912][258]LogBlueprint: Error: [Compiler GA_Lazer] In use pin  <Unnamed>  no longer exists on node  Get Player Info . Please refresh node or break links to remove pin.
[2019.09.19-23.06.41:912][258]LogBlueprint: Error: [Compiler GA_Lazer] In use pin  Character Base  no longer exists on node  Get Player Info . Please refresh node or break links to remove pin.
[2019.09.19-23.06.41:912][258]LogBlueprint: Error: [Compiler GA_Lazer] Could not find a function named "GetPlayerInfo" in 'GA_Lazer_C'.
Make sure 'GA_Lazer_C' has been compiled for  Get Player Info
[2019.09.19-23.06.41:913][258]LogBlueprint: Error: [Compiler GA_Lazer] This blueprint (self) is not compatible with ' Target ', therefore that pin must have a connection.
[2019.09.19-23.06.41:913][258]LogBlueprint: Error: [Compiler GA_Lazer] This blueprint (self) is not compatible with ' Target ', therefore that pin must have a connection.
[2019.09.19-23.06.41:959][258]LogUObjectHash: Compacting FUObjectHashTables data took   3.29ms
[2019.09.19-23.07.45:447][630]LogD3D11RHI: Timed out while waiting for GPU to catch up. (0.5 s) (ErrorCode 00000001)
[2019.09.19-23.07.45:452][631]LogD3D11RHI: Error: Result failed 
 at D:/Build/++UE4/Sync/Engine/Source/Runtime/Windows/D3D11RHI/Private/D3D11Query.cpp:348 
 with error DXGI_ERROR_DEVICE_REMOVED DXGI_ERROR_DEVICE_HUNG
[2019.09.19-23.07.45:452][631]LogD3D11RHI: [Aftermath] GDynamicRHI=000001C2925880C0, GDX11NVAfterMathEnabled=0, Result=0xFFFFFFFF, bDeviceActive=0
[2019.09.19-23.07.45:452][631]LogWindows: Windows GetLastError: The operation completed successfully. (0)
[2019.09.19-23.07.47:254][631]LogOutputDevice: Warning: 

Script Stack (0 frames):

[2019.09.19-23.07.47:254][631]LogWindows: Windows GetLastError: The operation completed successfully. (0)
[2019.09.19-23.07.47:255][631]LogWindows: Error: === Critical error: ===
[2019.09.19-23.07.47:255][631]LogThreadingWindows: Error: Runnable thread RenderThread 9 crashed.
[2019.09.19-23.07.47:255][631]LogWindows: Error: HandleError re-entered.
[2019.09.19-23.07.47:255][631]LogWindows: FPlatformMisc::RequestExit(1)
[2019.09.19-23.07.47:255][631]LogWindows: Error: 
[2019.09.19-23.07.47:255][631]LogWindows: Error: Assertion failed: Result >= 0 [File:D:/Build/++UE4/Sync/Engine/Source/Runtime/RHI/Private/PipelineStateCache.cpp] [Line: 1272] 
[2019.09.19-23.07.47:255][631]LogWindows: Error: 
[2019.09.19-23.07.47:255][631]LogWindows: Error: 
[2019.09.19-23.07.47:255][631]LogWindows: Error: 
[2019.09.19-23.07.47:255][631]LogWindows: Error: 
[2019.09.19-23.07.47:255][631]LogWindows: Error: Crash in runnable thread RenderThread 9
[2019.09.19-23.07.47:279][631]Log file closed, 09/19/19 18:07:47
