Log file open, 09/29/19 18:31:59
LogWindows: Failed to load 'aqProf.dll' (GetLastError=126)
LogWindows: File 'aqProf.dll' does not exist
LogWindows: Failed to load 'VtuneApi.dll' (GetLastError=126)
LogWindows: File 'VtuneApi.dll' does not exist
LogWindows: Failed to load 'VtuneApi32e.dll' (GetLastError=126)
LogWindows: File 'VtuneApi32e.dll' does not exist
LogConsoleResponse: Display: Failed to find resolution value strings in scalability ini. Falling back to default.
LogInit: Display: Running engine for game: Sultus
LogPlatformFile: Not using cached read wrapper
LogTaskGraph: Started task graph with 5 named threads and 35 total threads with 3 sets of task threads.
LogStats: Stats thread started at 0.206339
LogD3D11RHI: Loaded GFSDK_Aftermath_Lib.x64.dll
LogICUInternationalization: ICU TimeZone Detection - Raw Offset: -6:00, Platform Override: ''
LogPluginManager: Mounting plugin Paper2D
LogPluginManager: Mounting plugin AISupport
LogPluginManager: Mounting plugin LightPropagationVolume
LogPluginManager: Mounting plugin ActorLayerUtilities
LogPluginManager: Mounting plugin AnimationSharing
LogPluginManager: Mounting plugin CLionSourceCodeAccess
LogPluginManager: Mounting plugin CodeLiteSourceCodeAccess
LogPluginManager: Mounting plugin GitSourceControl
LogPluginManager: Mounting plugin KDevelopSourceCodeAccess
LogPluginManager: Mounting plugin NullSourceCodeAccess
LogPluginManager: Mounting plugin PerforceSourceControl
LogPluginManager: Mounting plugin SubversionSourceControl
LogPluginManager: Mounting plugin UObjectPlugin
LogPluginManager: Mounting plugin VisualStudioCodeSourceCodeAccess
LogPluginManager: Mounting plugin VisualStudioSourceCodeAccess
LogPluginManager: Mounting plugin XCodeSourceCodeAccess
LogPluginManager: Mounting plugin AssetManagerEditor
LogPluginManager: Mounting plugin CryptoKeys
LogPluginManager: Mounting plugin CurveEditorTools
LogPluginManager: Mounting plugin DataValidation
LogPluginManager: Mounting plugin FacialAnimation
LogPluginManager: Mounting plugin GameplayTagsEditor
LogPluginManager: Mounting plugin MacGraphicsSwitching
LogPluginManager: Mounting plugin MaterialAnalyzer
LogPluginManager: Mounting plugin MobileLauncherProfileWizard
LogPluginManager: Mounting plugin PluginBrowser
LogPluginManager: Mounting plugin SpeedTreeImporter
LogPluginManager: Mounting plugin DatasmithContent
LogPluginManager: Mounting plugin VariantManagerContent
LogPluginManager: Mounting plugin AlembicImporter
LogPluginManager: Mounting plugin AutomationUtils
LogPluginManager: Mounting plugin BackChannel
LogPluginManager: Mounting plugin CharacterAI
LogPluginManager: Mounting plugin GeometryCache
LogPluginManager: Mounting plugin HTML5Networking
LogPluginManager: Mounting plugin PlatformCrypto
LogPluginManager: Mounting plugin ProxyLODPlugin
LogPluginManager: Mounting plugin SkeletalReduction
LogPluginManager: Mounting plugin MagicLeap
LogPluginManager: Mounting plugin MagicLeapMedia
LogPluginManager: Mounting plugin AndroidMedia
LogPluginManager: Mounting plugin AvfMedia
LogPluginManager: Mounting plugin ImgMedia
LogPluginManager: Mounting plugin MediaCompositing
LogPluginManager: Mounting plugin MediaPlayerEditor
LogPluginManager: Mounting plugin WebMMedia
LogPluginManager: Mounting plugin WmfMedia
LogPluginManager: Mounting plugin TcpMessaging
LogPluginManager: Mounting plugin UdpMessaging
LogPluginManager: Mounting plugin ActorSequence
LogPluginManager: Mounting plugin LevelSequenceEditor
LogPluginManager: Mounting plugin MatineeToLevelSequence
LogPluginManager: Mounting plugin NetcodeUnitTest
LogPluginManager: Mounting plugin NUTUnrealEngine4
LogPluginManager: Mounting plugin OnlineSubsystemGooglePlay
LogPluginManager: Mounting plugin OnlineSubsystemIOS
LogPluginManager: Mounting plugin OnlineSubsystem
LogPluginManager: Mounting plugin OnlineSubsystemNull
LogPluginManager: Mounting plugin OnlineSubsystemUtils
LogPluginManager: Mounting plugin LauncherChunkInstaller
LogPluginManager: Mounting plugin AndroidDeviceProfileSelector
LogPluginManager: Mounting plugin AndroidMoviePlayer
LogPluginManager: Mounting plugin AndroidPermission
LogPluginManager: Mounting plugin AppleImageUtils
LogPluginManager: Mounting plugin AppleMoviePlayer
LogPluginManager: Mounting plugin ArchVisCharacter
LogPluginManager: Mounting plugin AudioCapture
LogPluginManager: Mounting plugin CableComponent
LogPluginManager: Mounting plugin CustomMeshComponent
LogPluginManager: Mounting plugin EditableMesh
LogPluginManager: Mounting plugin ExampleDeviceProfileSelector
LogPluginManager: Mounting plugin GameplayAbilities
LogPluginManager: Mounting plugin GoogleCloudMessaging
LogPluginManager: Mounting plugin IOSDeviceProfileSelector
LogPluginManager: Mounting plugin LinuxDeviceProfileSelector
LogPluginManager: Mounting plugin LocationServicesBPLibrary
LogPluginManager: Mounting plugin MobilePatchingUtils
LogPluginManager: Mounting plugin OculusVR
LogPluginManager: Mounting plugin PhysXVehicles
LogPluginManager: Mounting plugin ProceduralMeshComponent
LogPluginManager: Mounting plugin RuntimePhysXCooking
LogPluginManager: Mounting plugin SignificanceManager
LogPluginManager: Mounting plugin SteamVR
LogPluginManager: Mounting plugin WebMMoviePlayer
LogPluginManager: Mounting plugin WindowsMoviePlayer
LogPluginManager: Mounting plugin ScreenshotTools
LogInit: Using libcurl 7.55.1-DEV
LogInit:  - built for x86_64-pc-win32
LogInit:  - supports SSL with OpenSSL/1.1.1
LogInit:  - supports HTTP deflate (compression) using libz 1.2.8
LogInit:  - other features:
LogInit:      CURL_VERSION_SSL
LogInit:      CURL_VERSION_LIBZ
LogInit:      CURL_VERSION_IPV6
LogInit:      CURL_VERSION_ASYNCHDNS
LogInit:      CURL_VERSION_LARGEFILE
LogInit:      CURL_VERSION_IDN
LogInit:  CurlRequestOptions (configurable via config and command line):
LogInit:  - bVerifyPeer = true  - Libcurl will verify peer certificate
LogInit:  - bUseHttpProxy = false  - Libcurl will NOT use HTTP proxy
LogInit:  - bDontReuseConnections = false  - Libcurl will reuse connections
LogInit:  - MaxHostConnections = 16  - Libcurl will limit the number of connections to a host
LogInit:  - LocalHostAddr = Default
LogInit:  - BufferSize = 65536
LogOnline: OSS: Creating online subsystem instance for: NULL
LogInit: WinSock: version 1.1 (2.2), MaxSocks=32767, MaxUdp=65467
LogInit: Build: ++UE4+Release-4.23-CL-8386587
LogInit: Engine Version: 4.23.0-8386587+++UE4+Release-4.23
LogInit: Compatible Engine Version: 4.23.0-8386587+++UE4+Release-4.23
LogInit: Net CL: 8386587
LogInit: OS: Windows 10 (Release 1803) (), CPU: Intel(R) Core(TM) i7-8750H CPU @ 2.20GHz, GPU: Intel(R) UHD Graphics 630
LogInit: Compiled (64-bit): Aug 31 2019 02:04:44
LogInit: Compiled with Visual C++: 19.16.27030.01
LogInit: Build Configuration: Development
LogInit: Branch Name: ++UE4+Release-4.23
LogInit: Command Line: 
LogInit: Base Directory: C:/Program Files/Epic Games/UE_4.23/Engine/Binaries/Win64/
LogInit: Installed Engine Build: 1
LogDevObjectVersion: Number of dev versions registered: 23
LogDevObjectVersion:   Dev-Blueprints (B0D832E4-1F89-4F0D-ACCF-7EB736FD4AA2): 10
LogDevObjectVersion:   Dev-Build (E1C64328-A22C-4D53-A36C-8E866417BD8C): 0
LogDevObjectVersion:   Dev-Core (375EC13C-06E4-48FB-B500-84F0262A717E): 3
LogDevObjectVersion:   Dev-Editor (E4B068ED-F494-42E9-A231-DA0B2E46BB41): 34
LogDevObjectVersion:   Dev-Framework (CFFC743F-43B0-4480-9391-14DF171D2073): 35
LogDevObjectVersion:   Dev-Mobile (B02B49B5-BB20-44E9-A304-32B752E40360): 2
LogDevObjectVersion:   Dev-Networking (A4E4105C-59A1-49B5-A7C5-40C4547EDFEE): 0
LogDevObjectVersion:   Dev-Online (39C831C9-5AE6-47DC-9A44-9C173E1C8E7C): 0
LogDevObjectVersion:   Dev-Physics (78F01B33-EBEA-4F98-B9B4-84EACCB95AA2): 0
LogDevObjectVersion:   Dev-Platform (6631380F-2D4D-43E0-8009-CF276956A95A): 0
LogDevObjectVersion:   Dev-Rendering (12F88B9F-8875-4AFC-A67C-D90C383ABD29): 31
LogDevObjectVersion:   Dev-Sequencer (7B5AE74C-D270-4C10-A958-57980B212A5A): 11
LogDevObjectVersion:   Dev-VR (D7296918-1DD6-4BDD-9DE2-64A83CC13884): 2
LogDevObjectVersion:   Dev-LoadTimes (C2A15278-BFE7-4AFE-6C17-90FF531DF755): 1
LogDevObjectVersion:   Private-Geometry (6EACA3D4-40EC-4CC1-B786-8BED09428FC5): 3
LogDevObjectVersion:   Dev-AnimPhys (29E575DD-E0A3-4627-9D10-D276232CDCEA): 17
LogDevObjectVersion:   Dev-Anim (AF43A65D-7FD3-4947-9873-3E8ED9C1BB05): 2
LogDevObjectVersion:   Dev-ReflectionCapture (6B266CEC-1EC7-4B8F-A30B-E4D90942FC07): 1
LogDevObjectVersion:   Dev-Automation (0DF73D61-A23F-47EA-B727-89E90C41499A): 1
LogDevObjectVersion:   FortniteMain (601D1886-AC64-4F84-AA16-D3DE0DEAC7D6): 27
LogDevObjectVersion:   Dev-Enterprise (9DFFBCD6-494F-0158-E221-12823C92A888): 6
LogDevObjectVersion:   Dev-Niagara (F2AED0AC-9AFE-416F-8664-AA7FFA26D6FC): 1
LogDevObjectVersion:   Dev-Destruction (174F1F0B-B4C6-45A5-B13F-2EE8D0FB917D): 9
LogInit: Presizing for max 16777216 objects, including 0 objects not considered by GC, pre-allocating 0 bytes for permanent pool.
LogInit: Object subsystem initialized
LogConfig: Setting CVar [[con.DebugEarlyDefault:1]]
LogConfig: Setting CVar [[r.setres:1280x720]]
[2019.09.29-23.32.00:397][  0]LogConfig: Setting CVar [[r.VSync:0]]
[2019.09.29-23.32.00:397][  0]LogConfig: Setting CVar [[r.RHICmdBypass:0]]
[2019.09.29-23.32.00:398][  0]LogConfig: Applying CVar settings from Section [/Script/Engine.RendererSettings] File [C:/Users/major/OneDrive/Documents/Unreal Projects/sultus/src/Sultus/Sultus Game Files/Saved/Config/Windows/Engine.ini]
[2019.09.29-23.32.00:398][  0]LogConfig: Setting CVar [[r.GPUCrashDebugging:0]]
[2019.09.29-23.32.00:398][  0]LogConfig: Applying CVar settings from Section [/Script/Engine.RendererOverrideSettings] File [C:/Users/major/OneDrive/Documents/Unreal Projects/sultus/src/Sultus/Sultus Game Files/Saved/Config/Windows/Engine.ini]
[2019.09.29-23.32.00:398][  0]LogConfig: Applying CVar settings from Section [/Script/Engine.StreamingSettings] File [C:/Users/major/OneDrive/Documents/Unreal Projects/sultus/src/Sultus/Sultus Game Files/Saved/Config/Windows/Engine.ini]
[2019.09.29-23.32.00:398][  0]LogConfig: Setting CVar [[s.MinBulkDataSizeForAsyncLoading:131072]]
[2019.09.29-23.32.00:398][  0]LogConfig: Setting CVar [[s.AsyncLoadingThreadEnabled:0]]
[2019.09.29-23.32.00:398][  0]LogConfig: Setting CVar [[s.EventDrivenLoaderEnabled:1]]
[2019.09.29-23.32.00:398][  0]LogConfig: Setting CVar [[s.WarnIfTimeLimitExceeded:0]]
[2019.09.29-23.32.00:398][  0]LogConfig: Setting CVar [[s.TimeLimitExceededMultiplier:1.5]]
[2019.09.29-23.32.00:398][  0]LogConfig: Setting CVar [[s.TimeLimitExceededMinTime:0.005]]
[2019.09.29-23.32.00:398][  0]LogConfig: Setting CVar [[s.UseBackgroundLevelStreaming:1]]
[2019.09.29-23.32.00:398][  0]LogConfig: Setting CVar [[s.PriorityAsyncLoadingExtraTime:15.0]]
[2019.09.29-23.32.00:398][  0]LogConfig: Setting CVar [[s.LevelStreamingActorsUpdateTimeLimit:5.0]]
[2019.09.29-23.32.00:398][  0]LogConfig: Setting CVar [[s.PriorityLevelStreamingActorsUpdateExtraTime:5.0]]
[2019.09.29-23.32.00:398][  0]LogConfig: Setting CVar [[s.LevelStreamingComponentsRegistrationGranularity:10]]
[2019.09.29-23.32.00:398][  0]LogConfig: Setting CVar [[s.UnregisterComponentsTimeLimit:1.0]]
[2019.09.29-23.32.00:398][  0]LogConfig: Setting CVar [[s.LevelStreamingComponentsUnregistrationGranularity:5]]
[2019.09.29-23.32.00:398][  0]LogConfig: Applying CVar settings from Section [/Script/Engine.GarbageCollectionSettings] File [C:/Users/major/OneDrive/Documents/Unreal Projects/sultus/src/Sultus/Sultus Game Files/Saved/Config/Windows/Engine.ini]
[2019.09.29-23.32.00:398][  0]LogConfig: Setting CVar [[gc.MaxObjectsNotConsideredByGC:1]]
[2019.09.29-23.32.00:398][  0]LogConfig: Setting CVar [[gc.SizeOfPermanentObjectPool:0]]
[2019.09.29-23.32.00:398][  0]LogConfig: Setting CVar [[gc.FlushStreamingOnGC:0]]
[2019.09.29-23.32.00:398][  0]LogConfig: Setting CVar [[gc.NumRetriesBeforeForcingGC:10]]
[2019.09.29-23.32.00:398][  0]LogConfig: Setting CVar [[gc.AllowParallelGC:1]]
[2019.09.29-23.32.00:398][  0]LogConfig: Setting CVar [[gc.TimeBetweenPurgingPendingKillObjects:61.1]]
[2019.09.29-23.32.00:398][  0]LogConfig: Setting CVar [[gc.MaxObjectsInEditor:16777216]]
[2019.09.29-23.32.00:398][  0]LogConfig: Setting CVar [[gc.IncrementalBeginDestroyEnabled:1]]
[2019.09.29-23.32.00:398][  0]LogConfig: Setting CVar [[gc.CreateGCClusters:1]]
[2019.09.29-23.32.00:398][  0]LogConfig: Setting CVar [[gc.MinGCClusterSize:5]]
[2019.09.29-23.32.00:398][  0]LogConfig: Setting CVar [[gc.ActorClusteringEnabled:0]]
[2019.09.29-23.32.00:398][  0]LogConfig: Setting CVar [[gc.BlueprintClusteringEnabled:0]]
[2019.09.29-23.32.00:398][  0]LogConfig: Setting CVar [[gc.UseDisregardForGCOnDedicatedServers:0]]
[2019.09.29-23.32.00:398][  0]LogConfig: Applying CVar settings from Section [/Script/Engine.NetworkSettings] File [C:/Users/major/OneDrive/Documents/Unreal Projects/sultus/src/Sultus/Sultus Game Files/Saved/Config/Windows/Engine.ini]
[2019.09.29-23.32.00:398][  0]LogConfig: Applying CVar settings from Section [/Script/UnrealEd.CookerSettings] File [C:/Users/major/OneDrive/Documents/Unreal Projects/sultus/src/Sultus/Sultus Game Files/Saved/Config/Windows/Engine.ini]
[2019.09.29-23.32.00:401][  0]LogConfig: Applying CVar settings from Section [ViewDistanceQuality@3] File [C:/Users/major/OneDrive/Documents/Unreal Projects/sultus/src/Sultus/Sultus Game Files/Saved/Config/Windows/Scalability.ini]
[2019.09.29-23.32.00:401][  0]LogConfig: Setting CVar [[r.SkeletalMeshLODBias:0]]
[2019.09.29-23.32.00:401][  0]LogConfig: Setting CVar [[r.ViewDistanceScale:1.0]]
[2019.09.29-23.32.00:401][  0]LogConfig: Applying CVar settings from Section [AntiAliasingQuality@3] File [C:/Users/major/OneDrive/Documents/Unreal Projects/sultus/src/Sultus/Sultus Game Files/Saved/Config/Windows/Scalability.ini]
[2019.09.29-23.32.00:401][  0]LogConfig: Setting CVar [[r.PostProcessAAQuality:4]]
[2019.09.29-23.32.00:401][  0]LogConfig: Applying CVar settings from Section [ShadowQuality@3] File [C:/Users/major/OneDrive/Documents/Unreal Projects/sultus/src/Sultus/Sultus Game Files/Saved/Config/Windows/Scalability.ini]
[2019.09.29-23.32.00:401][  0]LogConfig: Setting CVar [[r.LightFunctionQuality:1]]
[2019.09.29-23.32.00:401][  0]LogConfig: Setting CVar [[r.ShadowQuality:5]]
[2019.09.29-23.32.00:401][  0]LogConfig: Setting CVar [[r.Shadow.CSM.MaxCascades:10]]
[2019.09.29-23.32.00:401][  0]LogConfig: Setting CVar [[r.Shadow.MaxResolution:2048]]
[2019.09.29-23.32.00:401][  0]LogConfig: Setting CVar [[r.Shadow.MaxCSMResolution:2048]]
[2019.09.29-23.32.00:401][  0]LogConfig: Setting CVar [[r.Shadow.RadiusThreshold:0.01]]
[2019.09.29-23.32.00:401][  0]LogConfig: Setting CVar [[r.Shadow.DistanceScale:1.0]]
[2019.09.29-23.32.00:401][  0]LogConfig: Setting CVar [[r.Shadow.CSM.TransitionScale:1.0]]
[2019.09.29-23.32.00:401][  0]LogConfig: Setting CVar [[r.Shadow.PreShadowResolutionFactor:1.0]]
[2019.09.29-23.32.00:401][  0]LogConfig: Setting CVar [[r.DistanceFieldShadowing:1]]
[2019.09.29-23.32.00:401][  0]LogConfig: Setting CVar [[r.DistanceFieldAO:1]]
[2019.09.29-23.32.00:401][  0]LogConfig: Setting CVar [[r.AOQuality:2]]
[2019.09.29-23.32.00:401][  0]LogConfig: Setting CVar [[r.VolumetricFog:1]]
[2019.09.29-23.32.00:401][  0]LogConfig: Setting CVar [[r.VolumetricFog.GridPixelSize:8]]
[2019.09.29-23.32.00:401][  0]LogConfig: Setting CVar [[r.VolumetricFog.GridSizeZ:128]]
[2019.09.29-23.32.00:401][  0]LogConfig: Setting CVar [[r.VolumetricFog.HistoryMissSupersampleCount:4]]
[2019.09.29-23.32.00:401][  0]LogConfig: Setting CVar [[r.LightMaxDrawDistanceScale:1]]
[2019.09.29-23.32.00:401][  0]LogConfig: Setting CVar [[r.CapsuleShadows:1]]
[2019.09.29-23.32.00:401][  0]LogConfig: Applying CVar settings from Section [PostProcessQuality@3] File [C:/Users/major/OneDrive/Documents/Unreal Projects/sultus/src/Sultus/Sultus Game Files/Saved/Config/Windows/Scalability.ini]
[2019.09.29-23.32.00:401][  0]LogConfig: Setting CVar [[r.MotionBlurQuality:4]]
[2019.09.29-23.32.00:401][  0]LogConfig: Setting CVar [[r.AmbientOcclusionMipLevelFactor:0.4]]
[2019.09.29-23.32.00:401][  0]LogConfig: Setting CVar [[r.AmbientOcclusionMaxQuality:100]]
[2019.09.29-23.32.00:401][  0]LogConfig: Setting CVar [[r.AmbientOcclusionLevels:-1]]
[2019.09.29-23.32.00:401][  0]LogConfig: Setting CVar [[r.AmbientOcclusionRadiusScale:1.0]]
[2019.09.29-23.32.00:401][  0]LogConfig: Setting CVar [[r.DepthOfFieldQuality:2]]
[2019.09.29-23.32.00:401][  0]LogConfig: Setting CVar [[r.RenderTargetPoolMin:400]]
[2019.09.29-23.32.00:401][  0]LogConfig: Setting CVar [[r.LensFlareQuality:2]]
[2019.09.29-23.32.00:401][  0]LogConfig: Setting CVar [[r.SceneColorFringeQuality:1]]
[2019.09.29-23.32.00:401][  0]LogConfig: Setting CVar [[r.EyeAdaptationQuality:2]]
[2019.09.29-23.32.00:401][  0]LogConfig: Setting CVar [[r.BloomQuality:5]]
[2019.09.29-23.32.00:401][  0]LogConfig: Setting CVar [[r.FastBlurThreshold:100]]
[2019.09.29-23.32.00:401][  0]LogConfig: Setting CVar [[r.Upscale.Quality:3]]
[2019.09.29-23.32.00:401][  0]LogConfig: Setting CVar [[r.Tonemapper.GrainQuantization:1]]
[2019.09.29-23.32.00:401][  0]LogConfig: Setting CVar [[r.LightShaftQuality:1]]
[2019.09.29-23.32.00:401][  0]LogConfig: Setting CVar [[r.Filter.SizeScale:1]]
[2019.09.29-23.32.00:401][  0]LogConfig: Setting CVar [[r.Tonemapper.Quality:5]]
[2019.09.29-23.32.00:401][  0]LogConfig: Setting CVar [[r.DOF.Gather.AccumulatorQuality:1        ; higher gathering accumulator quality]]
[2019.09.29-23.32.00:401][  0]LogConfig: Setting CVar [[r.DOF.Gather.PostfilterMethod:1          ; Median3x3 postfilering method]]
[2019.09.29-23.32.00:401][  0]LogConfig: Setting CVar [[r.DOF.Gather.EnableBokehSettings:0       ; no bokeh simulation when gathering]]
[2019.09.29-23.32.00:401][  0]LogConfig: Setting CVar [[r.DOF.Gather.RingCount:4                 ; medium number of samples when gathering]]
[2019.09.29-23.32.00:401][  0]LogConfig: Setting CVar [[r.DOF.Scatter.ForegroundCompositing:1    ; additive foreground scattering]]
[2019.09.29-23.32.00:401][  0]LogConfig: Setting CVar [[r.DOF.Scatter.BackgroundCompositing:2    ; additive background scattering]]
[2019.09.29-23.32.00:401][  0]LogConfig: Setting CVar [[r.DOF.Scatter.EnableBokehSettings:1      ; bokeh simulation when scattering]]
[2019.09.29-23.32.00:401][  0]LogConfig: Setting CVar [[r.DOF.Scatter.MaxSpriteRatio:0.1         ; only a maximum of 10% of scattered bokeh]]
[2019.09.29-23.32.00:401][  0]LogConfig: Setting CVar [[r.DOF.Recombine.Quality:1                ; cheap slight out of focus]]
[2019.09.29-23.32.00:401][  0]LogConfig: Setting CVar [[r.DOF.Recombine.EnableBokehSettings:0    ; no bokeh simulation on slight out of focus]]
[2019.09.29-23.32.00:401][  0]LogConfig: Setting CVar [[r.DOF.TemporalAAQuality:1                ; more stable temporal accumulation]]
[2019.09.29-23.32.00:401][  0]LogConfig: Setting CVar [[r.DOF.Kernel.MaxForegroundRadius:0.025]]
[2019.09.29-23.32.00:401][  0]LogConfig: Setting CVar [[r.DOF.Kernel.MaxBackgroundRadius:0.025]]
[2019.09.29-23.32.00:401][  0]LogConfig: Applying CVar settings from Section [TextureQuality@3] File [C:/Users/major/OneDrive/Documents/Unreal Projects/sultus/src/Sultus/Sultus Game Files/Saved/Config/Windows/Scalability.ini]
[2019.09.29-23.32.00:401][  0]LogConfig: Setting CVar [[r.Streaming.MipBias:0]]
[2019.09.29-23.32.00:401][  0]LogConfig: Setting CVar [[r.Streaming.AmortizeCPUToGPUCopy:0]]
[2019.09.29-23.32.00:401][  0]LogConfig: Setting CVar [[r.Streaming.MaxNumTexturesToStreamPerFrame:0]]
[2019.09.29-23.32.00:401][  0]LogConfig: Setting CVar [[r.Streaming.Boost:1]]
[2019.09.29-23.32.00:401][  0]LogConfig: Setting CVar [[r.MaxAnisotropy:8]]
[2019.09.29-23.32.00:401][  0]LogConfig: Setting CVar [[r.Streaming.LimitPoolSizeToVRAM:0]]
[2019.09.29-23.32.00:401][  0]LogConfig: Setting CVar [[r.Streaming.PoolSize:1000]]
[2019.09.29-23.32.00:401][  0]LogConfig: Setting CVar [[r.Streaming.MaxEffectiveScreenSize:0]]
[2019.09.29-23.32.00:401][  0]LogConfig: Applying CVar settings from Section [EffectsQuality@3] File [C:/Users/major/OneDrive/Documents/Unreal Projects/sultus/src/Sultus/Sultus Game Files/Saved/Config/Windows/Scalability.ini]
[2019.09.29-23.32.00:401][  0]LogConfig: Setting CVar [[r.TranslucencyLightingVolumeDim:64]]
[2019.09.29-23.32.00:401][  0]LogConfig: Setting CVar [[r.RefractionQuality:2]]
[2019.09.29-23.32.00:401][  0]LogConfig: Setting CVar [[r.SSR.Quality:3]]
[2019.09.29-23.32.00:401][  0]LogConfig: Setting CVar [[r.SceneColorFormat:4]]
[2019.09.29-23.32.00:401][  0]LogConfig: Setting CVar [[r.DetailMode:2]]
[2019.09.29-23.32.00:401][  0]LogConfig: Setting CVar [[r.TranslucencyVolumeBlur:1]]
[2019.09.29-23.32.00:401][  0]LogConfig: Setting CVar [[r.MaterialQualityLevel:1 ; High quality]]
[2019.09.29-23.32.00:401][  0]LogConfig: Setting CVar [[r.SSS.Scale:1]]
[2019.09.29-23.32.00:401][  0]LogConfig: Setting CVar [[r.SSS.SampleSet:2]]
[2019.09.29-23.32.00:401][  0]LogConfig: Setting CVar [[r.SSS.Quality:1]]
[2019.09.29-23.32.00:401][  0]LogConfig: Setting CVar [[r.SSS.HalfRes:1]]
[2019.09.29-23.32.00:401][  0]LogConfig: Setting CVar [[r.EmitterSpawnRateScale:1.0]]
[2019.09.29-23.32.00:401][  0]LogConfig: Setting CVar [[r.ParticleLightQuality:2]]
[2019.09.29-23.32.00:401][  0]LogConfig: Applying CVar settings from Section [FoliageQuality@3] File [C:/Users/major/OneDrive/Documents/Unreal Projects/sultus/src/Sultus/Sultus Game Files/Saved/Config/Windows/Scalability.ini]
[2019.09.29-23.32.00:402][  0]LogConfig: Setting CVar [[foliage.DensityScale:1.0]]
[2019.09.29-23.32.00:402][  0]LogConfig: Setting CVar [[grass.DensityScale:1.0]]
[2019.09.29-23.32.00:402][  0]LogInit: Selected Device Profile: [Windows]
[2019.09.29-23.32.00:402][  0]LogInit: Applying CVar settings loaded from the selected device profile: [Windows]
[2019.09.29-23.32.00:410][  0]LogHAL: Display: Platform has ~ 16 GB [17018634240 / 17179869184 / 16], which maps to Larger [LargestMinGB=32, LargerMinGB=12, DefaultMinGB=8, SmallerMinGB=6, SmallestMinGB=0)
[2019.09.29-23.32.00:410][  0]LogInit: Going up to parent DeviceProfile []
[2019.09.29-23.32.00:410][  0]LogConfig: Applying CVar settings from Section [ViewDistanceQuality@2] File [C:/Users/major/OneDrive/Documents/Unreal Projects/sultus/src/Sultus/Sultus Game Files/Saved/Config/Windows/Scalability.ini]
[2019.09.29-23.32.00:410][  0]LogConfig: Setting CVar [[r.SkeletalMeshLODBias:0]]
[2019.09.29-23.32.00:410][  0]LogConfig: Setting CVar [[r.ViewDistanceScale:0.8]]
[2019.09.29-23.32.00:410][  0]LogConfig: Applying CVar settings from Section [AntiAliasingQuality@2] File [C:/Users/major/OneDrive/Documents/Unreal Projects/sultus/src/Sultus/Sultus Game Files/Saved/Config/Windows/Scalability.ini]
[2019.09.29-23.32.00:410][  0]LogConfig: Setting CVar [[r.PostProcessAAQuality:3]]
[2019.09.29-23.32.00:410][  0]LogConfig: Applying CVar settings from Section [ShadowQuality@1] File [C:/Users/major/OneDrive/Documents/Unreal Projects/sultus/src/Sultus/Sultus Game Files/Saved/Config/Windows/Scalability.ini]
[2019.09.29-23.32.00:410][  0]LogConfig: Setting CVar [[r.LightFunctionQuality:1]]
[2019.09.29-23.32.00:410][  0]LogConfig: Setting CVar [[r.ShadowQuality:3]]
[2019.09.29-23.32.00:410][  0]LogConfig: Setting CVar [[r.Shadow.CSM.MaxCascades:1]]
[2019.09.29-23.32.00:410][  0]LogConfig: Setting CVar [[r.Shadow.MaxResolution:1024]]
[2019.09.29-23.32.00:410][  0]LogConfig: Setting CVar [[r.Shadow.MaxCSMResolution:1024]]
[2019.09.29-23.32.00:410][  0]LogConfig: Setting CVar [[r.Shadow.RadiusThreshold:0.05]]
[2019.09.29-23.32.00:410][  0]LogConfig: Setting CVar [[r.Shadow.DistanceScale:0.7]]
[2019.09.29-23.32.00:410][  0]LogConfig: Setting CVar [[r.Shadow.CSM.TransitionScale:0.25]]
[2019.09.29-23.32.00:410][  0]LogConfig: Setting CVar [[r.Shadow.PreShadowResolutionFactor:0.5]]
[2019.09.29-23.32.00:410][  0]LogConfig: Setting CVar [[r.DistanceFieldShadowing:0]]
[2019.09.29-23.32.00:410][  0]LogConfig: Setting CVar [[r.DistanceFieldAO:0]]
[2019.09.29-23.32.00:411][  0]LogConfig: Setting CVar [[r.VolumetricFog:0]]
[2019.09.29-23.32.00:411][  0]LogConfig: Setting CVar [[r.LightMaxDrawDistanceScale:.5]]
[2019.09.29-23.32.00:411][  0]LogConfig: Setting CVar [[r.CapsuleShadows:1]]
[2019.09.29-23.32.00:411][  0]LogConfig: Applying CVar settings from Section [PostProcessQuality@1] File [C:/Users/major/OneDrive/Documents/Unreal Projects/sultus/src/Sultus/Sultus Game Files/Saved/Config/Windows/Scalability.ini]
[2019.09.29-23.32.00:411][  0]LogConfig: Setting CVar [[r.MotionBlurQuality:3]]
[2019.09.29-23.32.00:411][  0]LogConfig: Setting CVar [[r.AmbientOcclusionMipLevelFactor:1.0]]
[2019.09.29-23.32.00:411][  0]LogConfig: Setting CVar [[r.AmbientOcclusionMaxQuality:60]]
[2019.09.29-23.32.00:411][  0]LogConfig: Setting CVar [[r.AmbientOcclusionLevels:-1]]
[2019.09.29-23.32.00:411][  0]LogConfig: Setting CVar [[r.AmbientOcclusionRadiusScale:1.5]]
[2019.09.29-23.32.00:411][  0]LogConfig: Setting CVar [[r.DepthOfFieldQuality:1]]
[2019.09.29-23.32.00:411][  0]LogConfig: Setting CVar [[r.RenderTargetPoolMin:350]]
[2019.09.29-23.32.00:411][  0]LogConfig: Setting CVar [[r.LensFlareQuality:0]]
[2019.09.29-23.32.00:411][  0]LogConfig: Setting CVar [[r.SceneColorFringeQuality:0]]
[2019.09.29-23.32.00:411][  0]LogConfig: Setting CVar [[r.EyeAdaptationQuality:0]]
[2019.09.29-23.32.00:411][  0]LogConfig: Setting CVar [[r.BloomQuality:4]]
[2019.09.29-23.32.00:411][  0]LogConfig: Setting CVar [[r.FastBlurThreshold:2]]
[2019.09.29-23.32.00:411][  0]LogConfig: Setting CVar [[r.Upscale.Quality:2]]
[2019.09.29-23.32.00:411][  0]LogConfig: Setting CVar [[r.Tonemapper.GrainQuantization:0]]
[2019.09.29-23.32.00:411][  0]LogConfig: Setting CVar [[r.LightShaftQuality:0]]
[2019.09.29-23.32.00:411][  0]LogConfig: Setting CVar [[r.Filter.SizeScale:0.7]]
[2019.09.29-23.32.00:411][  0]LogConfig: Setting CVar [[r.Tonemapper.Quality:2]]
[2019.09.29-23.32.00:411][  0]LogConfig: Setting CVar [[r.DOF.Gather.AccumulatorQuality:0        ; lower gathering accumulator quality]]
[2019.09.29-23.32.00:411][  0]LogConfig: Setting CVar [[r.DOF.Gather.PostfilterMethod:2          ; Max3x3 postfilering method]]
[2019.09.29-23.32.00:411][  0]LogConfig: Setting CVar [[r.DOF.Gather.EnableBokehSettings:0       ; no bokeh simulation when gathering]]
[2019.09.29-23.32.00:411][  0]LogConfig: Setting CVar [[r.DOF.Gather.RingCount:3                 ; low number of samples when gathering]]
[2019.09.29-23.32.00:411][  0]LogConfig: Setting CVar [[r.DOF.Scatter.ForegroundCompositing:0    ; no foreground scattering]]
[2019.09.29-23.32.00:411][  0]LogConfig: Setting CVar [[r.DOF.Scatter.BackgroundCompositing:0    ; no foreground scattering]]
[2019.09.29-23.32.00:411][  0]LogConfig: Setting CVar [[r.DOF.Recombine.Quality:0                ; no slight out of focus]]
[2019.09.29-23.32.00:411][  0]LogConfig: Setting CVar [[r.DOF.TemporalAAQuality:0                ; faster temporal accumulation]]
[2019.09.29-23.32.00:411][  0]LogConfig: Setting CVar [[r.DOF.Kernel.MaxForegroundRadius:0.006   ; required because low gathering and no scattering and not looking great at 1080p]]
[2019.09.29-23.32.00:411][  0]LogConfig: Setting CVar [[r.DOF.Kernel.MaxBackgroundRadius:0.006   ; required because low gathering and no scattering and not looking great at 1080p]]
[2019.09.29-23.32.00:411][  0]LogConfig: Applying CVar settings from Section [TextureQuality@1] File [C:/Users/major/OneDrive/Documents/Unreal Projects/sultus/src/Sultus/Sultus Game Files/Saved/Config/Windows/Scalability.ini]
[2019.09.29-23.32.00:411][  0]LogConfig: Setting CVar [[r.Streaming.MipBias:1]]
[2019.09.29-23.32.00:411][  0]LogConfig: Setting CVar [[r.Streaming.AmortizeCPUToGPUCopy:0]]
[2019.09.29-23.32.00:411][  0]LogConfig: Setting CVar [[r.Streaming.MaxNumTexturesToStreamPerFrame:0]]
[2019.09.29-23.32.00:411][  0]LogConfig: Setting CVar [[r.Streaming.Boost:1]]
[2019.09.29-23.32.00:411][  0]LogConfig: Setting CVar [[r.MaxAnisotropy:2]]
[2019.09.29-23.32.00:411][  0]LogConfig: Setting CVar [[r.Streaming.LimitPoolSizeToVRAM:1]]
[2019.09.29-23.32.00:411][  0]LogConfig: Setting CVar [[r.Streaming.PoolSize:600]]
[2019.09.29-23.32.00:411][  0]LogConfig: Setting CVar [[r.Streaming.MaxEffectiveScreenSize:0]]
[2019.09.29-23.32.00:411][  0]LogConfig: Applying CVar settings from Section [EffectsQuality@0] File [C:/Users/major/OneDrive/Documents/Unreal Projects/sultus/src/Sultus/Sultus Game Files/Saved/Config/Windows/Scalability.ini]
[2019.09.29-23.32.00:411][  0]LogConfig: Setting CVar [[r.TranslucencyLightingVolumeDim:24]]
[2019.09.29-23.32.00:411][  0]LogConfig: Setting CVar [[r.RefractionQuality:0]]
[2019.09.29-23.32.00:411][  0]LogConfig: Setting CVar [[r.SSR.Quality:0]]
[2019.09.29-23.32.00:411][  0]LogConfig: Setting CVar [[r.SceneColorFormat:3]]
[2019.09.29-23.32.00:411][  0]LogConfig: Setting CVar [[r.DetailMode:0]]
[2019.09.29-23.32.00:411][  0]LogConfig: Setting CVar [[r.TranslucencyVolumeBlur:0]]
[2019.09.29-23.32.00:411][  0]LogConfig: Setting CVar [[r.MaterialQualityLevel:0 ; Low quality]]
[2019.09.29-23.32.00:411][  0]LogConfig: Setting CVar [[r.SSS.Scale:0]]
[2019.09.29-23.32.00:411][  0]LogConfig: Setting CVar [[r.SSS.SampleSet:0]]
[2019.09.29-23.32.00:411][  0]LogConfig: Setting CVar [[r.SSS.Quality:0]]
[2019.09.29-23.32.00:411][  0]LogConfig: Setting CVar [[r.SSS.HalfRes:1]]
[2019.09.29-23.32.00:411][  0]LogConfig: Setting CVar [[r.EmitterSpawnRateScale:0.125]]
[2019.09.29-23.32.00:411][  0]LogConfig: Setting CVar [[r.ParticleLightQuality:0]]
[2019.09.29-23.32.00:411][  0]LogConfig: Applying CVar settings from Section [FoliageQuality@0] File [C:/Users/major/OneDrive/Documents/Unreal Projects/sultus/src/Sultus/Sultus Game Files/Saved/Config/Windows/Scalability.ini]
[2019.09.29-23.32.00:411][  0]LogConfig: Setting CVar [[foliage.DensityScale:0]]
[2019.09.29-23.32.00:411][  0]LogConfig: Setting CVar [[grass.DensityScale:0]]
[2019.09.29-23.32.00:411][  0]LogConfig: Applying CVar settings from Section [Startup] File [../../../Engine/Config/ConsoleVariables.ini]
[2019.09.29-23.32.00:412][  0]LogConfig: Setting CVar [[net.UseAdaptiveNetUpdateFrequency:0]]
[2019.09.29-23.32.00:412][  0]LogConfig: Setting CVar [[p.chaos.AllowCreatePhysxBodies:1]]
[2019.09.29-23.32.00:412][  0]LogConfig: Applying CVar settings from Section [ConsoleVariables] File [C:/Users/major/OneDrive/Documents/Unreal Projects/sultus/src/Sultus/Sultus Game Files/Saved/Config/Windows/Engine.ini]
[2019.09.29-23.32.00:412][  0]LogInit: Computer: MSI
[2019.09.29-23.32.00:412][  0]LogInit: User: major
[2019.09.29-23.32.00:412][  0]LogInit: CPU Page size=4096, Cores=6
[2019.09.29-23.32.00:412][  0]LogInit: High frequency timer resolution =2.156254 MHz
[2019.09.29-23.32.00:412][  0]LogMemory: Memory total: Physical=15.8GB (16GB approx)
[2019.09.29-23.32.00:412][  0]LogMemory: Platform Memory Stats for Windows
[2019.09.29-23.32.00:412][  0]LogMemory: Process Physical Memory: 106.48 MB used, 106.48 MB peak
[2019.09.29-23.32.00:412][  0]LogMemory: Process Virtual Memory: 102.57 MB used, 102.57 MB peak
[2019.09.29-23.32.00:412][  0]LogMemory: Physical Memory: 7613.07 MB used,  8617.16 MB free, 16230.23 MB total
[2019.09.29-23.32.00:412][  0]LogMemory: Virtual Memory: 4722.05 MB used,  134213008.00 MB free, 134217728.00 MB total
[2019.09.29-23.32.00:781][  0]LogWindows: WindowsPlatformFeatures enabled
[2019.09.29-23.32.00:911][  0]LogInit: Using OS detected language (en-US).
[2019.09.29-23.32.00:911][  0]LogInit: Using OS detected locale (en-US).
[2019.09.29-23.32.00:914][  0]LogTextLocalizationManager: No specific localization for 'en-US' exists, so the 'en' localization will be used.
[2019.09.29-23.32.01:180][  0]LogInit: Setting process to per monitor DPI aware
[2019.09.29-23.32.01:244][  0]LogSlate: New Slate User Created.  User Index 0, Is Virtual User: 0
[2019.09.29-23.32.01:244][  0]LogSlate: Slate User Registered.  User Index 0, Is Virtual User: 0
[2019.09.29-23.32.02:055][  0]LogHMD: Failed to initialize OpenVR with code 110
[2019.09.29-23.32.02:055][  0]LogD3D11RHI: D3D11 adapters:
[2019.09.29-23.32.02:197][  0]LogD3D11RHI:    0. 'NVIDIA GeForce GTX 1060' (Feature Level 11_0)
[2019.09.29-23.32.02:197][  0]LogD3D11RHI:       6052/0/8115 MB DedicatedVideo/DedicatedSystem/SharedSystem, Outputs:1, VendorId:0x10de
[2019.09.29-23.32.02:213][  0]LogD3D11RHI:    1. 'Intel(R) UHD Graphics 630' (Feature Level 11_0)
[2019.09.29-23.32.02:213][  0]LogD3D11RHI:       128/0/8115 MB DedicatedVideo/DedicatedSystem/SharedSystem, Outputs:0, VendorId:0x8086
[2019.09.29-23.32.02:216][  0]LogD3D11RHI:    2. 'Microsoft Basic Render Driver' (Feature Level 11_0)
[2019.09.29-23.32.02:216][  0]LogD3D11RHI:       0/0/8115 MB DedicatedVideo/DedicatedSystem/SharedSystem, Outputs:0, VendorId:0x1414
[2019.09.29-23.32.02:216][  0]LogD3D11RHI: Chosen D3D11 Adapter: 0
[2019.09.29-23.32.02:247][  0]LogD3D11RHI: Creating new Direct3DDevice
[2019.09.29-23.32.02:247][  0]LogD3D11RHI:     GPU DeviceId: 0x1c20 (for the marketing name, search the web for "GPU Device Id")
[2019.09.29-23.32.02:252][  0]LogWindows: EnumDisplayDevices:
[2019.09.29-23.32.02:252][  0]LogWindows:    0. 'Intel(R) UHD Graphics 630' (P:1 D:1)
[2019.09.29-23.32.02:252][  0]LogWindows:    1. 'Intel(R) UHD Graphics 630' (P:0 D:0)
[2019.09.29-23.32.02:252][  0]LogWindows:    2. 'Intel(R) UHD Graphics 630' (P:0 D:0)
[2019.09.29-23.32.02:252][  0]LogWindows:    3. 'NVIDIA GeForce GTX 1060' (P:0 D:0)
[2019.09.29-23.32.02:253][  0]LogWindows:    4. 'NVIDIA GeForce GTX 1060' (P:0 D:0)
[2019.09.29-23.32.02:253][  0]LogWindows:    5. 'NVIDIA GeForce GTX 1060' (P:0 D:0)
[2019.09.29-23.32.02:253][  0]LogWindows:    6. 'NVIDIA GeForce GTX 1060' (P:0 D:0)
[2019.09.29-23.32.02:253][  0]LogWindows: DebugString: PrimaryIsNotTheChoosenAdapter PrimaryIsNotTheChoosenAdapter PrimaryIsNotTheChoosenAdapter FoundDriverCount:4 
[2019.09.29-23.32.02:253][  0]LogD3D11RHI:     Adapter Name: NVIDIA GeForce GTX 1060
[2019.09.29-23.32.02:253][  0]LogD3D11RHI:   Driver Version: 430.86 (internal:26.21.14.3086, unified:430.86)
[2019.09.29-23.32.02:253][  0]LogD3D11RHI:      Driver Date: 5-22-2019
[2019.09.29-23.32.02:253][  0]LogRHI: Texture pool is 4236 MB (70% of 6052 MB)
[2019.09.29-23.32.02:301][  0]LogD3D11RHI: Async texture creation enabled
[2019.09.29-23.32.02:329][  0]LogD3D11RHI: GPU Timing Frequency: 1000.000000 (Debug: 2 1)
[2019.09.29-23.32.02:861][  0]LogTemp: Display: Module 'AllDesktopTargetPlatform' loaded TargetPlatform 'AllDesktop'
[2019.09.29-23.32.02:871][  0]LogTemp: Display: Module 'MacClientTargetPlatform' loaded TargetPlatform 'MacClient'
[2019.09.29-23.32.02:882][  0]LogTemp: Display: Module 'MacNoEditorTargetPlatform' loaded TargetPlatform 'MacNoEditor'
[2019.09.29-23.32.02:899][  0]LogTemp: Display: Module 'MacServerTargetPlatform' loaded TargetPlatform 'MacServer'
[2019.09.29-23.32.02:911][  0]LogTemp: Display: Module 'MacTargetPlatform' loaded TargetPlatform 'Mac'
[2019.09.29-23.32.02:928][  0]LogTemp: Display: Module 'WindowsClientTargetPlatform' loaded TargetPlatform 'WindowsClient'
[2019.09.29-23.32.02:938][  0]LogTemp: Display: Module 'WindowsNoEditorTargetPlatform' loaded TargetPlatform 'WindowsNoEditor'
[2019.09.29-23.32.02:956][  0]LogTemp: Display: Module 'WindowsServerTargetPlatform' loaded TargetPlatform 'WindowsServer'
[2019.09.29-23.32.02:963][  0]LogTemp: Display: Module 'WindowsTargetPlatform' loaded TargetPlatform 'Windows'
[2019.09.29-23.32.02:998][  0]LogTemp: Display: Module 'AndroidTargetPlatform' loaded TargetPlatform 'Android'
[2019.09.29-23.32.02:998][  0]LogTemp: Display: Module 'AndroidTargetPlatform' loaded TargetPlatform 'Android_ASTC'
[2019.09.29-23.32.02:998][  0]LogTemp: Display: Module 'AndroidTargetPlatform' loaded TargetPlatform 'Android_ATC'
[2019.09.29-23.32.02:998][  0]LogTemp: Display: Module 'AndroidTargetPlatform' loaded TargetPlatform 'Android_DXT'
[2019.09.29-23.32.02:998][  0]LogTemp: Display: Module 'AndroidTargetPlatform' loaded TargetPlatform 'Android_ETC1'
[2019.09.29-23.32.02:998][  0]LogTemp: Display: Module 'AndroidTargetPlatform' loaded TargetPlatform 'Android_ETC1a'
[2019.09.29-23.32.02:998][  0]LogTemp: Display: Module 'AndroidTargetPlatform' loaded TargetPlatform 'Android_ETC2'
[2019.09.29-23.32.02:998][  0]LogTemp: Display: Module 'AndroidTargetPlatform' loaded TargetPlatform 'Android_PVRTC'
[2019.09.29-23.32.02:998][  0]LogTemp: Display: Module 'AndroidTargetPlatform' loaded TargetPlatform 'AndroidClient'
[2019.09.29-23.32.02:998][  0]LogTemp: Display: Module 'AndroidTargetPlatform' loaded TargetPlatform 'Android_ASTCClient'
[2019.09.29-23.32.02:998][  0]LogTemp: Display: Module 'AndroidTargetPlatform' loaded TargetPlatform 'Android_ATCClient'
[2019.09.29-23.32.02:998][  0]LogTemp: Display: Module 'AndroidTargetPlatform' loaded TargetPlatform 'Android_DXTClient'
[2019.09.29-23.32.02:998][  0]LogTemp: Display: Module 'AndroidTargetPlatform' loaded TargetPlatform 'Android_ETC1Client'
[2019.09.29-23.32.02:998][  0]LogTemp: Display: Module 'AndroidTargetPlatform' loaded TargetPlatform 'Android_ETC1aClient'
[2019.09.29-23.32.02:998][  0]LogTemp: Display: Module 'AndroidTargetPlatform' loaded TargetPlatform 'Android_ETC2Client'
[2019.09.29-23.32.02:998][  0]LogTemp: Display: Module 'AndroidTargetPlatform' loaded TargetPlatform 'Android_PVRTCClient'
[2019.09.29-23.32.02:998][  0]LogTemp: Display: Module 'AndroidTargetPlatform' loaded TargetPlatform 'Android_Multi'
[2019.09.29-23.32.02:998][  0]LogTemp: Display: Module 'AndroidTargetPlatform' loaded TargetPlatform 'Android_MultiClient'
[2019.09.29-23.32.03:008][  0]LogTemp: Display: Module 'HTML5TargetPlatform' loaded TargetPlatform 'HTML5'
[2019.09.29-23.32.03:031][  0]LogTemp: Display: Module 'IOSTargetPlatform' loaded TargetPlatform 'IOSClient'
[2019.09.29-23.32.03:031][  0]LogTemp: Display: Module 'IOSTargetPlatform' loaded TargetPlatform 'IOS'
[2019.09.29-23.32.03:047][  0]LogTemp: Display: Module 'TVOSTargetPlatform' loaded TargetPlatform 'TVOSClient'
[2019.09.29-23.32.03:047][  0]LogTemp: Display: Module 'TVOSTargetPlatform' loaded TargetPlatform 'TVOS'
[2019.09.29-23.32.03:056][  0]LogTemp: Display: Module 'LinuxClientTargetPlatform' loaded TargetPlatform 'LinuxClient'
[2019.09.29-23.32.03:065][  0]LogTemp: Display: Module 'LinuxNoEditorTargetPlatform' loaded TargetPlatform 'LinuxNoEditor'
[2019.09.29-23.32.03:081][  0]LogTemp: Display: Module 'LinuxServerTargetPlatform' loaded TargetPlatform 'LinuxServer'
[2019.09.29-23.32.03:093][  0]LogTemp: Display: Module 'LinuxTargetPlatform' loaded TargetPlatform 'Linux'
[2019.09.29-23.32.03:121][  0]LogTemp: Display: Module 'LuminTargetPlatform' loaded TargetPlatform 'Lumin'
[2019.09.29-23.32.03:121][  0]LogTemp: Display: Module 'LuminTargetPlatform' loaded TargetPlatform 'LuminClient'
[2019.09.29-23.32.03:121][  0]LogTargetPlatformManager: Display: Building Assets For Windows
[2019.09.29-23.32.03:157][  0]LogAudioDebug: Display: Lib vorbis DLL was dynamically loaded.
[2019.09.29-23.32.03:311][  0]LogShaderCompilers: Guid format shader working directory is -54 characters bigger than the processId version (../../../../../../Users/major/OneDrive/Documents/Unreal Projects/sultus/src/Sultus/Sultus Game Files/Intermediate/Shaders/WorkingDirectory/8768/).
[2019.09.29-23.32.03:311][  0]LogShaderCompilers: Cleaned the shader compiler working directory 'C:/Users/major/AppData/Local/Temp/UnrealShaderWorkingDir/412171B54CD054F9A99D41B592AABB99/'.
[2019.09.29-23.32.03:316][  0]LogXGEController: Cleaning working directory: C:/Users/major/AppData/Local/Temp/UnrealXGEWorkingDir/
[2019.09.29-23.32.03:316][  0]LogXGEController: Cannot use XGE Controller as Incredibuild is not installed on this machine.
[2019.09.29-23.32.03:316][  0]LogShaderCompilers: Cannot use XGE Shader Compiler as Incredibuild is not installed on this machine.
[2019.09.29-23.32.03:316][  0]LogShaderCompilers: Display: Using Local Shader Compiler.
[2019.09.29-23.32.04:576][  0]LogDerivedDataCache: Display: Max Cache Size: 512 MB
[2019.09.29-23.32.04:916][  0]LogDerivedDataCache: Loaded boot cache 0.34s 76MB C:/Users/major/AppData/Local/UnrealEngine/4.23/DerivedDataCache/Boot.ddc.
[2019.09.29-23.32.04:916][  0]LogDerivedDataCache: Display: Loaded Boot cache: C:/Users/major/AppData/Local/UnrealEngine/4.23/DerivedDataCache/Boot.ddc
[2019.09.29-23.32.04:916][  0]LogDerivedDataCache: FDerivedDataBackendGraph:  Pak pak cache file ../../../../../../Users/major/OneDrive/Documents/Unreal Projects/sultus/src/Sultus/Sultus Game Files/DerivedDataCache/DDC.ddp not found, will not use a pak cache.
[2019.09.29-23.32.04:916][  0]LogDerivedDataCache: Unable to find inner node Pak for hierarchical cache Hierarchy.
[2019.09.29-23.32.04:916][  0]LogDerivedDataCache: FDerivedDataBackendGraph:  CompressedPak pak cache file ../../../../../../Users/major/OneDrive/Documents/Unreal Projects/sultus/src/Sultus/Sultus Game Files/DerivedDataCache/Compressed.ddp not found, will not use a pak cache.
[2019.09.29-23.32.04:916][  0]LogDerivedDataCache: Unable to find inner node CompressedPak for hierarchical cache Hierarchy.
[2019.09.29-23.32.04:930][  0]LogDerivedDataCache: Display: Pak cache opened for reading ../../../Engine/DerivedDataCache/Compressed.ddp.
[2019.09.29-23.32.04:930][  0]LogDerivedDataCache: FDerivedDataBackendGraph:  EnterprisePak pak cache file ../../../Enterprise/DerivedDataCache/Compressed.ddp not found, will not use a pak cache.
[2019.09.29-23.32.04:930][  0]LogDerivedDataCache: Unable to find inner node EnterprisePak for hierarchical cache Hierarchy.
[2019.09.29-23.32.04:933][  0]LogDerivedDataCache: Using Local data cache path C:/Users/major/AppData/Local/UnrealEngine/Common/DerivedDataCache: Writable
[2019.09.29-23.32.04:933][  0]LogDerivedDataCache: Shared data cache path not found in *engine.ini, will not use an Shared cache.
[2019.09.29-23.32.04:933][  0]LogDerivedDataCache: Unable to find inner node Shared for hierarchical cache Hierarchy.
[2019.09.29-23.32.04:951][  0]LogMaterial: Verifying Global Shaders for PCD3D_SM5
[2019.09.29-23.32.04:953][  0]LogSlate: Using FreeType 2.6.0
[2019.09.29-23.32.04:959][  0]LogSlate: SlateFontServices - WITH_FREETYPE: 1, WITH_HARFBUZZ: 1
[2019.09.29-23.32.05:233][  0]LogAssetRegistry: FAssetRegistry took 0.0029 seconds to start up
[2019.09.29-23.32.05:529][  0]LogInit: Selected Device Profile: [Windows]
[2019.09.29-23.32.05:730][  0]LogMeshReduction: Using QuadricMeshReduction for automatic static mesh reduction
[2019.09.29-23.32.05:730][  0]LogMeshReduction: Using SimplygonMeshReduction for automatic skeletal mesh reduction
[2019.09.29-23.32.05:730][  0]LogMeshReduction: Using ProxyLODMeshReduction for automatic mesh merging
[2019.09.29-23.32.05:730][  0]LogMeshReduction: No distributed automatic mesh merging module available
[2019.09.29-23.32.05:731][  0]LogMeshMerging: No distributed automatic mesh merging module available
[2019.09.29-23.32.05:750][  0]LogNetVersion: Sultus 1.0.0, NetCL: 8386587, EngineNetVer: 11, GameNetVer: 0 (Checksum: 2971813694)
[2019.09.29-23.32.06:375][  0]LogPackageLocalizationCache: Processed 12 localized package path(s) for 1 prioritized culture(s) in 0.075323 seconds
[2019.09.29-23.32.06:382][  0]LogUObjectArray: 43444 objects as part of root set at end of initial load.
[2019.09.29-23.32.06:382][  0]LogUObjectAllocator: 7548648 out of 0 bytes used by permanent object pool.
[2019.09.29-23.32.06:382][  0]LogUObjectArray: CloseDisregardForGC: 0/0 objects in disregard for GC pool
[2019.09.29-23.32.09:808][  0]LogTcpMessaging: Initializing TcpMessaging bridge
[2019.09.29-23.32.09:820][  0]LogUdpMessaging: Initializing bridge on interface 0.0.0.0:0 to multicast group 230.0.0.1:6666.
[2019.09.29-23.32.09:917][  0]LogStats: UGameplayTagsManager::InitializeManager -  0.005 s
[2019.09.29-23.32.10:324][  0]SourceControl: Source control is disabled
[2019.09.29-23.32.11:265][  0]LogAndroidPermission: UAndroidPermissionCallbackProxy::GetInstance
[2019.09.29-23.32.11:798][  0]LogOcInput: OculusInput pre-init called
[2019.09.29-23.32.11:840][  0]LogWindows: Failed to load 'OVRPlugin.dll' (GetLastError=126)
[2019.09.29-23.32.11:840][  0]LogWindows: File 'OVRPlugin.dll' does not exist
[2019.09.29-23.32.11:960][  0]LogEngine: Initializing Engine...
[2019.09.29-23.32.11:961][  0]LogHMD: Failed to initialize OpenVR with code 110
[2019.09.29-23.32.12:224][  0]LogInit: Initializing FReadOnlyCVARCache
[2019.09.29-23.32.12:253][  0]LogAIModule: Creating AISystem for world Untitled
[2019.09.29-23.32.12:287][  0]LogInit: XAudio2 using 'Speakers (Realtek(R) Audio)' : 6 channels at 48 kHz using 32 bits per sample (channel mask 0x3f)
[2019.09.29-23.32.12:326][  0]LogInit: FAudioDevice initialized.
[2019.09.29-23.32.12:327][  0]LogNetVersion: Set ProjectVersion to 1.0.0.0. Version Checksum will be recalculated on next use.
[2019.09.29-23.32.12:452][  0]LogDerivedDataCache: Saved boot cache 0.12s 76MB C:/Users/major/AppData/Local/UnrealEngine/4.23/DerivedDataCache/Boot.ddc.
[2019.09.29-23.32.12:460][  0]LogInit: Texture streaming: Enabled
[2019.09.29-23.32.12:514][  0]LogEngineSessionManager: EngineSessionManager initialized
[2019.09.29-23.32.12:589][  0]LogInit: Transaction tracking system initialized
[2019.09.29-23.32.12:675][  0]BlueprintLog: New page: Editor Load
[2019.09.29-23.32.12:932][  0]LocalizationService: Localization service is disabled
[2019.09.29-23.32.13:057][  0]LogLinker: Warning: Failed to load '/Game/FirstPersonBP/FirstPersonOverview': Can't find file.
[2019.09.29-23.32.13:057][  0]LogLinker: Warning: Failed to load '/Game/FirstPersonBP/FirstPersonOverview': Can't find file.
[2019.09.29-23.32.13:057][  0]LogUObjectGlobals: Warning: Failed to find object 'Class /Game/FirstPersonBP/FirstPersonOverview.FirstPersonOverview_C'
[2019.09.29-23.32.13:869][  0]LogCook: Display: Max memory allowance for cook 16384mb min free memory 0mb
[2019.09.29-23.32.13:869][  0]LogCook: Display: Mobile HDR setting 1
[2019.09.29-23.32.13:921][  0]LogFileCache: Scanning file cache for directory 'C:/Users/major/OneDrive/Documents/Unreal Projects/sultus/src/Sultus/Sultus Game Files/Content/' took 0.02s
[2019.09.29-23.32.13:921][  0]LogStats: FGameplayAbilitiesEditorModule::GameplayTagTreeChanged -  0.000 s
[2019.09.29-23.32.14:533][  0]LogWindowsTextInputMethodSystem: Display: IME system now deactivated.
[2019.09.29-23.32.14:537][  0]LogSlate: Took 0.002977 seconds to synchronously load lazily loaded font '../../../Engine/Content/Slate/Fonts/Roboto-Regular.ttf' (155K)
[2019.09.29-23.32.19:727][  0]LogSlate: Window 'Restore Packages' being destroyed
[2019.09.29-23.32.19:727][  0]LogWindowsTextInputMethodSystem: Display: IME system now deactivated.
[2019.09.29-23.32.19:731][  0]LogWindowsTextInputMethodSystem: Display: IME system now deactivated.
[2019.09.29-23.32.19:867][  0]LogWindowsTextInputMethodSystem: Display: IME system now deactivated.
[2019.09.29-23.32.19:870][  0]LogWindowsTextInputMethodSystem: Display: IME system now deactivated.
[2019.09.29-23.32.19:887][  0]LightingResults: New page: Lighting Build
[2019.09.29-23.32.19:893][  0]LogWorld: UWorld::CleanupWorld for Untitled, bSessionEnded=true, bCleanupResources=true
[2019.09.29-23.32.19:894][  0]MapCheck: New page: Map Check
[2019.09.29-23.32.19:894][  0]LightingResults: New page: Lighting Build
[2019.09.29-23.32.19:921][  0]LogUObjectHash: Compacting FUObjectHashTables data took   1.86ms
[2019.09.29-23.32.20:630][  0]LogGameplayTags: Warning: Invalid GameplayTag skill.fireBlast.cooldown found while loading /Game/Blueprints/Character/GameplayAbilities/FireBlast/GE_FireBlast_Cooldown.Default__GE_FireBlast_Cooldown_C in property /Script/GameplayAbilities.InheritedTagContainer:CombinedTags.
[2019.09.29-23.32.20:630][  0]LogGameplayTags: Warning: Invalid GameplayTag skill.fireBlast.cooldown found while loading /Game/Blueprints/Character/GameplayAbilities/FireBlast/GE_FireBlast_Cooldown.Default__GE_FireBlast_Cooldown_C in property /Script/GameplayAbilities.InheritedTagContainer:Added.
[2019.09.29-23.32.20:732][  0]LogGameplayTags: Warning: Invalid GameplayTag skill.groundBlast.cooldown found while loading /Game/Blueprints/Character/GameplayAbilities/GroundBlast/GE_GroundBlast_Cooldown.Default__GE_GroundBlast_Cooldown_C in property /Script/GameplayAbilities.InheritedTagContainer:CombinedTags.
[2019.09.29-23.32.20:732][  0]LogGameplayTags: Warning: Invalid GameplayTag skill.groundBlast.cooldown found while loading /Game/Blueprints/Character/GameplayAbilities/GroundBlast/GE_GroundBlast_Cooldown.Default__GE_GroundBlast_Cooldown_C in property /Script/GameplayAbilities.InheritedTagContainer:Added.
[2019.09.29-23.32.20:856][  0]LogGameplayTags: Warning: Invalid GameplayTag skill.lazer.drainManaCost found while loading /Game/Blueprints/Character/GameplayAbilities/Lazer/GE_Lazer_Cost.Default__GE_Lazer_Cost_C in property /Script/GameplayAbilities.InheritedTagContainer:CombinedTags.
[2019.09.29-23.32.20:856][  0]LogGameplayTags: Warning: Invalid GameplayTag skill.lazer.drainManaCost found while loading /Game/Blueprints/Character/GameplayAbilities/Lazer/GE_Lazer_Cost.Default__GE_Lazer_Cost_C in property /Script/GameplayAbilities.InheritedTagContainer:Added.
[2019.09.29-23.32.22:452][  0]LogAIModule: Creating AISystem for world FirstPersonExampleMap
[2019.09.29-23.32.22:475][  0]LogEditorServer: Finished looking for orphan Actors (0.000 secs)
[2019.09.29-23.32.22:515][  0]LogUObjectHash: Compacting FUObjectHashTables data took   2.60ms
[2019.09.29-23.32.22:515][  0]Cmd: MAP CHECKDEP NOCLEARLOG
[2019.09.29-23.32.22:516][  0]MapCheck: Map check complete: 0 Error(s), 0 Warning(s), took 0.124ms to complete.
[2019.09.29-23.32.22:516][  0]LogFileHelpers: Loading map 'FirstPersonExampleMap' took 2.631
[2019.09.29-23.32.22:605][  0]LogSlate: Updating window title bar state: overlay mode, drag disabled, window buttons hidden, title bar hidden
[2019.09.29-23.32.22:612][  0]LogSlate: Updating window title bar state: overlay mode, drag disabled, window buttons hidden, title bar hidden
[2019.09.29-23.32.22:620][  0]LogSlate: Updating window title bar state: overlay mode, drag disabled, window buttons hidden, title bar hidden
[2019.09.29-23.32.22:627][  0]LogSlate: Updating window title bar state: overlay mode, drag disabled, window buttons hidden, title bar hidden
[2019.09.29-23.32.22:648][  0]LogCollectionManager: Loaded 0 collections in 0.002893 seconds
[2019.09.29-23.32.22:663][  0]LogFileCache: Scanning file cache for directory 'C:/Users/major/OneDrive/Documents/Unreal Projects/sultus/src/Sultus/Sultus Game Files/Saved/Collections/' took 0.00s
[2019.09.29-23.32.22:663][  0]LogFileCache: Scanning file cache for directory 'C:/Users/major/OneDrive/Documents/Unreal Projects/sultus/src/Sultus/Sultus Game Files/Content/Developers/major/Collections/' took 0.00s
[2019.09.29-23.32.22:663][  0]LogFileCache: Scanning file cache for directory 'C:/Users/major/OneDrive/Documents/Unreal Projects/sultus/src/Sultus/Sultus Game Files/Content/Collections/' took 0.00s
[2019.09.29-23.32.22:663][  0]LogCollectionManager: Rebuilt the GUID cache for 0 collections in 0.000002 seconds
[2019.09.29-23.32.22:675][  0]LogContentBrowser: Native class hierarchy populated in 0.0121 seconds. Added 2957 classes and 690 folders.
[2019.09.29-23.32.22:691][  0]LogContentBrowser: Native class hierarchy updated for 'WidgetCarousel' in 0.0007 seconds. Added 0 classes and 0 folders.
[2019.09.29-23.32.22:920][  0]LogContentBrowser: Native class hierarchy updated for 'AddContentDialog' in 0.0004 seconds. Added 0 classes and 0 folders.
[2019.09.29-23.32.22:931][  0]LogContentBrowser: Native class hierarchy updated for 'SceneOutliner' in 0.0005 seconds. Added 1 classes and 2 folders.
[2019.09.29-23.32.22:958][  0]LogSlate: Took 0.001536 seconds to synchronously load lazily loaded font '../../../Engine/Content/Slate/Fonts/Roboto-Bold.ttf' (160K)
[2019.09.29-23.32.22:965][  0]LogSlate: Took 0.001090 seconds to synchronously load lazily loaded font '../../../Engine/Content/Editor/Slate/Fonts/FontAwesome.ttf' (139K)
[2019.09.29-23.32.23:031][  0]LogRenderer: Reallocating scene render targets to support 964x436 Format 9 NumSamples 1 (Frame:1).
[2019.09.29-23.32.23:170][  0]LogContentBrowser: Native class hierarchy updated for 'HierarchicalLODOutliner' in 0.0004 seconds. Added 0 classes and 0 folders.
[2019.09.29-23.32.23:171][  0]LogLoad: (Engine Initialization) Total time: 26.71 seconds
[2019.09.29-23.32.23:171][  0]LogLoad: (Engine Initialization) Total Blueprint compile time: 0.00 seconds
[2019.09.29-23.32.23:245][  0]LogContentStreaming: Texture pool size now 600 MB
[2019.09.29-23.32.23:273][  0]LogSlate: Took 0.001396 seconds to synchronously load lazily loaded font '../../../Engine/Content/Slate/Fonts/Roboto-Light.ttf' (167K)
[2019.09.29-23.32.23:501][  5]LogAssetRegistry: Asset discovery search completed in 18.2679 seconds
[2019.09.29-23.32.23:504][  5]LogCollectionManager: Rebuilt the object cache for 0 collections in 0.000004 seconds (found 0 objects)
[2019.09.29-23.32.23:504][  5]LogCollectionManager: Fixed up redirectors for 0 collections in 0.000041 seconds (updated 0 objects)
[2019.09.29-23.32.24:208][ 46]LogSlate: Took 0.000498 seconds to synchronously load lazily loaded font '../../../Engine/Content/Slate/Fonts/Roboto-Light.ttf' (167K)
[2019.09.29-23.32.30:809][442]LogSlate: FSceneViewport::OnFocusLost() reason 0
[2019.09.29-23.32.38:264][888]LogAssetEditorManager: Opening Asset editor for Blueprint /Game/Blueprints/Character/BP_Character_Base.BP_Character_Base
[2019.09.29-23.32.38:594][888]LogContentBrowser: Native class hierarchy updated for 'BlueprintGraph' in 0.0006 seconds. Added 121 classes and 0 folders.
[2019.09.29-23.32.39:450][888]LogSlate: Took 0.001011 seconds to synchronously load lazily loaded font '../../../Engine/Content/Slate/Fonts/Roboto-BoldCondensed.ttf' (158K)
[2019.09.29-23.32.39:591][889]LogSlate: Took 0.002692 seconds to synchronously load lazily loaded font '../../../Engine/Content/Slate/Fonts/Roboto-Italic.ttf' (157K)
[2019.09.29-23.32.59:924][108]LogRenderer: Reallocating scene render targets to support 964x520 Format 9 NumSamples 1 (Frame:1).
[2019.09.29-23.33.21:387][390]LogSlate: FSceneViewport::OnFocusLost() reason 0
[2019.09.29-23.33.42:994][672]LogSlate: FSceneViewport::OnFocusLost() reason 0
[2019.09.29-23.33.43:193][684]BlueprintLog: New page: Compile BP_Character_Base
[2019.09.29-23.33.43:530][684]LogUObjectHash: Compacting FUObjectHashTables data took   3.86ms
[2019.09.29-23.33.43:750][684]LogSavePackage: Moving '../../../../../../Users/major/OneDrive/Documents/Unreal Projects/sultus/src/Sultus/Sultus Game Files/Saved/BP_Character_BaseDCC7E0C047FE355C6CCB44B37D42C5D7.tmp' to '../../../../../../Users/major/OneDrive/Documents/Unreal Projects/sultus/src/Sultus/Sultus Game Files/Content/Blueprints/Character/BP_Character_Base.uasset'
[2019.09.29-23.33.53:984][286]LogEditorTransaction: Undo Move Node
[2019.09.29-23.33.54:340][303]LogEditorTransaction: Undo Modify Component(s)
[2019.09.29-23.33.54:757][324]LogEditorTransaction: Undo Modify Component(s)
[2019.09.29-23.33.55:514][366]LogEditorTransaction: Undo Rename Component Variable
[2019.09.29-23.33.55:519][366]LogActorComponent: ~FComponentReregisterContext: (/Engine/Transient.World_3:PersistentLevel.BP_Character_Base_C_0.CollisionCylinder) Component already registered.
[2019.09.29-23.33.55:976][388]LogEditorTransaction: Undo Add Component
[2019.09.29-23.33.58:327][525]LogEditorTransaction: Undo Modify Component(s)
[2019.09.29-23.33.58:692][543]LogEditorTransaction: Undo Modify Component(s)
[2019.09.29-23.33.58:993][557]LogEditorTransaction: Undo Move Node
[2019.09.29-23.33.59:310][572]LogEditorTransaction: Undo Move Nodes
[2019.09.29-23.34.07:584][ 62]LogSlate: FSceneViewport::OnFocusLost() reason 0
[2019.09.29-23.34.17:105][630]LogSlate: FSceneViewport::OnFocusLost() reason 0
[2019.09.29-23.35.21:439][437]BlueprintLog: New page: Compile BP_Character_Base
[2019.09.29-23.35.21:735][437]LogUObjectHash: Compacting FUObjectHashTables data took   3.48ms
[2019.09.29-23.35.21:957][437]LogSavePackage: Moving '../../../../../../Users/major/OneDrive/Documents/Unreal Projects/sultus/src/Sultus/Sultus Game Files/Saved/BP_Character_BaseEEF97ADB4E1BCFBECE78FE8EE404AF05.tmp' to '../../../../../../Users/major/OneDrive/Documents/Unreal Projects/sultus/src/Sultus/Sultus Game Files/Content/Blueprints/Character/BP_Character_Base.uasset'
[2019.09.29-23.35.24:030][557]LogTemp: Repeating last play command: Selected Viewport
[2019.09.29-23.35.24:053][557]LogBlueprintUserMessages: Early PlayInEditor Detection: Level '/Game/FirstPersonCPP/Maps/FirstPersonExampleMap.FirstPersonExampleMap:PersistentLevel' has LevelScriptBlueprint '/Game/FirstPersonCPP/Maps/FirstPersonExampleMap.FirstPersonExampleMap:PersistentLevel.FirstPersonExampleMap' with GeneratedClass '/Game/FirstPersonCPP/Maps/FirstPersonExampleMap.FirstPersonExampleMap_C' with ClassGeneratedBy '/Game/FirstPersonCPP/Maps/FirstPersonExampleMap.FirstPersonExampleMap:PersistentLevel.FirstPersonExampleMap'
[2019.09.29-23.35.24:054][557]LogPlayLevel: PlayLevel: No blueprints needed recompiling
[2019.09.29-23.35.24:059][557]PIE: New page: PIE session: FirstPersonExampleMap (Sep 29, 2019, 1:35:24 PM)
[2019.09.29-23.35.24:060][557]LogOnline: OSS: Creating online subsystem instance for: NULL
[2019.09.29-23.35.24:061][557]LogPlayLevel: Creating play world package: /Game/FirstPersonCPP/Maps/UEDPIE_0_FirstPersonExampleMap
[2019.09.29-23.35.24:077][557]LogPlayLevel: PIE: StaticDuplicateObject took: (0.015854s)
[2019.09.29-23.35.24:078][557]LogAIModule: Creating AISystem for world FirstPersonExampleMap
[2019.09.29-23.35.24:078][557]LogPlayLevel: PIE: World Init took: (0.000939s)
[2019.09.29-23.35.24:078][557]LogPlayLevel: PIE: Created PIE world by copying editor world from /Game/FirstPersonCPP/Maps/FirstPersonExampleMap.FirstPersonExampleMap to /Game/FirstPersonCPP/Maps/UEDPIE_0_FirstPersonExampleMap.FirstPersonExampleMap (0.017004s)
[2019.09.29-23.35.24:142][557]LogUObjectHash: Compacting FUObjectHashTables data took   3.55ms
[2019.09.29-23.35.24:150][557]LogInit: XAudio2 using 'Speakers (Realtek(R) Audio)' : 6 channels at 48 kHz using 32 bits per sample (channel mask 0x3f)
[2019.09.29-23.35.24:159][557]LogInit: FAudioDevice initialized.
[2019.09.29-23.35.24:206][557]LogLoad: Game class is 'BP_GameMode_C'
[2019.09.29-23.35.24:213][557]LogWorld: Bringing World /Game/FirstPersonCPP/Maps/UEDPIE_0_FirstPersonExampleMap.FirstPersonExampleMap up for play (max tick rate 60) at 2019.09.29-18.35.24
[2019.09.29-23.35.24:215][557]LogWorld: Bringing up level for play took: 0.008163
[2019.09.29-23.35.24:216][557]LogOnline: OSS: Creating online subsystem instance for: :Context_8
[2019.09.29-23.35.24:230][557]LogContentBrowser: Native class hierarchy updated for 'MovieSceneCapture' in 0.0005 seconds. Added 20 classes and 0 folders.
[2019.09.29-23.35.24:243][557]PIE: Play in editor start time for /Game/FirstPersonCPP/Maps/UEDPIE_0_FirstPersonExampleMap 0.555
[2019.09.29-23.35.24:243][557]LogBlueprintUserMessages: Late PlayInEditor Detection: Level '/Game/FirstPersonCPP/Maps/FirstPersonExampleMap.FirstPersonExampleMap:PersistentLevel' has LevelScriptBlueprint '/Game/FirstPersonCPP/Maps/FirstPersonExampleMap.FirstPersonExampleMap:PersistentLevel.FirstPersonExampleMap' with GeneratedClass '/Game/FirstPersonCPP/Maps/FirstPersonExampleMap.FirstPersonExampleMap_C' with ClassGeneratedBy '/Game/FirstPersonCPP/Maps/FirstPersonExampleMap.FirstPersonExampleMap:PersistentLevel.FirstPersonExampleMap'
[2019.09.29-23.35.24:721][567]LogAbilitySystem: Warning: Found GameplayCue tag cue.burninig in asset /Game/Blueprints/Character/GameplayAbilities/FireBlast/GC_Burning but there is no corresponding tag in the GameplayTagManager.
[2019.09.29-23.35.24:721][567]LogStats: UGameplayCueManager::InitializeEditorObjectLibrary -  0.007 s
[2019.09.29-23.35.24:721][567]LogAbilitySystem: Warning: No GameplayCueNotifyPaths were specified in DefaultGame.ini under [/Script/GameplayAbilities.AbilitySystemGlobals]. Falling back to using all of /Game/. This may be slow on large projects. Consider specifying which paths are to be searched.
[2019.09.29-23.35.30:137][859]LogBlueprintUserMessages: Early EndPlayMap Detection: Level '/Game/FirstPersonCPP/Maps/FirstPersonExampleMap.FirstPersonExampleMap:PersistentLevel' has LevelScriptBlueprint '/Game/FirstPersonCPP/Maps/FirstPersonExampleMap.FirstPersonExampleMap:PersistentLevel.FirstPersonExampleMap' with GeneratedClass '/Game/FirstPersonCPP/Maps/FirstPersonExampleMap.FirstPersonExampleMap_C' with ClassGeneratedBy '/Game/FirstPersonCPP/Maps/FirstPersonExampleMap.FirstPersonExampleMap:PersistentLevel.FirstPersonExampleMap'
[2019.09.29-23.35.30:142][859]LogSlate: Updating window title bar state: overlay mode, drag disabled, window buttons hidden, title bar hidden
[2019.09.29-23.35.30:142][859]LogWorld: BeginTearingDown for /Game/FirstPersonCPP/Maps/UEDPIE_0_FirstPersonExampleMap
[2019.09.29-23.35.30:142][859]LogWorld: UWorld::CleanupWorld for FirstPersonExampleMap, bSessionEnded=true, bCleanupResources=true
[2019.09.29-23.35.30:151][859]LogPlayLevel: Display: Shutting down PIE online subsystems
[2019.09.29-23.35.30:151][859]LogBlueprintUserMessages: Late EndPlayMap Detection: Level '/Game/FirstPersonCPP/Maps/FirstPersonExampleMap.FirstPersonExampleMap:PersistentLevel' has LevelScriptBlueprint '/Game/FirstPersonCPP/Maps/FirstPersonExampleMap.FirstPersonExampleMap:PersistentLevel.FirstPersonExampleMap' with GeneratedClass '/Game/FirstPersonCPP/Maps/FirstPersonExampleMap.FirstPersonExampleMap_C' with ClassGeneratedBy '/Game/FirstPersonCPP/Maps/FirstPersonExampleMap.FirstPersonExampleMap:PersistentLevel.FirstPersonExampleMap'
[2019.09.29-23.35.30:195][859]LogSlate: Updating window title bar state: overlay mode, drag disabled, window buttons hidden, title bar hidden
[2019.09.29-23.35.30:216][859]LogUObjectHash: Compacting FUObjectHashTables data took   4.16ms
[2019.09.29-23.35.30:246][861]LogPlayLevel: Display: Destroying online subsystem :Context_8
[2019.09.29-23.35.31:887][959]LogSlate: FSceneViewport::OnFocusLost() reason 5
[2019.09.29-23.35.33:022][ 26]LogSlate: FSceneViewport::OnFocusLost() reason 5
[2019.09.29-23.35.34:602][121]LogSlate: FSceneViewport::OnFocusLost() reason 5
[2019.09.29-23.35.35:626][121]LogSlate: Only BGRA pngs, bmps or icos are supported in by External Image Picker
[2019.09.29-23.35.42:418][509]LogSlate: Window 'Project Settings' being destroyed
[2019.09.29-23.35.42:422][509]LogSlate: Window 'Project Settings' being destroyed
[2019.09.29-23.35.43:218][556]LogSlate: FSceneViewport::OnFocusLost() reason 0
[2019.09.29-23.36.10:605][176]BlueprintLog: New page: Compile BP_Character_Base
[2019.09.29-23.36.10:986][176]LogUObjectHash: Compacting FUObjectHashTables data took   5.13ms
[2019.09.29-23.36.11:213][176]LogSavePackage: Moving '../../../../../../Users/major/OneDrive/Documents/Unreal Projects/sultus/src/Sultus/Sultus Game Files/Saved/BP_Character_Base1FCD17294C9E770E80137BA181086D4C.tmp' to '../../../../../../Users/major/OneDrive/Documents/Unreal Projects/sultus/src/Sultus/Sultus Game Files/Content/Blueprints/Character/BP_Character_Base.uasset'
[2019.09.29-23.36.13:259][294]LogTemp: Repeating last play command: Selected Viewport
[2019.09.29-23.36.13:283][294]LogBlueprintUserMessages: Early PlayInEditor Detection: Level '/Game/FirstPersonCPP/Maps/FirstPersonExampleMap.FirstPersonExampleMap:PersistentLevel' has LevelScriptBlueprint '/Game/FirstPersonCPP/Maps/FirstPersonExampleMap.FirstPersonExampleMap:PersistentLevel.FirstPersonExampleMap' with GeneratedClass '/Game/FirstPersonCPP/Maps/FirstPersonExampleMap.FirstPersonExampleMap_C' with ClassGeneratedBy '/Game/FirstPersonCPP/Maps/FirstPersonExampleMap.FirstPersonExampleMap:PersistentLevel.FirstPersonExampleMap'
[2019.09.29-23.36.13:283][294]LogPlayLevel: PlayLevel: No blueprints needed recompiling
[2019.09.29-23.36.13:283][294]PIE: New page: PIE session: FirstPersonExampleMap (Sep 29, 2019, 1:36:13 PM)
[2019.09.29-23.36.13:283][294]LogPlayLevel: Creating play world package: /Game/FirstPersonCPP/Maps/UEDPIE_0_FirstPersonExampleMap
[2019.09.29-23.36.13:295][294]LogPlayLevel: PIE: StaticDuplicateObject took: (0.012134s)
[2019.09.29-23.36.13:296][294]LogAIModule: Creating AISystem for world FirstPersonExampleMap
[2019.09.29-23.36.13:296][294]LogPlayLevel: PIE: World Init took: (0.000848s)
[2019.09.29-23.36.13:296][294]LogPlayLevel: PIE: Created PIE world by copying editor world from /Game/FirstPersonCPP/Maps/FirstPersonExampleMap.FirstPersonExampleMap to /Game/FirstPersonCPP/Maps/UEDPIE_0_FirstPersonExampleMap.FirstPersonExampleMap (0.013087s)
[2019.09.29-23.36.13:335][294]LogUObjectHash: Compacting FUObjectHashTables data took   4.65ms
[2019.09.29-23.36.13:343][294]LogInit: XAudio2 using 'Speakers (Realtek(R) Audio)' : 6 channels at 48 kHz using 32 bits per sample (channel mask 0x3f)
[2019.09.29-23.36.13:351][294]LogInit: FAudioDevice initialized.
[2019.09.29-23.36.13:357][294]LogLoad: Game class is 'BP_GameMode_C'
[2019.09.29-23.36.13:364][294]LogWorld: Bringing World /Game/FirstPersonCPP/Maps/UEDPIE_0_FirstPersonExampleMap.FirstPersonExampleMap up for play (max tick rate 60) at 2019.09.29-18.36.13
[2019.09.29-23.36.13:364][294]LogWorld: Bringing up level for play took: 0.006159
[2019.09.29-23.36.13:364][294]LogOnline: OSS: Creating online subsystem instance for: :Context_9
[2019.09.29-23.36.13:374][294]PIE: Play in editor start time for /Game/FirstPersonCPP/Maps/UEDPIE_0_FirstPersonExampleMap -0.314
[2019.09.29-23.36.13:374][294]LogBlueprintUserMessages: Late PlayInEditor Detection: Level '/Game/FirstPersonCPP/Maps/FirstPersonExampleMap.FirstPersonExampleMap:PersistentLevel' has LevelScriptBlueprint '/Game/FirstPersonCPP/Maps/FirstPersonExampleMap.FirstPersonExampleMap:PersistentLevel.FirstPersonExampleMap' with GeneratedClass '/Game/FirstPersonCPP/Maps/FirstPersonExampleMap.FirstPersonExampleMap_C' with ClassGeneratedBy '/Game/FirstPersonCPP/Maps/FirstPersonExampleMap.FirstPersonExampleMap:PersistentLevel.FirstPersonExampleMap'
[2019.09.29-23.36.17:693][553]LogBlueprintUserMessages: Early EndPlayMap Detection: Level '/Game/FirstPersonCPP/Maps/FirstPersonExampleMap.FirstPersonExampleMap:PersistentLevel' has LevelScriptBlueprint '/Game/FirstPersonCPP/Maps/FirstPersonExampleMap.FirstPersonExampleMap:PersistentLevel.FirstPersonExampleMap' with GeneratedClass '/Game/FirstPersonCPP/Maps/FirstPersonExampleMap.FirstPersonExampleMap_C' with ClassGeneratedBy '/Game/FirstPersonCPP/Maps/FirstPersonExampleMap.FirstPersonExampleMap:PersistentLevel.FirstPersonExampleMap'
[2019.09.29-23.36.17:693][553]LogSlate: Updating window title bar state: overlay mode, drag disabled, window buttons hidden, title bar hidden
[2019.09.29-23.36.17:693][553]LogWorld: BeginTearingDown for /Game/FirstPersonCPP/Maps/UEDPIE_0_FirstPersonExampleMap
[2019.09.29-23.36.17:694][553]LogWorld: UWorld::CleanupWorld for FirstPersonExampleMap, bSessionEnded=true, bCleanupResources=true
[2019.09.29-23.36.17:704][553]LogPlayLevel: Display: Shutting down PIE online subsystems
[2019.09.29-23.36.17:704][553]LogBlueprintUserMessages: Late EndPlayMap Detection: Level '/Game/FirstPersonCPP/Maps/FirstPersonExampleMap.FirstPersonExampleMap:PersistentLevel' has LevelScriptBlueprint '/Game/FirstPersonCPP/Maps/FirstPersonExampleMap.FirstPersonExampleMap:PersistentLevel.FirstPersonExampleMap' with GeneratedClass '/Game/FirstPersonCPP/Maps/FirstPersonExampleMap.FirstPersonExampleMap_C' with ClassGeneratedBy '/Game/FirstPersonCPP/Maps/FirstPersonExampleMap.FirstPersonExampleMap:PersistentLevel.FirstPersonExampleMap'
[2019.09.29-23.36.17:741][553]LogSlate: Updating window title bar state: overlay mode, drag disabled, window buttons hidden, title bar hidden
[2019.09.29-23.36.17:746][553]LogUObjectHash: Compacting FUObjectHashTables data took   3.07ms
[2019.09.29-23.36.17:794][556]LogPlayLevel: Display: Destroying online subsystem :Context_9
[2019.09.29-23.36.18:862][620]LogSlate: FSceneViewport::OnFocusLost() reason 0
[2019.09.29-23.36.39:019][824]LogAssetEditorManager: Opening Asset editor for Blueprint /Game/Blueprints/Character/GameplayAbilities/GroundBlast/GA_GroundBlast.GA_GroundBlast
[2019.09.29-23.36.39:345][824]LogAssetEditorManager: Opening Asset editor for Blueprint /Game/Blueprints/Character/BP_PlayerController_Base.BP_PlayerController_Base
[2019.09.29-23.36.39:653][824]LogAssetEditorManager: Opening Asset editor for Blueprint /Game/Blueprints/Character/GameplayAbilities/GroundBlast/BP_GATargetActorGroundSelect.BP_GATargetActorGroundSelect
[2019.09.29-23.36.39:944][824]LogAssetEditorManager: Opening Asset editor for Blueprint /Game/Blueprints/Character/GameplayAbilities/BP_GameplayAbilityBase.BP_GameplayAbilityBase
[2019.09.29-23.36.40:251][824]LogAssetEditorManager: Opening Asset editor for Blueprint /Game/Blueprints/Character/GameplayAbilities/GroundBlast/GE_GroundBlast_Cost.GE_GroundBlast_Cost
[2019.09.29-23.36.43:215][980]LogSlate: Window 'GA_GroundBlast' being destroyed
[2019.09.29-23.37.01:675][ 85]LogTemp: Repeating last play command: Selected Viewport
[2019.09.29-23.37.01:708][ 85]LogBlueprintUserMessages: Early PlayInEditor Detection: Level '/Game/FirstPersonCPP/Maps/FirstPersonExampleMap.FirstPersonExampleMap:PersistentLevel' has LevelScriptBlueprint '/Game/FirstPersonCPP/Maps/FirstPersonExampleMap.FirstPersonExampleMap:PersistentLevel.FirstPersonExampleMap' with GeneratedClass '/Game/FirstPersonCPP/Maps/FirstPersonExampleMap.FirstPersonExampleMap_C' with ClassGeneratedBy '/Game/FirstPersonCPP/Maps/FirstPersonExampleMap.FirstPersonExampleMap:PersistentLevel.FirstPersonExampleMap'
[2019.09.29-23.37.01:708][ 85]LogPlayLevel: PlayLevel: No blueprints needed recompiling
[2019.09.29-23.37.01:708][ 85]PIE: New page: PIE session: FirstPersonExampleMap (Sep 29, 2019, 1:37:01 PM)
[2019.09.29-23.37.01:708][ 85]LogPlayLevel: Creating play world package: /Game/FirstPersonCPP/Maps/UEDPIE_0_FirstPersonExampleMap
[2019.09.29-23.37.01:720][ 85]LogPlayLevel: PIE: StaticDuplicateObject took: (0.011348s)
[2019.09.29-23.37.01:721][ 85]LogAIModule: Creating AISystem for world FirstPersonExampleMap
[2019.09.29-23.37.01:721][ 85]LogPlayLevel: PIE: World Init took: (0.001097s)
[2019.09.29-23.37.01:721][ 85]LogPlayLevel: PIE: Created PIE world by copying editor world from /Game/FirstPersonCPP/Maps/FirstPersonExampleMap.FirstPersonExampleMap to /Game/FirstPersonCPP/Maps/UEDPIE_0_FirstPersonExampleMap.FirstPersonExampleMap (0.012555s)
[2019.09.29-23.37.01:768][ 85]LogUObjectHash: Compacting FUObjectHashTables data took   3.85ms
[2019.09.29-23.37.01:777][ 85]LogInit: XAudio2 using 'Speakers (Realtek(R) Audio)' : 6 channels at 48 kHz using 32 bits per sample (channel mask 0x3f)
[2019.09.29-23.37.01:784][ 85]LogInit: FAudioDevice initialized.
[2019.09.29-23.37.01:792][ 85]LogLoad: Game class is 'BP_GameMode_C'
[2019.09.29-23.37.01:799][ 85]LogWorld: Bringing World /Game/FirstPersonCPP/Maps/UEDPIE_0_FirstPersonExampleMap.FirstPersonExampleMap up for play (max tick rate 60) at 2019.09.29-18.37.01
[2019.09.29-23.37.01:799][ 85]LogWorld: Bringing up level for play took: 0.006086
[2019.09.29-23.37.01:800][ 85]LogOnline: OSS: Creating online subsystem instance for: :Context_15
[2019.09.29-23.37.01:809][ 85]PIE: Play in editor start time for /Game/FirstPersonCPP/Maps/UEDPIE_0_FirstPersonExampleMap 0.122
[2019.09.29-23.37.01:809][ 85]LogBlueprintUserMessages: Late PlayInEditor Detection: Level '/Game/FirstPersonCPP/Maps/FirstPersonExampleMap.FirstPersonExampleMap:PersistentLevel' has LevelScriptBlueprint '/Game/FirstPersonCPP/Maps/FirstPersonExampleMap.FirstPersonExampleMap:PersistentLevel.FirstPersonExampleMap' with GeneratedClass '/Game/FirstPersonCPP/Maps/FirstPersonExampleMap.FirstPersonExampleMap_C' with ClassGeneratedBy '/Game/FirstPersonCPP/Maps/FirstPersonExampleMap.FirstPersonExampleMap:PersistentLevel.FirstPersonExampleMap'
[2019.09.29-23.37.03:934][212]LogBlueprintUserMessages: Early EndPlayMap Detection: Level '/Game/FirstPersonCPP/Maps/FirstPersonExampleMap.FirstPersonExampleMap:PersistentLevel' has LevelScriptBlueprint '/Game/FirstPersonCPP/Maps/FirstPersonExampleMap.FirstPersonExampleMap:PersistentLevel.FirstPersonExampleMap' with GeneratedClass '/Game/FirstPersonCPP/Maps/FirstPersonExampleMap.FirstPersonExampleMap_C' with ClassGeneratedBy '/Game/FirstPersonCPP/Maps/FirstPersonExampleMap.FirstPersonExampleMap:PersistentLevel.FirstPersonExampleMap'
[2019.09.29-23.37.03:934][212]LogSlate: Updating window title bar state: overlay mode, drag disabled, window buttons hidden, title bar hidden
[2019.09.29-23.37.03:934][212]LogWorld: BeginTearingDown for /Game/FirstPersonCPP/Maps/UEDPIE_0_FirstPersonExampleMap
[2019.09.29-23.37.03:934][212]LogWorld: UWorld::CleanupWorld for FirstPersonExampleMap, bSessionEnded=true, bCleanupResources=true
[2019.09.29-23.37.03:950][212]LogPlayLevel: Display: Shutting down PIE online subsystems
[2019.09.29-23.37.03:950][212]LogBlueprintUserMessages: Late EndPlayMap Detection: Level '/Game/FirstPersonCPP/Maps/FirstPersonExampleMap.FirstPersonExampleMap:PersistentLevel' has LevelScriptBlueprint '/Game/FirstPersonCPP/Maps/FirstPersonExampleMap.FirstPersonExampleMap:PersistentLevel.FirstPersonExampleMap' with GeneratedClass '/Game/FirstPersonCPP/Maps/FirstPersonExampleMap.FirstPersonExampleMap_C' with ClassGeneratedBy '/Game/FirstPersonCPP/Maps/FirstPersonExampleMap.FirstPersonExampleMap:PersistentLevel.FirstPersonExampleMap'
[2019.09.29-23.37.04:002][212]LogSlate: Updating window title bar state: overlay mode, drag disabled, window buttons hidden, title bar hidden
[2019.09.29-23.37.04:007][212]LogUObjectHash: Compacting FUObjectHashTables data took   3.03ms
[2019.09.29-23.37.04:037][214]LogPlayLevel: Display: Destroying online subsystem :Context_15
[2019.09.29-23.37.04:971][270]LogSlate: FSceneViewport::OnFocusLost() reason 0
[2019.09.29-23.37.34:445][ 32]BlueprintLog: New page: Compile BP_Character_Base
[2019.09.29-23.37.34:768][ 32]LogUObjectHash: Compacting FUObjectHashTables data took   3.76ms
[2019.09.29-23.37.35:026][ 32]LogSavePackage: Moving '../../../../../../Users/major/OneDrive/Documents/Unreal Projects/sultus/src/Sultus/Sultus Game Files/Saved/BP_Character_BaseBA757E6F468B975494FFDF890F64419F.tmp' to '../../../../../../Users/major/OneDrive/Documents/Unreal Projects/sultus/src/Sultus/Sultus Game Files/Content/Blueprints/Character/BP_Character_Base.uasset'
[2019.09.29-23.37.36:854][138]LogTemp: Repeating last play command: Selected Viewport
[2019.09.29-23.37.36:898][138]LogBlueprintUserMessages: Early PlayInEditor Detection: Level '/Game/FirstPersonCPP/Maps/FirstPersonExampleMap.FirstPersonExampleMap:PersistentLevel' has LevelScriptBlueprint '/Game/FirstPersonCPP/Maps/FirstPersonExampleMap.FirstPersonExampleMap:PersistentLevel.FirstPersonExampleMap' with GeneratedClass '/Game/FirstPersonCPP/Maps/FirstPersonExampleMap.FirstPersonExampleMap_C' with ClassGeneratedBy '/Game/FirstPersonCPP/Maps/FirstPersonExampleMap.FirstPersonExampleMap:PersistentLevel.FirstPersonExampleMap'
[2019.09.29-23.37.36:898][138]LogPlayLevel: PlayLevel: No blueprints needed recompiling
[2019.09.29-23.37.36:898][138]PIE: New page: PIE session: FirstPersonExampleMap (Sep 29, 2019, 1:37:36 PM)
[2019.09.29-23.37.36:898][138]LogPlayLevel: Creating play world package: /Game/FirstPersonCPP/Maps/UEDPIE_0_FirstPersonExampleMap
[2019.09.29-23.37.36:910][138]LogPlayLevel: PIE: StaticDuplicateObject took: (0.011253s)
[2019.09.29-23.37.36:910][138]LogAIModule: Creating AISystem for world FirstPersonExampleMap
[2019.09.29-23.37.36:911][138]LogPlayLevel: PIE: World Init took: (0.000867s)
[2019.09.29-23.37.36:911][138]LogPlayLevel: PIE: Created PIE world by copying editor world from /Game/FirstPersonCPP/Maps/FirstPersonExampleMap.FirstPersonExampleMap to /Game/FirstPersonCPP/Maps/UEDPIE_0_FirstPersonExampleMap.FirstPersonExampleMap (0.012230s)
[2019.09.29-23.37.36:962][138]LogUObjectHash: Compacting FUObjectHashTables data took   5.23ms
[2019.09.29-23.37.36:971][138]LogInit: XAudio2 using 'Speakers (Realtek(R) Audio)' : 6 channels at 48 kHz using 32 bits per sample (channel mask 0x3f)
[2019.09.29-23.37.36:979][138]LogInit: FAudioDevice initialized.
[2019.09.29-23.37.36:985][138]LogLoad: Game class is 'BP_GameMode_C'
[2019.09.29-23.37.36:993][138]LogWorld: Bringing World /Game/FirstPersonCPP/Maps/UEDPIE_0_FirstPersonExampleMap.FirstPersonExampleMap up for play (max tick rate 60) at 2019.09.29-18.37.36
[2019.09.29-23.37.36:993][138]LogWorld: Bringing up level for play took: 0.006899
[2019.09.29-23.37.36:993][138]LogOnline: OSS: Creating online subsystem instance for: :Context_16
[2019.09.29-23.37.37:003][138]PIE: Play in editor start time for /Game/FirstPersonCPP/Maps/UEDPIE_0_FirstPersonExampleMap -0.685
[2019.09.29-23.37.37:003][138]LogBlueprintUserMessages: Late PlayInEditor Detection: Level '/Game/FirstPersonCPP/Maps/FirstPersonExampleMap.FirstPersonExampleMap:PersistentLevel' has LevelScriptBlueprint '/Game/FirstPersonCPP/Maps/FirstPersonExampleMap.FirstPersonExampleMap:PersistentLevel.FirstPersonExampleMap' with GeneratedClass '/Game/FirstPersonCPP/Maps/FirstPersonExampleMap.FirstPersonExampleMap_C' with ClassGeneratedBy '/Game/FirstPersonCPP/Maps/FirstPersonExampleMap.FirstPersonExampleMap:PersistentLevel.FirstPersonExampleMap'
[2019.09.29-23.37.40:340][338]LogBlueprintUserMessages: Early EndPlayMap Detection: Level '/Game/FirstPersonCPP/Maps/FirstPersonExampleMap.FirstPersonExampleMap:PersistentLevel' has LevelScriptBlueprint '/Game/FirstPersonCPP/Maps/FirstPersonExampleMap.FirstPersonExampleMap:PersistentLevel.FirstPersonExampleMap' with GeneratedClass '/Game/FirstPersonCPP/Maps/FirstPersonExampleMap.FirstPersonExampleMap_C' with ClassGeneratedBy '/Game/FirstPersonCPP/Maps/FirstPersonExampleMap.FirstPersonExampleMap:PersistentLevel.FirstPersonExampleMap'
[2019.09.29-23.37.40:340][338]LogSlate: Updating window title bar state: overlay mode, drag disabled, window buttons hidden, title bar hidden
[2019.09.29-23.37.40:340][338]LogWorld: BeginTearingDown for /Game/FirstPersonCPP/Maps/UEDPIE_0_FirstPersonExampleMap
[2019.09.29-23.37.40:341][338]LogWorld: UWorld::CleanupWorld for FirstPersonExampleMap, bSessionEnded=true, bCleanupResources=true
[2019.09.29-23.37.40:350][338]LogPlayLevel: Display: Shutting down PIE online subsystems
[2019.09.29-23.37.40:350][338]LogBlueprintUserMessages: Late EndPlayMap Detection: Level '/Game/FirstPersonCPP/Maps/FirstPersonExampleMap.FirstPersonExampleMap:PersistentLevel' has LevelScriptBlueprint '/Game/FirstPersonCPP/Maps/FirstPersonExampleMap.FirstPersonExampleMap:PersistentLevel.FirstPersonExampleMap' with GeneratedClass '/Game/FirstPersonCPP/Maps/FirstPersonExampleMap.FirstPersonExampleMap_C' with ClassGeneratedBy '/Game/FirstPersonCPP/Maps/FirstPersonExampleMap.FirstPersonExampleMap:PersistentLevel.FirstPersonExampleMap'
[2019.09.29-23.37.40:392][338]LogSlate: Updating window title bar state: overlay mode, drag disabled, window buttons hidden, title bar hidden
[2019.09.29-23.37.40:396][338]LogUObjectHash: Compacting FUObjectHashTables data took   3.33ms
[2019.09.29-23.37.40:444][341]LogPlayLevel: Display: Destroying online subsystem :Context_16
